#! /usr/local/Cellar/icarus-verilog/11.0/bin/vvp
:ivl_version "11.0 (stable)";
:ivl_delay_selection "TYPICAL";
:vpi_time_precision + 0;
:vpi_module "/usr/local/Cellar/icarus-verilog/11.0/lib/ivl/system.vpi";
:vpi_module "/usr/local/Cellar/icarus-verilog/11.0/lib/ivl/vhdl_sys.vpi";
:vpi_module "/usr/local/Cellar/icarus-verilog/11.0/lib/ivl/vhdl_textio.vpi";
:vpi_module "/usr/local/Cellar/icarus-verilog/11.0/lib/ivl/v2005_math.vpi";
:vpi_module "/usr/local/Cellar/icarus-verilog/11.0/lib/ivl/va_math.vpi";
S_0x7f8404208100 .scope module, "async_fifo_tb" "async_fifo_tb" 2 2;
 .timescale 0 0;
P_0x600003f94000 .param/l "DATA_WIDTH" 1 2 5, +C4<00000000000000000000000000000100>;
P_0x600003f94040 .param/l "FIFO_AEMPTY" 1 2 8, +C4<00000000000000000000000000000001>;
P_0x600003f94080 .param/l "FIFO_AFULL" 1 2 7, +C4<000000000000000000000000000000111>;
P_0x600003f940c0 .param/l "FIFO_DEPTH" 1 2 6, +C4<00000000000000000000000000001000>;
v0x600003197690_0 .net "aempty", 0 0, v0x600003196250_0;  1 drivers
v0x600003197720_0 .net "afull", 0 0, v0x600003196370_0;  1 drivers
v0x6000031977b0_0 .net "empty", 0 0, v0x600003196490_0;  1 drivers
v0x600003197840_0 .net "full", 0 0, v0x6000031966d0_0;  1 drivers
v0x6000031978d0_0 .var "rd_clk", 0 0;
v0x600003197960_0 .net "rd_data", 3 0, v0x6000031947e0_0;  1 drivers
v0x6000031979f0_0 .var "rd_en", 0 0;
v0x600003197a80_0 .var "rd_rst_n", 0 0;
v0x600003197b10_0 .var "wr_clk", 0 0;
v0x600003197ba0_0 .var "wr_data", 3 0;
v0x600003197c30_0 .var "wr_en", 0 0;
v0x600003197cc0_0 .var "wr_rst_n", 0 0;
S_0x7f8404208270 .scope module, "async_fifo_dut" "async_fifo" 2 32, 3 2 0, S_0x7f8404208100;
 .timescale 0 0;
    .port_info 0 /INPUT 1 "wr_clk";
    .port_info 1 /INPUT 1 "wr_rst_n";
    .port_info 2 /INPUT 1 "wr_en";
    .port_info 3 /INPUT 4 "wr_data";
    .port_info 4 /INPUT 1 "rd_clk";
    .port_info 5 /INPUT 1 "rd_rst_n";
    .port_info 6 /INPUT 1 "rd_en";
    .port_info 7 /OUTPUT 4 "rd_data";
    .port_info 8 /OUTPUT 1 "full";
    .port_info 9 /OUTPUT 1 "empty";
    .port_info 10 /OUTPUT 1 "afull";
    .port_info 11 /OUTPUT 1 "aempty";
P_0x7f8404204da0 .param/l "ADDR_WIDTH" 1 3 22, +C4<00000000000000000000000000000011>;
P_0x7f8404204de0 .param/l "DATA_WIDTH" 0 3 3, +C4<00000000000000000000000000000100>;
P_0x7f8404204e20 .param/l "FIFO_AEMPTY" 0 3 6, +C4<00000000000000000000000000000001>;
P_0x7f8404204e60 .param/l "FIFO_AFULL" 0 3 5, +C4<000000000000000000000000000000111>;
P_0x7f8404204ea0 .param/l "FIFO_DEPTH" 0 3 4, +C4<00000000000000000000000000001000>;
L_0x600002897170 .functor NOT 1, v0x6000031966d0_0, C4<0>, C4<0>, C4<0>;
L_0x6000028971e0 .functor AND 1, v0x600003197c30_0, L_0x600002897170, C4<1>, C4<1>;
L_0x600002897250 .functor NOT 1, v0x600003196490_0, C4<0>, C4<0>, C4<0>;
L_0x6000028972c0 .functor AND 1, v0x6000031979f0_0, L_0x600002897250, C4<1>, C4<1>;
L_0x600002897330 .functor XOR 4, L_0x600003298c80, v0x600003197330_0, C4<0000>, C4<0000>;
L_0x6000028973a0 .functor XOR 4, L_0x600003298be0, v0x600003196be0_0, C4<0000>, C4<0000>;
L_0x6000028974f0 .functor NOT 2, L_0x600003298dc0, C4<00>, C4<00>, C4<00>;
v0x600003195830_0 .net *"_ivl_32", 0 0, L_0x600002897170;  1 drivers
v0x6000031958c0_0 .net *"_ivl_36", 0 0, L_0x600002897250;  1 drivers
v0x600003195950_0 .net *"_ivl_44", 3 0, L_0x600003298c80;  1 drivers
v0x6000031959e0_0 .net *"_ivl_46", 2 0, L_0x600003298b40;  1 drivers
L_0x7f8404063008 .functor BUFT 1, C4<0>, C4<0>, C4<0>, C4<0>;
v0x600003195a70_0 .net *"_ivl_48", 0 0, L_0x7f8404063008;  1 drivers
v0x600003195b00_0 .net *"_ivl_52", 3 0, L_0x600003298be0;  1 drivers
v0x600003195b90_0 .net *"_ivl_54", 2 0, L_0x600003298d20;  1 drivers
L_0x7f8404063050 .functor BUFT 1, C4<0>, C4<0>, C4<0>, C4<0>;
v0x600003195c20_0 .net *"_ivl_56", 0 0, L_0x7f8404063050;  1 drivers
v0x600003195cb0_0 .net *"_ivl_65", 1 0, L_0x600003298dc0;  1 drivers
v0x600003195d40_0 .net *"_ivl_66", 1 0, L_0x6000028974f0;  1 drivers
v0x600003195dd0_0 .net *"_ivl_69", 1 0, L_0x600003298e60;  1 drivers
v0x600003195e60_0 .net *"_ivl_70", 3 0, L_0x600003298f00;  1 drivers
v0x600003195ef0_0 .net *"_ivl_78", 32 0, L_0x600003299180;  1 drivers
L_0x7f8404063098 .functor BUFT 1, C4<00000000000000000000000000000>, C4<0>, C4<0>, C4<0>;
v0x600003195f80_0 .net *"_ivl_81", 28 0, L_0x7f8404063098;  1 drivers
L_0x7f84040630e0 .functor BUFT 1, C4<000000000000000000000000000000111>, C4<0>, C4<0>, C4<0>;
v0x600003196010_0 .net/2u *"_ivl_82", 32 0, L_0x7f84040630e0;  1 drivers
v0x6000031960a0_0 .net *"_ivl_88", 31 0, L_0x600003299360;  1 drivers
L_0x7f8404063128 .functor BUFT 1, C4<0000000000000000000000000000>, C4<0>, C4<0>, C4<0>;
v0x600003196130_0 .net *"_ivl_91", 27 0, L_0x7f8404063128;  1 drivers
L_0x7f8404063170 .functor BUFT 1, C4<00000000000000000000000000000001>, C4<0>, C4<0>, C4<0>;
v0x6000031961c0_0 .net/2u *"_ivl_92", 31 0, L_0x7f8404063170;  1 drivers
v0x600003196250_0 .var "aempty", 0 0;
v0x6000031962e0_0 .net "aempty_comb", 0 0, L_0x600003299400;  1 drivers
v0x600003196370_0 .var "afull", 0 0;
v0x600003196400_0 .net "afull_comb", 0 0, L_0x600003299220;  1 drivers
v0x600003196490_0 .var "empty", 0 0;
v0x600003196520_0 .net "empty_comb", 0 0, L_0x600003299040;  1 drivers
v0x6000031965b0_0 .net "fifo_used_rd", 3 0, L_0x6000032992c0;  1 drivers
v0x600003196640_0 .net "fifo_used_wr", 3 0, L_0x6000032990e0;  1 drivers
v0x6000031966d0_0 .var "full", 0 0;
v0x600003196760_0 .net "full_comb", 0 0, L_0x600003298fa0;  1 drivers
v0x6000031967f0_0 .var "rd_addr", 3 0;
v0x600003196880_0 .var "rd_addr_gray", 3 0;
v0x600003196910_0 .net "rd_addr_gray_nxt", 3 0, L_0x6000028973a0;  1 drivers
v0x6000031969a0_0 .net "rd_addr_gray_wsyn", 3 0, v0x600003196ac0_0;  1 drivers
v0x600003196a30_0 .var "rd_addr_gray_wsyn1", 3 0;
v0x600003196ac0_0 .var "rd_addr_gray_wsyn2", 3 0;
v0x600003196b50_0 .net "rd_addr_gray_wsyn_bin", 3 0, L_0x600003298320;  1 drivers
v0x600003196be0_0 .var "rd_addr_nxt", 3 0;
v0x600003196c70_0 .net "rd_clk", 0 0, v0x6000031978d0_0;  1 drivers
v0x600003196d00_0 .net "rd_data", 3 0, v0x6000031947e0_0;  alias, 1 drivers
v0x600003196d90_0 .net "rd_en", 0 0, v0x6000031979f0_0;  1 drivers
v0x600003196e20_0 .net "rd_rst_n", 0 0, v0x600003197a80_0;  1 drivers
v0x600003196eb0_0 .net "rd_vld", 0 0, L_0x6000028972c0;  1 drivers
v0x600003196f40_0 .var "wr_addr", 3 0;
v0x600003196fd0_0 .var "wr_addr_gray", 3 0;
v0x600003197060_0 .net "wr_addr_gray_nxt", 3 0, L_0x600002897330;  1 drivers
v0x6000031970f0_0 .net "wr_addr_gray_rsyn", 3 0, v0x600003197210_0;  1 drivers
v0x600003197180_0 .var "wr_addr_gray_rsyn1", 3 0;
v0x600003197210_0 .var "wr_addr_gray_rsyn2", 3 0;
v0x6000031972a0_0 .net "wr_addr_gray_rsyn_bin", 3 0, L_0x600003298820;  1 drivers
v0x600003197330_0 .var "wr_addr_nxt", 3 0;
v0x6000031973c0_0 .net "wr_clk", 0 0, v0x600003197b10_0;  1 drivers
v0x600003197450_0 .net "wr_data", 3 0, v0x600003197ba0_0;  1 drivers
v0x6000031974e0_0 .net "wr_en", 0 0, v0x600003197c30_0;  1 drivers
v0x600003197570_0 .net "wr_rst_n", 0 0, v0x600003197cc0_0;  1 drivers
v0x600003197600_0 .net "wr_vld", 0 0, L_0x6000028971e0;  1 drivers
E_0x600000d84810/0 .event edge, v0x600003194990_0;
E_0x600000d84810/1 .event posedge, v0x600003194870_0;
E_0x600000d84810 .event/or E_0x600000d84810/0, E_0x600000d84810/1;
E_0x600000d847e0 .event edge, v0x600003194900_0, v0x6000031967f0_0;
E_0x600000d848a0 .event edge, v0x600003194bd0_0, v0x600003196f40_0;
L_0x600003298000 .part v0x600003196ac0_0, 3, 1;
L_0x6000032980a0 .part v0x600003196ac0_0, 2, 1;
L_0x600003298140 .part v0x600003196ac0_0, 3, 1;
L_0x6000032981e0 .part v0x600003196ac0_0, 1, 1;
L_0x600003298280 .part v0x600003196ac0_0, 2, 1;
L_0x600003298320 .concat8 [ 1 1 1 1], L_0x600002896fb0, L_0x600002896f40, L_0x600002896ed0, L_0x600003298000;
L_0x6000032983c0 .part v0x600003196ac0_0, 0, 1;
L_0x600003298460 .part v0x600003196ac0_0, 1, 1;
L_0x600003298500 .part v0x600003197210_0, 3, 1;
L_0x6000032985a0 .part v0x600003197210_0, 2, 1;
L_0x600003298640 .part v0x600003197210_0, 3, 1;
L_0x6000032986e0 .part v0x600003197210_0, 1, 1;
L_0x600003298780 .part v0x600003197210_0, 2, 1;
L_0x600003298820 .concat8 [ 1 1 1 1], L_0x600002897090, L_0x600002897100, L_0x600002897020, L_0x600003298500;
L_0x6000032988c0 .part v0x600003197210_0, 0, 1;
L_0x600003298960 .part v0x600003197210_0, 1, 1;
L_0x600003298a00 .part v0x600003196f40_0, 0, 3;
L_0x600003298aa0 .part v0x6000031967f0_0, 0, 3;
L_0x600003298b40 .part v0x600003197330_0, 1, 3;
L_0x600003298c80 .concat [ 3 1 0 0], L_0x600003298b40, L_0x7f8404063008;
L_0x600003298d20 .part v0x600003196be0_0, 1, 3;
L_0x600003298be0 .concat [ 3 1 0 0], L_0x600003298d20, L_0x7f8404063050;
L_0x600003298dc0 .part v0x600003196ac0_0, 2, 2;
L_0x600003298e60 .part v0x600003196ac0_0, 0, 2;
L_0x600003298f00 .concat [ 2 2 0 0], L_0x600003298e60, L_0x6000028974f0;
L_0x600003298fa0 .cmp/eq 4, L_0x600002897330, L_0x600003298f00;
L_0x600003299040 .cmp/eq 4, L_0x6000028973a0, v0x600003197210_0;
L_0x6000032990e0 .arith/sub 4, v0x600003197330_0, L_0x600003298320;
L_0x600003299180 .concat [ 4 29 0 0], L_0x6000032990e0, L_0x7f8404063098;
L_0x600003299220 .cmp/ge 33, L_0x600003299180, L_0x7f84040630e0;
L_0x6000032992c0 .arith/sub 4, L_0x600003298820, v0x600003196be0_0;
L_0x600003299360 .concat [ 4 28 0 0], L_0x6000032992c0, L_0x7f8404063128;
L_0x600003299400 .cmp/ge 32, L_0x7f8404063170, L_0x600003299360;
S_0x7f840420b720 .scope module, "dualport_ram_inst" "dualport_ram_async" 3 61, 4 1 0, S_0x7f8404208270;
 .timescale 0 0;
    .port_info 0 /INPUT 1 "wr_clk";
    .port_info 1 /INPUT 1 "wr_rst_n";
    .port_info 2 /INPUT 1 "wr_en";
    .port_info 3 /INPUT 3 "wr_addr";
    .port_info 4 /INPUT 4 "wr_data";
    .port_info 5 /INPUT 1 "rd_clk";
    .port_info 6 /INPUT 1 "rd_rst_n";
    .port_info 7 /INPUT 1 "rd_en";
    .port_info 8 /INPUT 3 "rd_addr";
    .port_info 9 /OUTPUT 4 "rd_data";
P_0x600003696940 .param/l "ADDR_WIDTH" 0 4 3, +C4<00000000000000000000000000000011>;
P_0x600003696980 .param/l "DATA_WIDTH" 0 4 2, +C4<00000000000000000000000000000100>;
P_0x6000036969c0 .param/l "RAM_DEPTH" 1 4 17, +C4<00000000000000000000000000000001000>;
v0x6000031946c0_0 .var/i "II", 31 0;
v0x600003194510 .array "mem", 0 7, 3 0;
v0x6000031945a0_0 .net "rd_addr", 2 0, L_0x600003298aa0;  1 drivers
v0x600003194870_0 .net "rd_clk", 0 0, v0x6000031978d0_0;  alias, 1 drivers
v0x6000031947e0_0 .var "rd_data", 3 0;
v0x600003194900_0 .net "rd_en", 0 0, L_0x6000028972c0;  alias, 1 drivers
v0x600003194990_0 .net "rd_rst_n", 0 0, v0x600003197a80_0;  alias, 1 drivers
v0x600003194a20_0 .net "wr_addr", 2 0, L_0x600003298a00;  1 drivers
v0x600003194ab0_0 .net "wr_clk", 0 0, v0x600003197b10_0;  alias, 1 drivers
v0x600003194b40_0 .net "wr_data", 3 0, v0x600003197ba0_0;  alias, 1 drivers
v0x600003194bd0_0 .net "wr_en", 0 0, L_0x6000028971e0;  alias, 1 drivers
v0x600003194c60_0 .net "wr_rst_n", 0 0, v0x600003197cc0_0;  alias, 1 drivers
E_0x600000d84960/0 .event negedge, v0x600003194990_0;
E_0x600000d84960/1 .event posedge, v0x600003194870_0;
E_0x600000d84960 .event/or E_0x600000d84960/0, E_0x600000d84960/1;
E_0x600000d84990/0 .event negedge, v0x600003194c60_0;
E_0x600000d84990/1 .event posedge, v0x600003194ab0_0;
E_0x600000d84990 .event/or E_0x600000d84990/0, E_0x600000d84990/1;
S_0x7f840420b890 .scope generate, "genblk1[0]" "genblk1[0]" 3 166, 3 166 0, S_0x7f8404208270;
 .timescale 0 0;
P_0x60000169d500 .param/l "i" 0 3 166, +C4<00>;
S_0x7f840420ba00 .scope generate, "genblk3" "genblk3" 3 168, 3 168 0, S_0x7f840420b890;
 .timescale 0 0;
L_0x600002896fb0 .functor XOR 1, L_0x6000032983c0, L_0x600003298460, C4<0>, C4<0>;
v0x600003194cf0_0 .net *"_ivl_0", 0 0, L_0x6000032983c0;  1 drivers
v0x600003194d80_0 .net *"_ivl_1", 0 0, L_0x600003298460;  1 drivers
v0x600003194e10_0 .net *"_ivl_2", 0 0, L_0x600002896fb0;  1 drivers
S_0x7f840420bb70 .scope generate, "genblk1[1]" "genblk1[1]" 3 166, 3 166 0, S_0x7f8404208270;
 .timescale 0 0;
P_0x60000169d580 .param/l "i" 0 3 166, +C4<01>;
S_0x7f840420bce0 .scope generate, "genblk3" "genblk3" 3 168, 3 168 0, S_0x7f840420bb70;
 .timescale 0 0;
L_0x600002896f40 .functor XOR 1, L_0x6000032981e0, L_0x600003298280, C4<0>, C4<0>;
v0x600003194ea0_0 .net *"_ivl_0", 0 0, L_0x6000032981e0;  1 drivers
v0x600003194f30_0 .net *"_ivl_1", 0 0, L_0x600003298280;  1 drivers
v0x600003194fc0_0 .net *"_ivl_2", 0 0, L_0x600002896f40;  1 drivers
S_0x7f840420be50 .scope generate, "genblk1[2]" "genblk1[2]" 3 166, 3 166 0, S_0x7f8404208270;
 .timescale 0 0;
P_0x60000169d600 .param/l "i" 0 3 166, +C4<010>;
S_0x7f840420bfc0 .scope generate, "genblk3" "genblk3" 3 168, 3 168 0, S_0x7f840420be50;
 .timescale 0 0;
L_0x600002896ed0 .functor XOR 1, L_0x6000032980a0, L_0x600003298140, C4<0>, C4<0>;
v0x600003195050_0 .net *"_ivl_0", 0 0, L_0x6000032980a0;  1 drivers
v0x6000031950e0_0 .net *"_ivl_1", 0 0, L_0x600003298140;  1 drivers
v0x600003195170_0 .net *"_ivl_2", 0 0, L_0x600002896ed0;  1 drivers
S_0x7f840420c130 .scope generate, "genblk1[3]" "genblk1[3]" 3 166, 3 166 0, S_0x7f8404208270;
 .timescale 0 0;
P_0x60000169d6c0 .param/l "i" 0 3 166, +C4<011>;
S_0x7f840420c2a0 .scope generate, "genblk2" "genblk2" 3 168, 3 168 0, S_0x7f840420c130;
 .timescale 0 0;
v0x600003195200_0 .net *"_ivl_0", 0 0, L_0x600003298000;  1 drivers
S_0x7f840420c410 .scope generate, "genblk4[0]" "genblk4[0]" 3 190, 3 190 0, S_0x7f8404208270;
 .timescale 0 0;
P_0x60000169d740 .param/l "j" 0 3 190, +C4<00>;
S_0x7f840420c580 .scope generate, "genblk6" "genblk6" 3 191, 3 191 0, S_0x7f840420c410;
 .timescale 0 0;
L_0x600002897090 .functor XOR 1, L_0x6000032988c0, L_0x600003298960, C4<0>, C4<0>;
v0x600003195290_0 .net *"_ivl_0", 0 0, L_0x6000032988c0;  1 drivers
v0x600003195320_0 .net *"_ivl_1", 0 0, L_0x600003298960;  1 drivers
v0x6000031953b0_0 .net *"_ivl_2", 0 0, L_0x600002897090;  1 drivers
S_0x7f840420c6f0 .scope generate, "genblk4[1]" "genblk4[1]" 3 190, 3 190 0, S_0x7f8404208270;
 .timescale 0 0;
P_0x60000169d7c0 .param/l "j" 0 3 190, +C4<01>;
S_0x7f840420c860 .scope generate, "genblk6" "genblk6" 3 191, 3 191 0, S_0x7f840420c6f0;
 .timescale 0 0;
L_0x600002897100 .functor XOR 1, L_0x6000032986e0, L_0x600003298780, C4<0>, C4<0>;
v0x600003195440_0 .net *"_ivl_0", 0 0, L_0x6000032986e0;  1 drivers
v0x6000031954d0_0 .net *"_ivl_1", 0 0, L_0x600003298780;  1 drivers
v0x600003195560_0 .net *"_ivl_2", 0 0, L_0x600002897100;  1 drivers
S_0x7f840420c9d0 .scope generate, "genblk4[2]" "genblk4[2]" 3 190, 3 190 0, S_0x7f8404208270;
 .timescale 0 0;
P_0x60000169d840 .param/l "j" 0 3 190, +C4<010>;
S_0x7f840420cb40 .scope generate, "genblk6" "genblk6" 3 191, 3 191 0, S_0x7f840420c9d0;
 .timescale 0 0;
L_0x600002897020 .functor XOR 1, L_0x6000032985a0, L_0x600003298640, C4<0>, C4<0>;
v0x6000031955f0_0 .net *"_ivl_0", 0 0, L_0x6000032985a0;  1 drivers
v0x600003195680_0 .net *"_ivl_1", 0 0, L_0x600003298640;  1 drivers
v0x600003195710_0 .net *"_ivl_2", 0 0, L_0x600002897020;  1 drivers
S_0x7f840420ccb0 .scope generate, "genblk4[3]" "genblk4[3]" 3 190, 3 190 0, S_0x7f8404208270;
 .timescale 0 0;
P_0x60000169d680 .param/l "j" 0 3 190, +C4<011>;
S_0x7f840420ce20 .scope generate, "genblk5" "genblk5" 3 191, 3 191 0, S_0x7f840420ccb0;
 .timescale 0 0;
v0x6000031957a0_0 .net *"_ivl_0", 0 0, L_0x600003298500;  1 drivers
S_0x7f840420d190 .scope task, "rd_task" "rd_task" 2 146, 2 146 0, S_0x7f8404208100;
 .timescale 0 0;
E_0x600000d849c0 .event posedge, v0x600003194870_0;
TD_async_fifo_tb.rd_task ;
    %wait E_0x600000d849c0;
    %pushi/vec4 1, 0, 1;
    %assign/vec4 v0x6000031979f0_0, 0;
    %wait E_0x600000d849c0;
    %pushi/vec4 1, 0, 1;
    %assign/vec4 v0x6000031979f0_0, 0;
    %wait E_0x600000d849c0;
    %pushi/vec4 1, 0, 1;
    %assign/vec4 v0x6000031979f0_0, 0;
    %wait E_0x600000d849c0;
    %pushi/vec4 1, 0, 1;
    %assign/vec4 v0x6000031979f0_0, 0;
    %wait E_0x600000d849c0;
    %pushi/vec4 1, 0, 1;
    %assign/vec4 v0x6000031979f0_0, 0;
    %wait E_0x600000d849c0;
    %pushi/vec4 0, 0, 1;
    %assign/vec4 v0x6000031979f0_0, 0;
    %wait E_0x600000d849c0;
    %pushi/vec4 1, 0, 1;
    %assign/vec4 v0x6000031979f0_0, 0;
    %wait E_0x600000d849c0;
    %pushi/vec4 0, 0, 1;
    %assign/vec4 v0x6000031979f0_0, 0;
    %wait E_0x600000d849c0;
    %pushi/vec4 1, 0, 1;
    %assign/vec4 v0x6000031979f0_0, 0;
    %wait E_0x600000d849c0;
    %pushi/vec4 1, 0, 1;
    %assign/vec4 v0x6000031979f0_0, 0;
    %wait E_0x600000d849c0;
    %pushi/vec4 1, 0, 1;
    %assign/vec4 v0x6000031979f0_0, 0;
    %wait E_0x600000d849c0;
    %pushi/vec4 1, 0, 1;
    %assign/vec4 v0x6000031979f0_0, 0;
    %wait E_0x600000d849c0;
    %pushi/vec4 1, 0, 1;
    %assign/vec4 v0x6000031979f0_0, 0;
    %wait E_0x600000d849c0;
    %pushi/vec4 0, 0, 1;
    %assign/vec4 v0x6000031979f0_0, 0;
    %end;
S_0x7f840420d300 .scope task, "wr_task" "wr_task" 2 64, 2 64 0, S_0x7f8404208100;
 .timescale 0 0;
E_0x600000d849f0 .event posedge, v0x600003194ab0_0;
TD_async_fifo_tb.wr_task ;
    %wait E_0x600000d849f0;
    %pushi/vec4 1, 0, 1;
    %assign/vec4 v0x600003197c30_0, 0;
    %pushi/vec4 10, 0, 4;
    %assign/vec4 v0x600003197ba0_0, 0;
    %wait E_0x600000d849f0;
    %pushi/vec4 1, 0, 1;
    %assign/vec4 v0x600003197c30_0, 0;
    %pushi/vec4 11, 0, 4;
    %assign/vec4 v0x600003197ba0_0, 0;
    %wait E_0x600000d849f0;
    %pushi/vec4 1, 0, 1;
    %assign/vec4 v0x600003197c30_0, 0;
    %pushi/vec4 12, 0, 4;
    %assign/vec4 v0x600003197ba0_0, 0;
    %wait E_0x600000d849f0;
    %pushi/vec4 1, 0, 1;
    %assign/vec4 v0x600003197c30_0, 0;
    %pushi/vec4 13, 0, 4;
    %assign/vec4 v0x600003197ba0_0, 0;
    %wait E_0x600000d849f0;
    %pushi/vec4 1, 0, 1;
    %assign/vec4 v0x600003197c30_0, 0;
    %pushi/vec4 14, 0, 4;
    %assign/vec4 v0x600003197ba0_0, 0;
    %wait E_0x600000d849f0;
    %pushi/vec4 1, 0, 1;
    %assign/vec4 v0x600003197c30_0, 0;
    %pushi/vec4 15, 0, 4;
    %assign/vec4 v0x600003197ba0_0, 0;
    %wait E_0x600000d849f0;
    %pushi/vec4 0, 0, 1;
    %assign/vec4 v0x600003197c30_0, 0;
    %wait E_0x600000d849f0;
    %pushi/vec4 1, 0, 1;
    %assign/vec4 v0x600003197c30_0, 0;
    %pushi/vec4 15, 0, 4;
    %assign/vec4 v0x600003197ba0_0, 0;
    %wait E_0x600000d849f0;
    %pushi/vec4 1, 0, 1;
    %assign/vec4 v0x600003197c30_0, 0;
    %pushi/vec4 15, 0, 4;
    %assign/vec4 v0x600003197ba0_0, 0;
    %wait E_0x600000d849f0;
    %pushi/vec4 1, 0, 1;
    %assign/vec4 v0x600003197c30_0, 0;
    %pushi/vec4 15, 0, 4;
    %assign/vec4 v0x600003197ba0_0, 0;
    %wait E_0x600000d849f0;
    %pushi/vec4 1, 0, 1;
    %assign/vec4 v0x600003197c30_0, 0;
    %pushi/vec4 15, 0, 4;
    %assign/vec4 v0x600003197ba0_0, 0;
    %wait E_0x600000d849f0;
    %pushi/vec4 1, 0, 1;
    %assign/vec4 v0x600003197c30_0, 0;
    %pushi/vec4 15, 0, 4;
    %assign/vec4 v0x600003197ba0_0, 0;
    %wait E_0x600000d849f0;
    %pushi/vec4 1, 0, 1;
    %assign/vec4 v0x600003197c30_0, 0;
    %pushi/vec4 15, 0, 4;
    %assign/vec4 v0x600003197ba0_0, 0;
    %wait E_0x600000d849f0;
    %pushi/vec4 1, 0, 1;
    %assign/vec4 v0x600003197c30_0, 0;
    %pushi/vec4 10, 0, 4;
    %assign/vec4 v0x600003197ba0_0, 0;
    %wait E_0x600000d849f0;
    %pushi/vec4 1, 0, 1;
    %assign/vec4 v0x600003197c30_0, 0;
    %pushi/vec4 11, 0, 4;
    %assign/vec4 v0x600003197ba0_0, 0;
    %wait E_0x600000d849f0;
    %pushi/vec4 0, 0, 1;
    %assign/vec4 v0x600003197c30_0, 0;
    %end;
    .scope S_0x7f840420b720;
T_2 ;
    %wait E_0x600000d84990;
    %load/vec4 v0x600003194c60_0;
    %nor/r;
    %flag_set/vec4 8;
    %jmp/0xz  T_2.0, 8;
    %pushi/vec4 0, 0, 32;
    %store/vec4 v0x6000031946c0_0, 0, 32;
T_2.2 ;
    %load/vec4 v0x6000031946c0_0;
    %pad/s 35;
    %cmpi/s 8, 0, 35;
    %jmp/0xz T_2.3, 5;
    %pushi/vec4 0, 0, 4;
    %ix/getv/s 3, v0x6000031946c0_0;
    %ix/load 4, 0, 0; Constant delay
    %assign/vec4/a/d v0x600003194510, 0, 4;
    %load/vec4 v0x6000031946c0_0;
    %addi 1, 0, 32;
    %store/vec4 v0x6000031946c0_0, 0, 32;
    %jmp T_2.2;
T_2.3 ;
    %jmp T_2.1;
T_2.0 ;
    %load/vec4 v0x600003194bd0_0;
    %flag_set/vec4 8;
    %jmp/0xz  T_2.4, 8;
    %load/vec4 v0x600003194b40_0;
    %load/vec4 v0x600003194a20_0;
    %pad/u 5;
    %ix/vec4 3;
    %ix/load 4, 0, 0; Constant delay
    %assign/vec4/a/d v0x600003194510, 0, 4;
T_2.4 ;
T_2.1 ;
    %jmp T_2;
    .thread T_2;
    .scope S_0x7f840420b720;
T_3 ;
    %wait E_0x600000d84960;
    %load/vec4 v0x600003194990_0;
    %nor/r;
    %flag_set/vec4 8;
    %jmp/0xz  T_3.0, 8;
    %pushi/vec4 0, 0, 4;
    %assign/vec4 v0x6000031947e0_0, 0;
    %jmp T_3.1;
T_3.0 ;
    %load/vec4 v0x600003194900_0;
    %flag_set/vec4 8;
    %jmp/0xz  T_3.2, 8;
    %load/vec4 v0x6000031945a0_0;
    %pad/u 5;
    %ix/vec4 4;
    %load/vec4a v0x600003194510, 4;
    %store/vec4 v0x6000031947e0_0, 0, 4;
T_3.2 ;
T_3.1 ;
    %jmp T_3;
    .thread T_3;
    .scope S_0x7f8404208270;
T_4 ;
    %wait E_0x600000d848a0;
    %load/vec4 v0x600003197600_0;
    %flag_set/vec4 8;
    %jmp/0xz  T_4.0, 8;
    %load/vec4 v0x600003196f40_0;
    %addi 1, 0, 4;
    %store/vec4 v0x600003197330_0, 0, 4;
    %jmp T_4.1;
T_4.0 ;
    %load/vec4 v0x600003196f40_0;
    %store/vec4 v0x600003197330_0, 0, 4;
T_4.1 ;
    %jmp T_4;
    .thread T_4, $push;
    .scope S_0x7f8404208270;
T_5 ;
    %wait E_0x600000d84990;
    %load/vec4 v0x600003197570_0;
    %nor/r;
    %flag_set/vec4 8;
    %jmp/0xz  T_5.0, 8;
    %pushi/vec4 0, 0, 4;
    %assign/vec4 v0x600003196f40_0, 0;
    %jmp T_5.1;
T_5.0 ;
    %load/vec4 v0x600003197330_0;
    %assign/vec4 v0x600003196f40_0, 0;
T_5.1 ;
    %jmp T_5;
    .thread T_5;
    .scope S_0x7f8404208270;
T_6 ;
    %wait E_0x600000d847e0;
    %load/vec4 v0x600003196eb0_0;
    %flag_set/vec4 8;
    %jmp/0xz  T_6.0, 8;
    %load/vec4 v0x6000031967f0_0;
    %addi 1, 0, 4;
    %store/vec4 v0x600003196be0_0, 0, 4;
    %jmp T_6.1;
T_6.0 ;
    %load/vec4 v0x6000031967f0_0;
    %store/vec4 v0x600003196be0_0, 0, 4;
T_6.1 ;
    %jmp T_6;
    .thread T_6, $push;
    .scope S_0x7f8404208270;
T_7 ;
    %wait E_0x600000d84960;
    %load/vec4 v0x600003196e20_0;
    %nor/r;
    %flag_set/vec4 8;
    %jmp/0xz  T_7.0, 8;
    %pushi/vec4 0, 0, 4;
    %assign/vec4 v0x6000031967f0_0, 0;
    %jmp T_7.1;
T_7.0 ;
    %load/vec4 v0x600003196be0_0;
    %assign/vec4 v0x6000031967f0_0, 0;
T_7.1 ;
    %jmp T_7;
    .thread T_7;
    .scope S_0x7f8404208270;
T_8 ;
    %wait E_0x600000d84990;
    %load/vec4 v0x600003197570_0;
    %nor/r;
    %flag_set/vec4 8;
    %jmp/0xz  T_8.0, 8;
    %pushi/vec4 0, 0, 4;
    %assign/vec4 v0x600003196fd0_0, 0;
    %jmp T_8.1;
T_8.0 ;
    %load/vec4 v0x600003197060_0;
    %assign/vec4 v0x600003196fd0_0, 0;
T_8.1 ;
    %jmp T_8;
    .thread T_8;
    .scope S_0x7f8404208270;
T_9 ;
    %wait E_0x600000d84960;
    %load/vec4 v0x600003196e20_0;
    %nor/r;
    %flag_set/vec4 8;
    %jmp/0xz  T_9.0, 8;
    %pushi/vec4 0, 0, 4;
    %assign/vec4 v0x600003196880_0, 0;
    %jmp T_9.1;
T_9.0 ;
    %load/vec4 v0x600003196910_0;
    %assign/vec4 v0x600003196880_0, 0;
T_9.1 ;
    %jmp T_9;
    .thread T_9;
    .scope S_0x7f8404208270;
T_10 ;
    %wait E_0x600000d84990;
    %load/vec4 v0x600003197570_0;
    %nor/r;
    %flag_set/vec4 8;
    %jmp/0xz  T_10.0, 8;
    %pushi/vec4 0, 0, 4;
    %assign/vec4 v0x600003196a30_0, 0;
    %pushi/vec4 0, 0, 4;
    %assign/vec4 v0x600003196ac0_0, 0;
    %jmp T_10.1;
T_10.0 ;
    %load/vec4 v0x600003196880_0;
    %assign/vec4 v0x600003196a30_0, 0;
    %load/vec4 v0x600003196a30_0;
    %assign/vec4 v0x600003196ac0_0, 0;
T_10.1 ;
    %jmp T_10;
    .thread T_10;
    .scope S_0x7f8404208270;
T_11 ;
    %wait E_0x600000d84960;
    %load/vec4 v0x600003197570_0;
    %nor/r;
    %flag_set/vec4 8;
    %jmp/0xz  T_11.0, 8;
    %pushi/vec4 0, 0, 4;
    %assign/vec4 v0x600003197180_0, 0;
    %pushi/vec4 0, 0, 4;
    %assign/vec4 v0x600003197210_0, 0;
    %jmp T_11.1;
T_11.0 ;
    %load/vec4 v0x600003196fd0_0;
    %assign/vec4 v0x600003197180_0, 0;
    %load/vec4 v0x600003197180_0;
    %assign/vec4 v0x600003197210_0, 0;
T_11.1 ;
    %jmp T_11;
    .thread T_11;
    .scope S_0x7f8404208270;
T_12 ;
    %wait E_0x600000d84990;
    %load/vec4 v0x600003197570_0;
    %nor/r;
    %flag_set/vec4 8;
    %jmp/0xz  T_12.0, 8;
    %pushi/vec4 0, 0, 1;
    %assign/vec4 v0x6000031966d0_0, 0;
    %jmp T_12.1;
T_12.0 ;
    %load/vec4 v0x600003196760_0;
    %assign/vec4 v0x6000031966d0_0, 0;
T_12.1 ;
    %jmp T_12;
    .thread T_12;
    .scope S_0x7f8404208270;
T_13 ;
    %wait E_0x600000d84810;
    %load/vec4 v0x600003196e20_0;
    %nor/r;
    %flag_set/vec4 8;
    %jmp/0xz  T_13.0, 8;
    %pushi/vec4 0, 0, 1;
    %assign/vec4 v0x600003196490_0, 0;
    %jmp T_13.1;
T_13.0 ;
    %load/vec4 v0x600003196520_0;
    %assign/vec4 v0x600003196490_0, 0;
T_13.1 ;
    %jmp T_13;
    .thread T_13;
    .scope S_0x7f8404208270;
T_14 ;
    %wait E_0x600000d84990;
    %load/vec4 v0x600003197570_0;
    %nor/r;
    %flag_set/vec4 8;
    %jmp/0xz  T_14.0, 8;
    %pushi/vec4 0, 0, 1;
    %assign/vec4 v0x600003196370_0, 0;
    %jmp T_14.1;
T_14.0 ;
    %load/vec4 v0x600003196400_0;
    %assign/vec4 v0x600003196370_0, 0;
T_14.1 ;
    %jmp T_14;
    .thread T_14;
    .scope S_0x7f8404208270;
T_15 ;
    %wait E_0x600000d84960;
    %load/vec4 v0x600003196e20_0;
    %nor/r;
    %flag_set/vec4 8;
    %jmp/0xz  T_15.0, 8;
    %pushi/vec4 0, 0, 1;
    %assign/vec4 v0x600003196250_0, 0;
    %jmp T_15.1;
T_15.0 ;
    %load/vec4 v0x6000031962e0_0;
    %assign/vec4 v0x600003196250_0, 0;
T_15.1 ;
    %jmp T_15;
    .thread T_15;
    .scope S_0x7f8404208100;
T_16 ;
    %pushi/vec4 0, 0, 1;
    %store/vec4 v0x600003197b10_0, 0, 1;
    %pushi/vec4 0, 0, 1;
    %store/vec4 v0x600003197cc0_0, 0, 1;
    %pushi/vec4 0, 0, 1;
    %store/vec4 v0x600003197c30_0, 0, 1;
    %pushi/vec4 0, 0, 1;
    %store/vec4 v0x6000031978d0_0, 0, 1;
    %pushi/vec4 0, 0, 1;
    %store/vec4 v0x600003197a80_0, 0, 1;
    %pushi/vec4 0, 0, 1;
    %store/vec4 v0x6000031979f0_0, 0, 1;
    %end;
    .thread T_16;
    .scope S_0x7f8404208100;
T_17 ;
    %pushi/vec4 0, 0, 1;
    %store/vec4 v0x600003197cc0_0, 0, 1;
    %pushi/vec4 0, 0, 1;
    %store/vec4 v0x600003197a80_0, 0, 1;
    %delay 50, 0;
    %pushi/vec4 1, 0, 1;
    %store/vec4 v0x600003197cc0_0, 0, 1;
    %pushi/vec4 1, 0, 1;
    %store/vec4 v0x600003197a80_0, 0, 1;
    %end;
    .thread T_17;
    .scope S_0x7f8404208100;
T_18 ;
    %delay 100, 0;
    %fork TD_async_fifo_tb.wr_task, S_0x7f840420d300;
    %join;
    %delay 100, 0;
    %fork TD_async_fifo_tb.rd_task, S_0x7f840420d190;
    %join;
    %delay 1000, 0;
    %vpi_call 2 62 "$finish" {0 0 0};
    %end;
    .thread T_18;
    .scope S_0x7f8404208100;
T_19 ;
    %delay 5, 0;
    %load/vec4 v0x600003197b10_0;
    %nor/r;
    %store/vec4 v0x600003197b10_0, 0, 1;
    %jmp T_19;
    .thread T_19;
    .scope S_0x7f8404208100;
T_20 ;
    %delay 20, 0;
    %load/vec4 v0x6000031978d0_0;
    %nor/r;
    %store/vec4 v0x6000031978d0_0, 0, 1;
    %jmp T_20;
    .thread T_20;
    .scope S_0x7f8404208100;
T_21 ;
    %vpi_call 2 188 "$dumpfile", "wave.vcd" {0 0 0};
    %vpi_call 2 189 "$dumpvars" {0 0 0};
    %end;
    .thread T_21;
# The file index is used to find the file name in the following table.
:file_names 5;
    "N/A";
    "<interactive>";
    "async_fifo_tb.v";
    "./async_fifo.v";
    "./dualport_ram_async.v";
