#! /usr/local/Cellar/icarus-verilog/11.0/bin/vvp
:ivl_version "11.0 (stable)";
:ivl_delay_selection "TYPICAL";
:vpi_time_precision + 0;
:vpi_module "/usr/local/Cellar/icarus-verilog/11.0/lib/ivl/system.vpi";
:vpi_module "/usr/local/Cellar/icarus-verilog/11.0/lib/ivl/vhdl_sys.vpi";
:vpi_module "/usr/local/Cellar/icarus-verilog/11.0/lib/ivl/vhdl_textio.vpi";
:vpi_module "/usr/local/Cellar/icarus-verilog/11.0/lib/ivl/v2005_math.vpi";
:vpi_module "/usr/local/Cellar/icarus-verilog/11.0/lib/ivl/va_math.vpi";
S_0x7fe890204080 .scope module, "dualport_ram_async" "dualport_ram_async" 2 1;
 .timescale 0 0;
    .port_info 0 /INPUT 1 "wr_clk";
    .port_info 1 /INPUT 1 "wr_rst_n";
    .port_info 2 /INPUT 1 "wr_en";
    .port_info 3 /INPUT 4 "wr_addr";
    .port_info 4 /INPUT 8 "wr_data";
    .port_info 5 /INPUT 1 "rd_clk";
    .port_info 6 /INPUT 1 "rd_rst_n";
    .port_info 7 /INPUT 1 "rd_en";
    .port_info 8 /INPUT 4 "rd_addr";
    .port_info 9 /OUTPUT 8 "rd_data";
P_0x6000018b8000 .param/l "ADDR_WIDTH" 0 2 3, +C4<00000000000000000000000000000100>;
P_0x6000018b8040 .param/l "DATA_WIDTH" 0 2 2, +C4<00000000000000000000000000001000>;
P_0x6000018b8080 .param/l "RAM_DEPTH" 1 2 17, +C4<000000000000000000000000000000010000>;
v0x600001fb8000_0 .var/i "II", 31 0;
v0x600001fbc000 .array "mem", 0 15, 7 0;
o0x7fe890032038 .functor BUFZ 4, C4<zzzz>; HiZ drive
v0x600001fbc090_0 .net "rd_addr", 3 0, o0x7fe890032038;  0 drivers
o0x7fe890032068 .functor BUFZ 1, C4<z>; HiZ drive
v0x600001fbc120_0 .net "rd_clk", 0 0, o0x7fe890032068;  0 drivers
v0x600001fbc1b0_0 .var "rd_data", 7 0;
o0x7fe8900320c8 .functor BUFZ 1, C4<z>; HiZ drive
v0x600001fbc240_0 .net "rd_en", 0 0, o0x7fe8900320c8;  0 drivers
o0x7fe8900320f8 .functor BUFZ 1, C4<z>; HiZ drive
v0x600001fbc2d0_0 .net "rd_rst_n", 0 0, o0x7fe8900320f8;  0 drivers
o0x7fe890032128 .functor BUFZ 4, C4<zzzz>; HiZ drive
v0x600001fbc360_0 .net "wr_addr", 3 0, o0x7fe890032128;  0 drivers
o0x7fe890032158 .functor BUFZ 1, C4<z>; HiZ drive
v0x600001fbc3f0_0 .net "wr_clk", 0 0, o0x7fe890032158;  0 drivers
o0x7fe890032188 .functor BUFZ 8, C4<zzzzzzzz>; HiZ drive
v0x600001fbc480_0 .net "wr_data", 7 0, o0x7fe890032188;  0 drivers
o0x7fe8900321b8 .functor BUFZ 1, C4<z>; HiZ drive
v0x600001fbc510_0 .net "wr_en", 0 0, o0x7fe8900321b8;  0 drivers
o0x7fe8900321e8 .functor BUFZ 1, C4<z>; HiZ drive
v0x600001fbc5a0_0 .net "wr_rst_n", 0 0, o0x7fe8900321e8;  0 drivers
E_0x6000023bc030/0 .event negedge, v0x600001fbc2d0_0;
E_0x6000023bc030/1 .event posedge, v0x600001fbc120_0;
E_0x6000023bc030 .event/or E_0x6000023bc030/0, E_0x6000023bc030/1;
E_0x6000023bc060/0 .event negedge, v0x600001fbc5a0_0;
E_0x6000023bc060/1 .event posedge, v0x600001fbc3f0_0;
E_0x6000023bc060 .event/or E_0x6000023bc060/0, E_0x6000023bc060/1;
    .scope S_0x7fe890204080;
T_0 ;
    %wait E_0x6000023bc060;
    %load/vec4 v0x600001fbc5a0_0;
    %nor/r;
    %flag_set/vec4 8;
    %jmp/0xz  T_0.0, 8;
    %pushi/vec4 0, 0, 32;
    %store/vec4 v0x600001fb8000_0, 0, 32;
T_0.2 ;
    %load/vec4 v0x600001fb8000_0;
    %pad/s 36;
    %cmpi/s 16, 0, 36;
    %jmp/0xz T_0.3, 5;
    %pushi/vec4 0, 0, 8;
    %ix/getv/s 3, v0x600001fb8000_0;
    %ix/load 4, 0, 0; Constant delay
    %assign/vec4/a/d v0x600001fbc000, 0, 4;
    %load/vec4 v0x600001fb8000_0;
    %addi 1, 0, 32;
    %store/vec4 v0x600001fb8000_0, 0, 32;
    %jmp T_0.2;
T_0.3 ;
    %jmp T_0.1;
T_0.0 ;
    %load/vec4 v0x600001fbc510_0;
    %flag_set/vec4 8;
    %jmp/0xz  T_0.4, 8;
    %load/vec4 v0x600001fbc480_0;
    %load/vec4 v0x600001fbc360_0;
    %pad/u 6;
    %ix/vec4 3;
    %ix/load 4, 0, 0; Constant delay
    %assign/vec4/a/d v0x600001fbc000, 0, 4;
T_0.4 ;
T_0.1 ;
    %jmp T_0;
    .thread T_0;
    .scope S_0x7fe890204080;
T_1 ;
    %wait E_0x6000023bc030;
    %load/vec4 v0x600001fbc2d0_0;
    %nor/r;
    %flag_set/vec4 8;
    %jmp/0xz  T_1.0, 8;
    %pushi/vec4 0, 0, 8;
    %assign/vec4 v0x600001fbc1b0_0, 0;
    %jmp T_1.1;
T_1.0 ;
    %load/vec4 v0x600001fbc240_0;
    %flag_set/vec4 8;
    %jmp/0xz  T_1.2, 8;
    %load/vec4 v0x600001fbc090_0;
    %pad/u 6;
    %ix/vec4 4;
    %load/vec4a v0x600001fbc000, 4;
    %store/vec4 v0x600001fbc1b0_0, 0, 8;
T_1.2 ;
T_1.1 ;
    %jmp T_1;
    .thread T_1;
# The file index is used to find the file name in the following table.
:file_names 3;
    "N/A";
    "<interactive>";
    "dualport_ram_async.v";
