#! /usr/local/Cellar/icarus-verilog/11.0/bin/vvp
:ivl_version "11.0 (stable)";
:ivl_delay_selection "TYPICAL";
:vpi_time_precision - 12;
:vpi_module "/usr/local/Cellar/icarus-verilog/11.0/lib/ivl/system.vpi";
:vpi_module "/usr/local/Cellar/icarus-verilog/11.0/lib/ivl/vhdl_sys.vpi";
:vpi_module "/usr/local/Cellar/icarus-verilog/11.0/lib/ivl/vhdl_textio.vpi";
:vpi_module "/usr/local/Cellar/icarus-verilog/11.0/lib/ivl/v2005_math.vpi";
:vpi_module "/usr/local/Cellar/icarus-verilog/11.0/lib/ivl/va_math.vpi";
S_0x7fded7c042a0 .scope module, "test" "test" 2 3;
 .timescale -9 -12;
v0x600002c6c480_0 .var "clk", 0 0;
v0x600002c6c510_0 .var "din", 0 0;
v0x600002c6c5a0_0 .net "pulse", 0 0, L_0x600003568070;  1 drivers
v0x600002c6c630_0 .var "rstn", 0 0;
S_0x7fded7c04410 .scope module, "redge" "Redge" 2 20, 3 1 0, S_0x7fded7c042a0;
 .timescale -9 -12;
    .port_info 0 /INPUT 1 "rstn";
    .port_info 1 /INPUT 1 "clk";
    .port_info 2 /INPUT 1 "din";
    .port_info 3 /OUTPUT 1 "pulse";
L_0x600003568070 .functor AND 1, v0x600002c6c510_0, L_0x600002f6c140, C4<1>, C4<1>;
v0x600002c6c120_0 .net *"_ivl_1", 0 0, L_0x600002f6c140;  1 drivers
v0x600002c6c1b0_0 .net "clk", 0 0, v0x600002c6c480_0;  1 drivers
v0x600002c6c240_0 .net "din", 0 0, v0x600002c6c510_0;  1 drivers
v0x600002c6c2d0_0 .var "din_dly", 0 0;
v0x600002c6c360_0 .net "pulse", 0 0, L_0x600003568070;  alias, 1 drivers
v0x600002c6c3f0_0 .net "rstn", 0 0, v0x600002c6c630_0;  1 drivers
E_0x60000107c150/0 .event negedge, v0x600002c6c3f0_0;
E_0x60000107c150/1 .event posedge, v0x600002c6c1b0_0;
E_0x60000107c150 .event/or E_0x60000107c150/0, E_0x60000107c150/1;
L_0x600002f6c140 .reduce/nor v0x600002c6c2d0_0;
    .scope S_0x7fded7c04410;
T_0 ;
    %wait E_0x60000107c150;
    %load/vec4 v0x600002c6c3f0_0;
    %nor/r;
    %flag_set/vec4 8;
    %jmp/0xz  T_0.0, 8;
    %pushi/vec4 0, 0, 1;
    %assign/vec4 v0x600002c6c2d0_0, 0;
    %jmp T_0.1;
T_0.0 ;
    %load/vec4 v0x600002c6c240_0;
    %assign/vec4 v0x600002c6c2d0_0, 0;
T_0.1 ;
    %jmp T_0;
    .thread T_0;
    .scope S_0x7fded7c042a0;
T_1 ;
    %pushi/vec4 0, 0, 1;
    %store/vec4 v0x600002c6c480_0, 0, 1;
    %end;
    .thread T_1;
    .scope S_0x7fded7c042a0;
T_2 ;
    %delay 5000, 0;
    %load/vec4 v0x600002c6c480_0;
    %inv;
    %store/vec4 v0x600002c6c480_0, 0, 1;
    %jmp T_2;
    .thread T_2;
    .scope S_0x7fded7c042a0;
T_3 ;
    %pushi/vec4 0, 0, 1;
    %store/vec4 v0x600002c6c630_0, 0, 1;
    %pushi/vec4 0, 0, 1;
    %store/vec4 v0x600002c6c510_0, 0, 1;
    %delay 5000, 0;
    %pushi/vec4 1, 0, 1;
    %store/vec4 v0x600002c6c630_0, 0, 1;
    %delay 11000, 0;
    %pushi/vec4 1, 0, 1;
    %store/vec4 v0x600002c6c510_0, 0, 1;
    %delay 19000, 0;
    %pushi/vec4 0, 0, 1;
    %store/vec4 v0x600002c6c510_0, 0, 1;
    %delay 50000, 0;
    %pushi/vec4 1, 0, 1;
    %store/vec4 v0x600002c6c510_0, 0, 1;
    %delay 10000, 0;
    %pushi/vec4 0, 0, 1;
    %store/vec4 v0x600002c6c630_0, 0, 1;
    %delay 10000, 0;
    %pushi/vec4 1, 0, 1;
    %store/vec4 v0x600002c6c630_0, 0, 1;
    %delay 20000, 0;
    %pushi/vec4 0, 0, 1;
    %store/vec4 v0x600002c6c510_0, 0, 1;
    %end;
    .thread T_3;
    .scope S_0x7fded7c042a0;
T_4 ;
    %vpi_call 2 24 "$dumpfile", "wave.vcd" {0 0 0};
    %vpi_call 2 25 "$dumpvars", 32'sb00000000000000000000000000000000, S_0x7fded7c042a0 {0 0 0};
    %delay 1000000, 0;
    %vpi_call 2 26 "$finish" {0 0 0};
    %end;
    .thread T_4;
# The file index is used to find the file name in the following table.
:file_names 4;
    "N/A";
    "<interactive>";
    "tb.v";
    "./Rising.v";
