#! /usr/local/Cellar/icarus-verilog/11.0/bin/vvp
:ivl_version "11.0 (stable)";
:ivl_delay_selection "TYPICAL";
:vpi_time_precision + 0;
:vpi_module "/usr/local/Cellar/icarus-verilog/11.0/lib/ivl/system.vpi";
:vpi_module "/usr/local/Cellar/icarus-verilog/11.0/lib/ivl/vhdl_sys.vpi";
:vpi_module "/usr/local/Cellar/icarus-verilog/11.0/lib/ivl/vhdl_textio.vpi";
:vpi_module "/usr/local/Cellar/icarus-verilog/11.0/lib/ivl/v2005_math.vpi";
:vpi_module "/usr/local/Cellar/icarus-verilog/11.0/lib/ivl/va_math.vpi";
S_0x7f78e4204080 .scope module, "SPI" "SPI" 2 1;
 .timescale 0 0;
    .port_info 0 /INPUT 1 "clk";
    .port_info 1 /INPUT 1 "rst_n";
    .port_info 2 /INPUT 12 "cmd_in";
    .port_info 3 /OUTPUT 1 "cmd_rdy";
    .port_info 4 /INPUT 1 "cmd_vld";
    .port_info 5 /OUTPUT 1 "sclk";
    .port_info 6 /OUTPUT 1 "cs";
    .port_info 7 /OUTPUT 1 "mosi";
    .port_info 8 /INPUT 1 "miso";
    .port_info 9 /OUTPUT 1 "read_vld";
    .port_info 10 /OUTPUT 8 "read_data";
P_0x7f78e4204260 .param/l "CMD_WIDTH" 0 2 2, +C4<00000000000000000000000000001100>;
P_0x7f78e42042a0 .param/l "IDLE" 1 2 31, C4<0000>;
P_0x7f78e42042e0 .param/l "JUDGE" 1 2 33, C4<0010>;
P_0x7f78e4204320 .param/l "READ_WIDTH" 0 2 3, +C4<00000000000000000000000000001000>;
P_0x7f78e4204360 .param/l "RR_DATA" 1 2 40, C4<1001>;
P_0x7f78e42043a0 .param/l "R_DELAY" 1 2 39, C4<1000>;
P_0x7f78e42043e0 .param/l "R_FINISH" 1 2 41, C4<1010>;
P_0x7f78e4204420 .param/l "R_START" 1 2 37, C4<0110>;
P_0x7f78e4204460 .param/l "START" 1 2 32, C4<0001>;
P_0x7f78e42044a0 .param/l "WR_DATA" 1 2 38, C4<0111>;
P_0x7f78e42044e0 .param/l "W_DATA" 1 2 35, C4<0100>;
P_0x7f78e4204520 .param/l "W_FINISH" 1 2 36, C4<0101>;
P_0x7f78e4204560 .param/l "W_START" 1 2 34, C4<0011>;
o0x7f78e4032248 .functor BUFZ 1, C4<z>; HiZ drive
L_0x600000bbc000 .functor BUFZ 1, o0x7f78e4032248, C4<0>, C4<0>, C4<0>;
L_0x600000bbc070 .functor NOT 1, v0x6000012b85a0_0, C4<0>, C4<0>, C4<0>;
L_0x600000bbc0e0 .functor AND 1, L_0x6000011b8000, L_0x600000bbc070, C4<1>, C4<1>;
L_0x600000bbc150 .functor NOT 1, L_0x6000011b8140, C4<0>, C4<0>, C4<0>;
L_0x600000bbc1c0 .functor NOT 1, v0x6000012b85a0_0, C4<0>, C4<0>, C4<0>;
L_0x600000bbc230 .functor AND 1, L_0x600000bbc150, L_0x600000bbc1c0, C4<1>, C4<1>;
v0x6000012b4000_0 .net *"_ivl_13", 0 0, L_0x6000011b8140;  1 drivers
v0x6000012b8000_0 .net *"_ivl_14", 0 0, L_0x600000bbc150;  1 drivers
v0x6000012b8090_0 .net *"_ivl_16", 0 0, L_0x600000bbc1c0;  1 drivers
L_0x7f78e4063050 .functor BUFT 1, C4<1000>, C4<0>, C4<0>, C4<0>;
v0x6000012b8120_0 .net/2u *"_ivl_20", 3 0, L_0x7f78e4063050;  1 drivers
v0x6000012b81b0_0 .net *"_ivl_3", 0 0, L_0x6000011b8000;  1 drivers
v0x6000012b8240_0 .net *"_ivl_4", 0 0, L_0x600000bbc070;  1 drivers
L_0x7f78e4063008 .functor BUFT 1, C4<1100>, C4<0>, C4<0>, C4<0>;
v0x6000012b82d0_0 .net/2u *"_ivl_8", 3 0, L_0x7f78e4063008;  1 drivers
v0x6000012b8360_0 .var "buff", 11 0;
o0x7f78e4032188 .functor BUFZ 1, C4<z>; HiZ drive
v0x6000012b83f0_0 .net "clk", 0 0, o0x7f78e4032188;  0 drivers
v0x6000012b8480_0 .var "clk_cnt", 3 0;
o0x7f78e40321e8 .functor BUFZ 12, C4<zzzzzzzzzzzz>; HiZ drive
v0x6000012b8510_0 .net "cmd_in", 11 0, o0x7f78e40321e8;  0 drivers
v0x6000012b85a0_0 .var "cmd_rdy", 0 0;
v0x6000012b8630_0 .net "cmd_vld", 0 0, o0x7f78e4032248;  0 drivers
v0x6000012b86c0_0 .var "cs", 0 0;
v0x6000012b8750_0 .var "data_buf", 7 0;
v0x6000012b87e0_0 .var "dly_cnt", 7 0;
v0x6000012b8870_0 .var "fsm_cs", 3 0;
v0x6000012b8900_0 .var "fsm_ns", 3 0;
o0x7f78e4032368 .functor BUFZ 1, C4<z>; HiZ drive
v0x6000012b8990_0 .net "miso", 0 0, o0x7f78e4032368;  0 drivers
v0x6000012b8a20_0 .var "mosi", 0 0;
v0x6000012b8ab0_0 .var "r_cnt", 3 0;
v0x6000012b8b40_0 .net "r_start_down", 0 0, L_0x6000011b81e0;  1 drivers
v0x6000012b8bd0_0 .net "r_start_en", 0 0, L_0x600000bbc230;  1 drivers
v0x6000012b8c60_0 .var "rbuff", 3 0;
v0x6000012b8cf0_0 .var "read_data", 7 0;
v0x6000012b8d80_0 .var "read_vld", 0 0;
o0x7f78e40324e8 .functor BUFZ 1, C4<z>; HiZ drive
v0x6000012b8e10_0 .net "rst_n", 0 0, o0x7f78e40324e8;  0 drivers
v0x6000012b8ea0_0 .var "sclk", 0 0;
v0x6000012b8f30_0 .var "w_cnt", 3 0;
v0x6000012b8fc0_0 .net "w_start_down", 0 0, L_0x6000011b80a0;  1 drivers
v0x6000012b9050_0 .net "w_start_en", 0 0, L_0x600000bbc0e0;  1 drivers
v0x6000012b90e0_0 .net "work_en", 0 0, L_0x600000bbc000;  1 drivers
E_0x600002eb4210/0 .event negedge, v0x6000012b8e10_0;
E_0x600002eb4210/1 .event posedge, v0x6000012b83f0_0;
E_0x600002eb4210 .event/or E_0x600002eb4210/0, E_0x600002eb4210/1;
E_0x600002eb41b0/0 .event edge, v0x6000012b8900_0, v0x6000012b90e0_0, v0x6000012b8630_0, v0x6000012b8360_0;
E_0x600002eb41b0/1 .event edge, v0x6000012b9050_0, v0x6000012b8f30_0, v0x6000012b8480_0, v0x6000012b8fc0_0;
E_0x600002eb41b0/2 .event edge, v0x6000012b8bd0_0, v0x6000012b8ab0_0, v0x6000012b87e0_0, v0x6000012b8b40_0;
E_0x600002eb41b0 .event/or E_0x600002eb41b0/0, E_0x600002eb41b0/1, E_0x600002eb41b0/2;
L_0x6000011b8000 .part v0x6000012b8360_0, 11, 1;
L_0x6000011b80a0 .cmp/eq 4, v0x6000012b8f30_0, L_0x7f78e4063008;
L_0x6000011b8140 .part v0x6000012b8360_0, 11, 1;
L_0x6000011b81e0 .cmp/eq 4, v0x6000012b8f30_0, L_0x7f78e4063050;
    .scope S_0x7f78e4204080;
T_0 ;
    %wait E_0x600002eb4210;
    %load/vec4 v0x6000012b8e10_0;
    %nor/r;
    %flag_set/vec4 8;
    %jmp/0xz  T_0.0, 8;
    %pushi/vec4 0, 0, 4;
    %assign/vec4 v0x6000012b8870_0, 0;
    %jmp T_0.1;
T_0.0 ;
    %load/vec4 v0x6000012b8900_0;
    %assign/vec4 v0x6000012b8870_0, 0;
T_0.1 ;
    %jmp T_0;
    .thread T_0;
    .scope S_0x7f78e4204080;
T_1 ;
    %wait E_0x600002eb41b0;
    %load/vec4 v0x6000012b8900_0;
    %dup/vec4;
    %pushi/vec4 0, 0, 4;
    %cmp/u;
    %jmp/1 T_1.0, 6;
    %dup/vec4;
    %pushi/vec4 1, 0, 4;
    %cmp/u;
    %jmp/1 T_1.1, 6;
    %dup/vec4;
    %pushi/vec4 2, 0, 4;
    %cmp/u;
    %jmp/1 T_1.2, 6;
    %dup/vec4;
    %pushi/vec4 3, 0, 4;
    %cmp/u;
    %jmp/1 T_1.3, 6;
    %dup/vec4;
    %pushi/vec4 4, 0, 4;
    %cmp/u;
    %jmp/1 T_1.4, 6;
    %dup/vec4;
    %pushi/vec4 5, 0, 4;
    %cmp/u;
    %jmp/1 T_1.5, 6;
    %dup/vec4;
    %pushi/vec4 6, 0, 4;
    %cmp/u;
    %jmp/1 T_1.6, 6;
    %dup/vec4;
    %pushi/vec4 7, 0, 4;
    %cmp/u;
    %jmp/1 T_1.7, 6;
    %dup/vec4;
    %pushi/vec4 8, 0, 4;
    %cmp/u;
    %jmp/1 T_1.8, 6;
    %dup/vec4;
    %pushi/vec4 9, 0, 4;
    %cmp/u;
    %jmp/1 T_1.9, 6;
    %dup/vec4;
    %pushi/vec4 10, 0, 4;
    %cmp/u;
    %jmp/1 T_1.10, 6;
    %pushi/vec4 0, 0, 4;
    %store/vec4 v0x6000012b8900_0, 0, 4;
    %jmp T_1.12;
T_1.0 ;
    %load/vec4 v0x6000012b90e0_0;
    %flag_set/vec4 8;
    %jmp/0xz  T_1.13, 8;
    %pushi/vec4 1, 0, 4;
    %store/vec4 v0x6000012b8900_0, 0, 4;
    %jmp T_1.14;
T_1.13 ;
    %pushi/vec4 0, 0, 4;
    %store/vec4 v0x6000012b8900_0, 0, 4;
T_1.14 ;
    %jmp T_1.12;
T_1.1 ;
    %load/vec4 v0x6000012b8630_0;
    %flag_set/vec4 8;
    %jmp/0xz  T_1.15, 8;
    %pushi/vec4 2, 0, 4;
    %store/vec4 v0x6000012b8900_0, 0, 4;
    %jmp T_1.16;
T_1.15 ;
    %pushi/vec4 1, 0, 4;
    %store/vec4 v0x6000012b8900_0, 0, 4;
T_1.16 ;
    %jmp T_1.12;
T_1.2 ;
    %load/vec4 v0x6000012b8360_0;
    %parti/s 1, 11, 5;
    %pad/u 32;
    %pushi/vec4 1, 0, 32;
    %cmp/e;
    %flag_get/vec4 4;
    %load/vec4 v0x6000012b8630_0;
    %and;
    %flag_set/vec4 8;
    %jmp/0xz  T_1.17, 8;
    %pushi/vec4 3, 0, 4;
    %store/vec4 v0x6000012b8900_0, 0, 4;
    %jmp T_1.18;
T_1.17 ;
    %load/vec4 v0x6000012b8360_0;
    %parti/s 1, 11, 5;
    %pad/u 32;
    %cmpi/e 0, 0, 32;
    %jmp/0xz  T_1.19, 4;
    %pushi/vec4 6, 0, 4;
    %store/vec4 v0x6000012b8900_0, 0, 4;
    %jmp T_1.20;
T_1.19 ;
    %pushi/vec4 2, 0, 4;
    %store/vec4 v0x6000012b8900_0, 0, 4;
T_1.20 ;
T_1.18 ;
    %jmp T_1.12;
T_1.3 ;
    %load/vec4 v0x6000012b9050_0;
    %flag_set/vec4 8;
    %jmp/0xz  T_1.21, 8;
    %pushi/vec4 4, 0, 4;
    %store/vec4 v0x6000012b8900_0, 0, 4;
    %jmp T_1.22;
T_1.21 ;
    %pushi/vec4 3, 0, 4;
    %store/vec4 v0x6000012b8900_0, 0, 4;
T_1.22 ;
    %jmp T_1.12;
T_1.4 ;
    %load/vec4 v0x6000012b8f30_0;
    %pushi/vec4 12, 0, 4;
    %cmp/e;
    %flag_get/vec4 4;
    %load/vec4 v0x6000012b8480_0;
    %pushi/vec4 10, 0, 4;
    %cmp/e;
    %flag_get/vec4 4;
    %and;
    %flag_set/vec4 8;
    %jmp/0xz  T_1.23, 8;
    %pushi/vec4 5, 0, 4;
    %store/vec4 v0x6000012b8900_0, 0, 4;
    %jmp T_1.24;
T_1.23 ;
    %pushi/vec4 4, 0, 4;
    %store/vec4 v0x6000012b8900_0, 0, 4;
T_1.24 ;
    %jmp T_1.12;
T_1.5 ;
    %load/vec4 v0x6000012b8fc0_0;
    %flag_set/vec4 8;
    %jmp/0xz  T_1.25, 8;
    %pushi/vec4 0, 0, 4;
    %store/vec4 v0x6000012b8900_0, 0, 4;
    %jmp T_1.26;
T_1.25 ;
    %pushi/vec4 5, 0, 4;
    %store/vec4 v0x6000012b8900_0, 0, 4;
T_1.26 ;
    %jmp T_1.12;
T_1.6 ;
    %load/vec4 v0x6000012b8bd0_0;
    %flag_set/vec4 8;
    %jmp/0xz  T_1.27, 8;
    %pushi/vec4 7, 0, 4;
    %store/vec4 v0x6000012b8900_0, 0, 4;
    %jmp T_1.28;
T_1.27 ;
    %pushi/vec4 6, 0, 4;
    %store/vec4 v0x6000012b8900_0, 0, 4;
T_1.28 ;
    %jmp T_1.12;
T_1.7 ;
    %load/vec4 v0x6000012b8ab0_0;
    %cmpi/e 4, 0, 4;
    %jmp/0xz  T_1.29, 4;
    %pushi/vec4 8, 0, 4;
    %store/vec4 v0x6000012b8900_0, 0, 4;
    %jmp T_1.30;
T_1.29 ;
    %pushi/vec4 7, 0, 4;
    %store/vec4 v0x6000012b8900_0, 0, 4;
T_1.30 ;
    %jmp T_1.12;
T_1.8 ;
    %load/vec4 v0x6000012b87e0_0;
    %cmpi/e 100, 0, 8;
    %jmp/0xz  T_1.31, 4;
    %pushi/vec4 9, 0, 4;
    %store/vec4 v0x6000012b8900_0, 0, 4;
    %jmp T_1.32;
T_1.31 ;
    %pushi/vec4 8, 0, 4;
    %store/vec4 v0x6000012b8900_0, 0, 4;
T_1.32 ;
    %jmp T_1.12;
T_1.9 ;
    %load/vec4 v0x6000012b8ab0_0;
    %cmpi/e 8, 0, 4;
    %jmp/0xz  T_1.33, 4;
    %pushi/vec4 10, 0, 4;
    %store/vec4 v0x6000012b8900_0, 0, 4;
    %jmp T_1.34;
T_1.33 ;
    %pushi/vec4 9, 0, 4;
    %store/vec4 v0x6000012b8900_0, 0, 4;
T_1.34 ;
    %jmp T_1.12;
T_1.10 ;
    %load/vec4 v0x6000012b8b40_0;
    %flag_set/vec4 8;
    %jmp/0xz  T_1.35, 8;
    %pushi/vec4 0, 0, 4;
    %store/vec4 v0x6000012b8900_0, 0, 4;
    %jmp T_1.36;
T_1.35 ;
    %pushi/vec4 10, 0, 4;
    %store/vec4 v0x6000012b8900_0, 0, 4;
T_1.36 ;
    %jmp T_1.12;
T_1.12 ;
    %pop/vec4 1;
    %jmp T_1;
    .thread T_1, $push;
    .scope S_0x7f78e4204080;
T_2 ;
    %wait E_0x600002eb4210;
    %load/vec4 v0x6000012b8870_0;
    %dup/vec4;
    %pushi/vec4 0, 0, 4;
    %cmp/u;
    %jmp/1 T_2.0, 6;
    %dup/vec4;
    %pushi/vec4 1, 0, 4;
    %cmp/u;
    %jmp/1 T_2.1, 6;
    %dup/vec4;
    %pushi/vec4 2, 0, 4;
    %cmp/u;
    %jmp/1 T_2.2, 6;
    %dup/vec4;
    %pushi/vec4 3, 0, 4;
    %cmp/u;
    %jmp/1 T_2.3, 6;
    %dup/vec4;
    %pushi/vec4 4, 0, 4;
    %cmp/u;
    %jmp/1 T_2.4, 6;
    %dup/vec4;
    %pushi/vec4 5, 0, 4;
    %cmp/u;
    %jmp/1 T_2.5, 6;
    %dup/vec4;
    %pushi/vec4 6, 0, 4;
    %cmp/u;
    %jmp/1 T_2.6, 6;
    %dup/vec4;
    %pushi/vec4 7, 0, 4;
    %cmp/u;
    %jmp/1 T_2.7, 6;
    %dup/vec4;
    %pushi/vec4 8, 0, 4;
    %cmp/u;
    %jmp/1 T_2.8, 6;
    %dup/vec4;
    %pushi/vec4 9, 0, 4;
    %cmp/u;
    %jmp/1 T_2.9, 6;
    %dup/vec4;
    %pushi/vec4 10, 0, 4;
    %cmp/u;
    %jmp/1 T_2.10, 6;
    %jmp T_2.11;
T_2.0 ;
    %pushi/vec4 0, 0, 4;
    %assign/vec4 v0x6000012b8f30_0, 0;
    %pushi/vec4 0, 0, 4;
    %assign/vec4 v0x6000012b8ab0_0, 0;
    %pushi/vec4 0, 0, 12;
    %assign/vec4 v0x6000012b8360_0, 0;
    %pushi/vec4 0, 0, 4;
    %assign/vec4 v0x6000012b8480_0, 0;
    %pushi/vec4 0, 0, 8;
    %assign/vec4 v0x6000012b87e0_0, 0;
    %pushi/vec4 0, 0, 8;
    %assign/vec4 v0x6000012b8750_0, 0;
    %pushi/vec4 0, 0, 4;
    %assign/vec4 v0x6000012b8c60_0, 0;
    %pushi/vec4 1, 0, 1;
    %assign/vec4 v0x6000012b85a0_0, 0;
    %pushi/vec4 0, 0, 1;
    %assign/vec4 v0x6000012b8ea0_0, 0;
    %pushi/vec4 1, 0, 1;
    %assign/vec4 v0x6000012b86c0_0, 0;
    %pushi/vec4 0, 0, 1;
    %assign/vec4 v0x6000012b8a20_0, 0;
    %pushi/vec4 0, 0, 1;
    %assign/vec4 v0x6000012b8d80_0, 0;
    %pushi/vec4 0, 0, 8;
    %assign/vec4 v0x6000012b8cf0_0, 0;
    %jmp T_2.11;
T_2.1 ;
    %load/vec4 v0x6000012b8510_0;
    %assign/vec4 v0x6000012b8360_0, 0;
    %jmp T_2.11;
T_2.2 ;
    %pushi/vec4 0, 0, 1;
    %assign/vec4 v0x6000012b85a0_0, 0;
    %jmp T_2.11;
T_2.3 ;
    %jmp T_2.11;
T_2.4 ;
    %pushi/vec4 0, 0, 1;
    %assign/vec4 v0x6000012b86c0_0, 0;
    %load/vec4 v0x6000012b8360_0;
    %load/vec4 v0x6000012b8f30_0;
    %part/u 1;
    %assign/vec4 v0x6000012b8a20_0, 0;
    %load/vec4 v0x6000012b8480_0;
    %cmpi/e 10, 0, 4;
    %jmp/0xz  T_2.12, 4;
    %pushi/vec4 1, 0, 4;
    %assign/vec4 v0x6000012b8480_0, 0;
    %load/vec4 v0x6000012b8ea0_0;
    %inv;
    %assign/vec4 v0x6000012b8ea0_0, 0;
    %jmp T_2.13;
T_2.12 ;
    %load/vec4 v0x6000012b8480_0;
    %cmpi/e 5, 0, 4;
    %jmp/0xz  T_2.14, 4;
    %load/vec4 v0x6000012b8ea0_0;
    %inv;
    %assign/vec4 v0x6000012b8ea0_0, 0;
    %load/vec4 v0x6000012b8480_0;
    %addi 1, 0, 4;
    %assign/vec4 v0x6000012b8480_0, 0;
    %jmp T_2.15;
T_2.14 ;
    %load/vec4 v0x6000012b8480_0;
    %cmpi/e 9, 0, 4;
    %jmp/0xz  T_2.16, 4;
    %load/vec4 v0x6000012b8f30_0;
    %addi 1, 0, 4;
    %assign/vec4 v0x6000012b8f30_0, 0;
    %load/vec4 v0x6000012b8480_0;
    %addi 1, 0, 4;
    %assign/vec4 v0x6000012b8480_0, 0;
    %jmp T_2.17;
T_2.16 ;
    %load/vec4 v0x6000012b8480_0;
    %addi 1, 0, 4;
    %assign/vec4 v0x6000012b8480_0, 0;
T_2.17 ;
T_2.15 ;
T_2.13 ;
    %load/vec4 v0x6000012b8f30_0;
    %pushi/vec4 12, 0, 4;
    %cmp/e;
    %flag_get/vec4 4;
    %load/vec4 v0x6000012b8480_0;
    %pushi/vec4 10, 0, 4;
    %cmp/e;
    %flag_get/vec4 4;
    %and;
    %flag_set/vec4 8;
    %jmp/0xz  T_2.18, 8;
    %pushi/vec4 1, 0, 1;
    %assign/vec4 v0x6000012b86c0_0, 0;
    %pushi/vec4 1, 0, 1;
    %store/vec4 v0x6000012b85a0_0, 0, 1;
    %pushi/vec4 0, 0, 1;
    %assign/vec4 v0x6000012b8a20_0, 0;
T_2.18 ;
    %jmp T_2.11;
T_2.5 ;
    %jmp T_2.11;
T_2.6 ;
    %load/vec4 v0x6000012b8360_0;
    %parti/s 4, 8, 5;
    %assign/vec4 v0x6000012b8c60_0, 0;
    %jmp T_2.11;
T_2.7 ;
    %pushi/vec4 0, 0, 1;
    %assign/vec4 v0x6000012b86c0_0, 0;
    %load/vec4 v0x6000012b8480_0;
    %cmpi/e 9, 0, 4;
    %jmp/0xz  T_2.20, 4;
    %load/vec4 v0x6000012b8ab0_0;
    %addi 1, 0, 4;
    %assign/vec4 v0x6000012b8ab0_0, 0;
    %load/vec4 v0x6000012b8c60_0;
    %load/vec4 v0x6000012b8f30_0;
    %part/u 1;
    %assign/vec4 v0x6000012b8a20_0, 0;
    %pushi/vec4 0, 0, 4;
    %assign/vec4 v0x6000012b8480_0, 0;
    %load/vec4 v0x6000012b8ea0_0;
    %inv;
    %assign/vec4 v0x6000012b8ea0_0, 0;
    %jmp T_2.21;
T_2.20 ;
    %load/vec4 v0x6000012b8480_0;
    %cmpi/e 4, 0, 4;
    %jmp/0xz  T_2.22, 4;
    %load/vec4 v0x6000012b8ea0_0;
    %inv;
    %assign/vec4 v0x6000012b8ea0_0, 0;
    %load/vec4 v0x6000012b8480_0;
    %addi 1, 0, 4;
    %assign/vec4 v0x6000012b8480_0, 0;
    %jmp T_2.23;
T_2.22 ;
    %load/vec4 v0x6000012b8480_0;
    %addi 1, 0, 4;
    %assign/vec4 v0x6000012b8480_0, 0;
    %load/vec4 v0x6000012b8c60_0;
    %load/vec4 v0x6000012b8f30_0;
    %part/u 1;
    %assign/vec4 v0x6000012b8a20_0, 0;
T_2.23 ;
T_2.21 ;
    %jmp T_2.11;
T_2.8 ;
    %pushi/vec4 1, 0, 1;
    %assign/vec4 v0x6000012b86c0_0, 0;
    %pushi/vec4 0, 0, 1;
    %assign/vec4 v0x6000012b8a20_0, 0;
    %load/vec4 v0x6000012b87e0_0;
    %addi 1, 0, 8;
    %store/vec4 v0x6000012b87e0_0, 0, 8;
    %jmp T_2.11;
T_2.9 ;
    %pushi/vec4 0, 0, 1;
    %assign/vec4 v0x6000012b86c0_0, 0;
    %pushi/vec4 1, 0, 1;
    %assign/vec4 v0x6000012b8d80_0, 0;
    %load/vec4 v0x6000012b8480_0;
    %cmpi/e 9, 0, 4;
    %jmp/0xz  T_2.24, 4;
    %load/vec4 v0x6000012b8ab0_0;
    %addi 1, 0, 4;
    %assign/vec4 v0x6000012b8ab0_0, 0;
    %load/vec4 v0x6000012b8750_0;
    %parti/s 7, 0, 2;
    %load/vec4 v0x6000012b8990_0;
    %concat/vec4; draw_concat_vec4
    %assign/vec4 v0x6000012b8750_0, 0;
    %pushi/vec4 0, 0, 4;
    %assign/vec4 v0x6000012b8480_0, 0;
    %load/vec4 v0x6000012b8ea0_0;
    %inv;
    %assign/vec4 v0x6000012b8ea0_0, 0;
    %jmp T_2.25;
T_2.24 ;
    %load/vec4 v0x6000012b8480_0;
    %cmpi/e 4, 0, 4;
    %jmp/0xz  T_2.26, 4;
    %load/vec4 v0x6000012b8ea0_0;
    %inv;
    %assign/vec4 v0x6000012b8ea0_0, 0;
    %load/vec4 v0x6000012b8480_0;
    %addi 1, 0, 4;
    %assign/vec4 v0x6000012b8480_0, 0;
    %jmp T_2.27;
T_2.26 ;
    %load/vec4 v0x6000012b8480_0;
    %addi 1, 0, 4;
    %assign/vec4 v0x6000012b8480_0, 0;
T_2.27 ;
T_2.25 ;
    %jmp T_2.11;
T_2.10 ;
    %pushi/vec4 0, 0, 1;
    %store/vec4 v0x6000012b8d80_0, 0, 1;
    %pushi/vec4 1, 0, 1;
    %store/vec4 v0x6000012b85a0_0, 0, 1;
    %jmp T_2.11;
T_2.11 ;
    %pop/vec4 1;
    %jmp T_2;
    .thread T_2;
# The file index is used to find the file name in the following table.
:file_names 3;
    "N/A";
    "<interactive>";
    "SPI.v";
