#! /usr/local/Cellar/icarus-verilog/11.0/bin/vvp
:ivl_version "11.0 (stable)";
:ivl_delay_selection "TYPICAL";
:vpi_time_precision + 0;
:vpi_module "/usr/local/Cellar/icarus-verilog/11.0/lib/ivl/system.vpi";
:vpi_module "/usr/local/Cellar/icarus-verilog/11.0/lib/ivl/vhdl_sys.vpi";
:vpi_module "/usr/local/Cellar/icarus-verilog/11.0/lib/ivl/vhdl_textio.vpi";
:vpi_module "/usr/local/Cellar/icarus-verilog/11.0/lib/ivl/v2005_math.vpi";
:vpi_module "/usr/local/Cellar/icarus-verilog/11.0/lib/ivl/va_math.vpi";
S_0x7fc5d87043c0 .scope module, "SPI_tb" "SPI_tb" 2 2;
 .timescale 0 0;
P_0x600003514080 .param/l "CMD_WIDTH" 1 2 5, +C4<00000000000000000000000000001100>;
P_0x6000035140c0 .param/l "READ_WIDTH" 1 2 6, +C4<00000000000000000000000000001000>;
v0x600002911200_0 .var "clk", 0 0;
v0x600002911290_0 .var "cmd_in", 11 0;
v0x600002911320_0 .net "cmd_rdy", 0 0, v0x600002910630_0;  1 drivers
v0x6000029113b0_0 .var "cmd_vld", 0 0;
v0x600002911440_0 .net "cs", 0 0, v0x600002910750_0;  1 drivers
v0x6000029114d0_0 .var "miso", 0 0;
v0x600002911560_0 .net "mosi", 0 0, v0x600002910ab0_0;  1 drivers
v0x6000029115f0_0 .net "read_data", 7 0, v0x600002910d80_0;  1 drivers
v0x600002911680_0 .net "read_vld", 0 0, v0x600002910e10_0;  1 drivers
v0x600002911710_0 .var "rst_n", 0 0;
v0x6000029117a0_0 .net "sclk", 0 0, v0x600002910f30_0;  1 drivers
S_0x7fc5d8704530 .scope module, "SPI_dut" "SPI" 2 25, 3 1 0, S_0x7fc5d87043c0;
 .timescale 0 0;
    .port_info 0 /INPUT 1 "clk";
    .port_info 1 /INPUT 1 "rst_n";
    .port_info 2 /INPUT 12 "cmd_in";
    .port_info 3 /OUTPUT 1 "cmd_rdy";
    .port_info 4 /INPUT 1 "cmd_vld";
    .port_info 5 /OUTPUT 1 "sclk";
    .port_info 6 /OUTPUT 1 "cs";
    .port_info 7 /OUTPUT 1 "mosi";
    .port_info 8 /INPUT 1 "miso";
    .port_info 9 /OUTPUT 1 "read_vld";
    .port_info 10 /OUTPUT 8 "read_data";
P_0x7fc5d87046a0 .param/l "CMD_WIDTH" 0 3 2, +C4<00000000000000000000000000001100>;
P_0x7fc5d87046e0 .param/l "IDLE" 1 3 31, C4<0000>;
P_0x7fc5d8704720 .param/l "JUDGE" 1 3 33, C4<0010>;
P_0x7fc5d8704760 .param/l "READ_WIDTH" 0 3 3, +C4<00000000000000000000000000001000>;
P_0x7fc5d87047a0 .param/l "RR_DATA" 1 3 40, C4<1001>;
P_0x7fc5d87047e0 .param/l "R_DELAY" 1 3 39, C4<1000>;
P_0x7fc5d8704820 .param/l "R_FINISH" 1 3 41, C4<1010>;
P_0x7fc5d8704860 .param/l "R_START" 1 3 37, C4<0110>;
P_0x7fc5d87048a0 .param/l "START" 1 3 32, C4<0001>;
P_0x7fc5d87048e0 .param/l "WR_DATA" 1 3 38, C4<0111>;
P_0x7fc5d8704920 .param/l "W_DATA" 1 3 35, C4<0100>;
P_0x7fc5d8704960 .param/l "W_FINISH" 1 3 36, C4<0101>;
P_0x7fc5d87049a0 .param/l "W_START" 1 3 34, C4<0011>;
L_0x600003018000 .functor BUFZ 1, v0x6000029113b0_0, C4<0>, C4<0>, C4<0>;
L_0x600003018070 .functor NOT 1, v0x600002910630_0, C4<0>, C4<0>, C4<0>;
L_0x6000030180e0 .functor AND 1, L_0x600002a10000, L_0x600003018070, C4<1>, C4<1>;
L_0x600003018150 .functor NOT 1, L_0x600002a10140, C4<0>, C4<0>, C4<0>;
L_0x6000030181c0 .functor NOT 1, v0x600002910630_0, C4<0>, C4<0>, C4<0>;
L_0x600003018230 .functor AND 1, L_0x600003018150, L_0x6000030181c0, C4<1>, C4<1>;
v0x600002910000_0 .net *"_ivl_13", 0 0, L_0x600002a10140;  1 drivers
v0x600002910090_0 .net *"_ivl_14", 0 0, L_0x600003018150;  1 drivers
v0x600002910120_0 .net *"_ivl_16", 0 0, L_0x6000030181c0;  1 drivers
L_0x7fc5d9063050 .functor BUFT 1, C4<1000>, C4<0>, C4<0>, C4<0>;
v0x6000029101b0_0 .net/2u *"_ivl_20", 3 0, L_0x7fc5d9063050;  1 drivers
v0x600002910240_0 .net *"_ivl_3", 0 0, L_0x600002a10000;  1 drivers
v0x6000029102d0_0 .net *"_ivl_4", 0 0, L_0x600003018070;  1 drivers
L_0x7fc5d9063008 .functor BUFT 1, C4<1100>, C4<0>, C4<0>, C4<0>;
v0x600002910360_0 .net/2u *"_ivl_8", 3 0, L_0x7fc5d9063008;  1 drivers
v0x6000029103f0_0 .var "buff", 11 0;
v0x600002910480_0 .net "clk", 0 0, v0x600002911200_0;  1 drivers
v0x600002910510_0 .var "clk_cnt", 3 0;
v0x6000029105a0_0 .net "cmd_in", 11 0, v0x600002911290_0;  1 drivers
v0x600002910630_0 .var "cmd_rdy", 0 0;
v0x6000029106c0_0 .net "cmd_vld", 0 0, v0x6000029113b0_0;  1 drivers
v0x600002910750_0 .var "cs", 0 0;
v0x6000029107e0_0 .var "data_buf", 7 0;
v0x600002910870_0 .var "dly_cnt", 7 0;
v0x600002910900_0 .var "fsm_cs", 3 0;
v0x600002910990_0 .var "fsm_ns", 3 0;
v0x600002910a20_0 .net "miso", 0 0, v0x6000029114d0_0;  1 drivers
v0x600002910ab0_0 .var "mosi", 0 0;
v0x600002910b40_0 .var "r_cnt", 3 0;
v0x600002910bd0_0 .net "r_start_down", 0 0, L_0x600002a101e0;  1 drivers
v0x600002910c60_0 .net "r_start_en", 0 0, L_0x600003018230;  1 drivers
v0x600002910cf0_0 .var "rbuff", 3 0;
v0x600002910d80_0 .var "read_data", 7 0;
v0x600002910e10_0 .var "read_vld", 0 0;
v0x600002910ea0_0 .net "rst_n", 0 0, v0x600002911710_0;  1 drivers
v0x600002910f30_0 .var "sclk", 0 0;
v0x600002910fc0_0 .var "w_cnt", 3 0;
v0x600002911050_0 .net "w_start_down", 0 0, L_0x600002a100a0;  1 drivers
v0x6000029110e0_0 .net "w_start_en", 0 0, L_0x6000030180e0;  1 drivers
v0x600002911170_0 .net "work_en", 0 0, L_0x600003018000;  1 drivers
E_0x600001514240/0 .event negedge, v0x600002910ea0_0;
E_0x600001514240/1 .event posedge, v0x600002910480_0;
E_0x600001514240 .event/or E_0x600001514240/0, E_0x600001514240/1;
E_0x600001514270/0 .event edge, v0x600002910990_0, v0x600002911170_0, v0x6000029106c0_0, v0x6000029103f0_0;
E_0x600001514270/1 .event edge, v0x6000029110e0_0, v0x600002910fc0_0, v0x600002910510_0, v0x600002911050_0;
E_0x600001514270/2 .event edge, v0x600002910c60_0, v0x600002910b40_0, v0x600002910870_0, v0x600002910bd0_0;
E_0x600001514270 .event/or E_0x600001514270/0, E_0x600001514270/1, E_0x600001514270/2;
L_0x600002a10000 .part v0x6000029103f0_0, 11, 1;
L_0x600002a100a0 .cmp/eq 4, v0x600002910fc0_0, L_0x7fc5d9063008;
L_0x600002a10140 .part v0x6000029103f0_0, 11, 1;
L_0x600002a101e0 .cmp/eq 4, v0x600002910fc0_0, L_0x7fc5d9063050;
S_0x7fc5d8704af0 .scope task, "wt" "wt" 2 52, 2 52 0, S_0x7fc5d87043c0;
 .timescale 0 0;
TD_SPI_tb.wt ;
    %delay 10, 0;
    %pushi/vec4 3217, 0, 12;
    %store/vec4 v0x600002911290_0, 0, 12;
    %delay 10, 0;
    %pushi/vec4 1, 0, 1;
    %store/vec4 v0x6000029113b0_0, 0, 1;
    %delay 20, 0;
    %pushi/vec4 0, 0, 1;
    %store/vec4 v0x6000029113b0_0, 0, 1;
    %end;
    .scope S_0x7fc5d8704530;
T_1 ;
    %wait E_0x600001514240;
    %load/vec4 v0x600002910ea0_0;
    %nor/r;
    %flag_set/vec4 8;
    %jmp/0xz  T_1.0, 8;
    %pushi/vec4 0, 0, 4;
    %assign/vec4 v0x600002910900_0, 0;
    %jmp T_1.1;
T_1.0 ;
    %load/vec4 v0x600002910990_0;
    %assign/vec4 v0x600002910900_0, 0;
T_1.1 ;
    %jmp T_1;
    .thread T_1;
    .scope S_0x7fc5d8704530;
T_2 ;
    %wait E_0x600001514270;
    %load/vec4 v0x600002910990_0;
    %dup/vec4;
    %pushi/vec4 0, 0, 4;
    %cmp/u;
    %jmp/1 T_2.0, 6;
    %dup/vec4;
    %pushi/vec4 1, 0, 4;
    %cmp/u;
    %jmp/1 T_2.1, 6;
    %dup/vec4;
    %pushi/vec4 2, 0, 4;
    %cmp/u;
    %jmp/1 T_2.2, 6;
    %dup/vec4;
    %pushi/vec4 3, 0, 4;
    %cmp/u;
    %jmp/1 T_2.3, 6;
    %dup/vec4;
    %pushi/vec4 4, 0, 4;
    %cmp/u;
    %jmp/1 T_2.4, 6;
    %dup/vec4;
    %pushi/vec4 5, 0, 4;
    %cmp/u;
    %jmp/1 T_2.5, 6;
    %dup/vec4;
    %pushi/vec4 6, 0, 4;
    %cmp/u;
    %jmp/1 T_2.6, 6;
    %dup/vec4;
    %pushi/vec4 7, 0, 4;
    %cmp/u;
    %jmp/1 T_2.7, 6;
    %dup/vec4;
    %pushi/vec4 8, 0, 4;
    %cmp/u;
    %jmp/1 T_2.8, 6;
    %dup/vec4;
    %pushi/vec4 9, 0, 4;
    %cmp/u;
    %jmp/1 T_2.9, 6;
    %dup/vec4;
    %pushi/vec4 10, 0, 4;
    %cmp/u;
    %jmp/1 T_2.10, 6;
    %pushi/vec4 0, 0, 4;
    %store/vec4 v0x600002910990_0, 0, 4;
    %jmp T_2.12;
T_2.0 ;
    %load/vec4 v0x600002911170_0;
    %flag_set/vec4 8;
    %jmp/0xz  T_2.13, 8;
    %pushi/vec4 1, 0, 4;
    %store/vec4 v0x600002910990_0, 0, 4;
    %jmp T_2.14;
T_2.13 ;
    %pushi/vec4 0, 0, 4;
    %store/vec4 v0x600002910990_0, 0, 4;
T_2.14 ;
    %jmp T_2.12;
T_2.1 ;
    %load/vec4 v0x6000029106c0_0;
    %flag_set/vec4 8;
    %jmp/0xz  T_2.15, 8;
    %pushi/vec4 2, 0, 4;
    %store/vec4 v0x600002910990_0, 0, 4;
    %jmp T_2.16;
T_2.15 ;
    %pushi/vec4 1, 0, 4;
    %store/vec4 v0x600002910990_0, 0, 4;
T_2.16 ;
    %jmp T_2.12;
T_2.2 ;
    %load/vec4 v0x6000029103f0_0;
    %parti/s 1, 11, 5;
    %pad/u 32;
    %pushi/vec4 1, 0, 32;
    %cmp/e;
    %flag_get/vec4 4;
    %load/vec4 v0x6000029106c0_0;
    %and;
    %flag_set/vec4 8;
    %jmp/0xz  T_2.17, 8;
    %pushi/vec4 3, 0, 4;
    %store/vec4 v0x600002910990_0, 0, 4;
    %jmp T_2.18;
T_2.17 ;
    %load/vec4 v0x6000029103f0_0;
    %parti/s 1, 11, 5;
    %pad/u 32;
    %cmpi/e 0, 0, 32;
    %jmp/0xz  T_2.19, 4;
    %pushi/vec4 6, 0, 4;
    %store/vec4 v0x600002910990_0, 0, 4;
    %jmp T_2.20;
T_2.19 ;
    %pushi/vec4 2, 0, 4;
    %store/vec4 v0x600002910990_0, 0, 4;
T_2.20 ;
T_2.18 ;
    %jmp T_2.12;
T_2.3 ;
    %load/vec4 v0x6000029110e0_0;
    %flag_set/vec4 8;
    %jmp/0xz  T_2.21, 8;
    %pushi/vec4 4, 0, 4;
    %store/vec4 v0x600002910990_0, 0, 4;
    %jmp T_2.22;
T_2.21 ;
    %pushi/vec4 3, 0, 4;
    %store/vec4 v0x600002910990_0, 0, 4;
T_2.22 ;
    %jmp T_2.12;
T_2.4 ;
    %load/vec4 v0x600002910fc0_0;
    %pushi/vec4 12, 0, 4;
    %cmp/e;
    %flag_get/vec4 4;
    %load/vec4 v0x600002910510_0;
    %pushi/vec4 10, 0, 4;
    %cmp/e;
    %flag_get/vec4 4;
    %and;
    %flag_set/vec4 8;
    %jmp/0xz  T_2.23, 8;
    %pushi/vec4 5, 0, 4;
    %store/vec4 v0x600002910990_0, 0, 4;
    %jmp T_2.24;
T_2.23 ;
    %pushi/vec4 4, 0, 4;
    %store/vec4 v0x600002910990_0, 0, 4;
T_2.24 ;
    %jmp T_2.12;
T_2.5 ;
    %load/vec4 v0x600002911050_0;
    %flag_set/vec4 8;
    %jmp/0xz  T_2.25, 8;
    %pushi/vec4 0, 0, 4;
    %store/vec4 v0x600002910990_0, 0, 4;
    %jmp T_2.26;
T_2.25 ;
    %pushi/vec4 5, 0, 4;
    %store/vec4 v0x600002910990_0, 0, 4;
T_2.26 ;
    %jmp T_2.12;
T_2.6 ;
    %load/vec4 v0x600002910c60_0;
    %flag_set/vec4 8;
    %jmp/0xz  T_2.27, 8;
    %pushi/vec4 7, 0, 4;
    %store/vec4 v0x600002910990_0, 0, 4;
    %jmp T_2.28;
T_2.27 ;
    %pushi/vec4 6, 0, 4;
    %store/vec4 v0x600002910990_0, 0, 4;
T_2.28 ;
    %jmp T_2.12;
T_2.7 ;
    %load/vec4 v0x600002910b40_0;
    %cmpi/e 4, 0, 4;
    %jmp/0xz  T_2.29, 4;
    %pushi/vec4 8, 0, 4;
    %store/vec4 v0x600002910990_0, 0, 4;
    %jmp T_2.30;
T_2.29 ;
    %pushi/vec4 7, 0, 4;
    %store/vec4 v0x600002910990_0, 0, 4;
T_2.30 ;
    %jmp T_2.12;
T_2.8 ;
    %load/vec4 v0x600002910870_0;
    %cmpi/e 100, 0, 8;
    %jmp/0xz  T_2.31, 4;
    %pushi/vec4 9, 0, 4;
    %store/vec4 v0x600002910990_0, 0, 4;
    %jmp T_2.32;
T_2.31 ;
    %pushi/vec4 8, 0, 4;
    %store/vec4 v0x600002910990_0, 0, 4;
T_2.32 ;
    %jmp T_2.12;
T_2.9 ;
    %load/vec4 v0x600002910b40_0;
    %cmpi/e 8, 0, 4;
    %jmp/0xz  T_2.33, 4;
    %pushi/vec4 10, 0, 4;
    %store/vec4 v0x600002910990_0, 0, 4;
    %jmp T_2.34;
T_2.33 ;
    %pushi/vec4 9, 0, 4;
    %store/vec4 v0x600002910990_0, 0, 4;
T_2.34 ;
    %jmp T_2.12;
T_2.10 ;
    %load/vec4 v0x600002910bd0_0;
    %flag_set/vec4 8;
    %jmp/0xz  T_2.35, 8;
    %pushi/vec4 0, 0, 4;
    %store/vec4 v0x600002910990_0, 0, 4;
    %jmp T_2.36;
T_2.35 ;
    %pushi/vec4 10, 0, 4;
    %store/vec4 v0x600002910990_0, 0, 4;
T_2.36 ;
    %jmp T_2.12;
T_2.12 ;
    %pop/vec4 1;
    %jmp T_2;
    .thread T_2, $push;
    .scope S_0x7fc5d8704530;
T_3 ;
    %wait E_0x600001514240;
    %load/vec4 v0x600002910900_0;
    %dup/vec4;
    %pushi/vec4 0, 0, 4;
    %cmp/u;
    %jmp/1 T_3.0, 6;
    %dup/vec4;
    %pushi/vec4 1, 0, 4;
    %cmp/u;
    %jmp/1 T_3.1, 6;
    %dup/vec4;
    %pushi/vec4 2, 0, 4;
    %cmp/u;
    %jmp/1 T_3.2, 6;
    %dup/vec4;
    %pushi/vec4 3, 0, 4;
    %cmp/u;
    %jmp/1 T_3.3, 6;
    %dup/vec4;
    %pushi/vec4 4, 0, 4;
    %cmp/u;
    %jmp/1 T_3.4, 6;
    %dup/vec4;
    %pushi/vec4 5, 0, 4;
    %cmp/u;
    %jmp/1 T_3.5, 6;
    %dup/vec4;
    %pushi/vec4 6, 0, 4;
    %cmp/u;
    %jmp/1 T_3.6, 6;
    %dup/vec4;
    %pushi/vec4 7, 0, 4;
    %cmp/u;
    %jmp/1 T_3.7, 6;
    %dup/vec4;
    %pushi/vec4 8, 0, 4;
    %cmp/u;
    %jmp/1 T_3.8, 6;
    %dup/vec4;
    %pushi/vec4 9, 0, 4;
    %cmp/u;
    %jmp/1 T_3.9, 6;
    %dup/vec4;
    %pushi/vec4 10, 0, 4;
    %cmp/u;
    %jmp/1 T_3.10, 6;
    %jmp T_3.11;
T_3.0 ;
    %pushi/vec4 0, 0, 4;
    %assign/vec4 v0x600002910fc0_0, 0;
    %pushi/vec4 0, 0, 4;
    %assign/vec4 v0x600002910b40_0, 0;
    %pushi/vec4 0, 0, 12;
    %assign/vec4 v0x6000029103f0_0, 0;
    %pushi/vec4 0, 0, 4;
    %assign/vec4 v0x600002910510_0, 0;
    %pushi/vec4 0, 0, 8;
    %assign/vec4 v0x600002910870_0, 0;
    %pushi/vec4 0, 0, 8;
    %assign/vec4 v0x6000029107e0_0, 0;
    %pushi/vec4 0, 0, 4;
    %assign/vec4 v0x600002910cf0_0, 0;
    %pushi/vec4 1, 0, 1;
    %assign/vec4 v0x600002910630_0, 0;
    %pushi/vec4 0, 0, 1;
    %assign/vec4 v0x600002910f30_0, 0;
    %pushi/vec4 1, 0, 1;
    %assign/vec4 v0x600002910750_0, 0;
    %pushi/vec4 0, 0, 1;
    %assign/vec4 v0x600002910ab0_0, 0;
    %pushi/vec4 0, 0, 1;
    %assign/vec4 v0x600002910e10_0, 0;
    %pushi/vec4 0, 0, 8;
    %assign/vec4 v0x600002910d80_0, 0;
    %jmp T_3.11;
T_3.1 ;
    %load/vec4 v0x6000029105a0_0;
    %assign/vec4 v0x6000029103f0_0, 0;
    %pushi/vec4 0, 0, 1;
    %assign/vec4 v0x600002910630_0, 0;
    %jmp T_3.11;
T_3.2 ;
    %pushi/vec4 0, 0, 1;
    %assign/vec4 v0x600002910630_0, 0;
    %jmp T_3.11;
T_3.3 ;
    %jmp T_3.11;
T_3.4 ;
    %pushi/vec4 0, 0, 1;
    %assign/vec4 v0x600002910750_0, 0;
    %load/vec4 v0x6000029103f0_0;
    %load/vec4 v0x600002910fc0_0;
    %part/u 1;
    %assign/vec4 v0x600002910ab0_0, 0;
    %load/vec4 v0x600002910510_0;
    %cmpi/e 10, 0, 4;
    %jmp/0xz  T_3.12, 4;
    %pushi/vec4 1, 0, 4;
    %assign/vec4 v0x600002910510_0, 0;
    %load/vec4 v0x600002910f30_0;
    %inv;
    %assign/vec4 v0x600002910f30_0, 0;
    %jmp T_3.13;
T_3.12 ;
    %load/vec4 v0x600002910510_0;
    %cmpi/e 5, 0, 4;
    %jmp/0xz  T_3.14, 4;
    %load/vec4 v0x600002910f30_0;
    %inv;
    %assign/vec4 v0x600002910f30_0, 0;
    %load/vec4 v0x600002910510_0;
    %addi 1, 0, 4;
    %assign/vec4 v0x600002910510_0, 0;
    %jmp T_3.15;
T_3.14 ;
    %load/vec4 v0x600002910510_0;
    %cmpi/e 9, 0, 4;
    %jmp/0xz  T_3.16, 4;
    %load/vec4 v0x600002910fc0_0;
    %addi 1, 0, 4;
    %assign/vec4 v0x600002910fc0_0, 0;
    %load/vec4 v0x600002910510_0;
    %addi 1, 0, 4;
    %assign/vec4 v0x600002910510_0, 0;
    %jmp T_3.17;
T_3.16 ;
    %load/vec4 v0x600002910510_0;
    %addi 1, 0, 4;
    %assign/vec4 v0x600002910510_0, 0;
T_3.17 ;
T_3.15 ;
T_3.13 ;
    %load/vec4 v0x600002910fc0_0;
    %pushi/vec4 12, 0, 4;
    %cmp/e;
    %flag_get/vec4 4;
    %load/vec4 v0x600002910510_0;
    %pushi/vec4 10, 0, 4;
    %cmp/e;
    %flag_get/vec4 4;
    %and;
    %flag_set/vec4 8;
    %jmp/0xz  T_3.18, 8;
    %pushi/vec4 1, 0, 1;
    %assign/vec4 v0x600002910750_0, 0;
    %pushi/vec4 1, 0, 1;
    %store/vec4 v0x600002910630_0, 0, 1;
    %pushi/vec4 0, 0, 1;
    %assign/vec4 v0x600002910ab0_0, 0;
T_3.18 ;
    %jmp T_3.11;
T_3.5 ;
    %jmp T_3.11;
T_3.6 ;
    %load/vec4 v0x6000029103f0_0;
    %parti/s 4, 8, 5;
    %assign/vec4 v0x600002910cf0_0, 0;
    %jmp T_3.11;
T_3.7 ;
    %pushi/vec4 0, 0, 1;
    %assign/vec4 v0x600002910750_0, 0;
    %load/vec4 v0x600002910510_0;
    %cmpi/e 9, 0, 4;
    %jmp/0xz  T_3.20, 4;
    %load/vec4 v0x600002910b40_0;
    %addi 1, 0, 4;
    %assign/vec4 v0x600002910b40_0, 0;
    %load/vec4 v0x600002910cf0_0;
    %load/vec4 v0x600002910fc0_0;
    %part/u 1;
    %assign/vec4 v0x600002910ab0_0, 0;
    %pushi/vec4 0, 0, 4;
    %assign/vec4 v0x600002910510_0, 0;
    %load/vec4 v0x600002910f30_0;
    %inv;
    %assign/vec4 v0x600002910f30_0, 0;
    %jmp T_3.21;
T_3.20 ;
    %load/vec4 v0x600002910510_0;
    %cmpi/e 4, 0, 4;
    %jmp/0xz  T_3.22, 4;
    %load/vec4 v0x600002910f30_0;
    %inv;
    %assign/vec4 v0x600002910f30_0, 0;
    %load/vec4 v0x600002910510_0;
    %addi 1, 0, 4;
    %assign/vec4 v0x600002910510_0, 0;
    %jmp T_3.23;
T_3.22 ;
    %load/vec4 v0x600002910510_0;
    %addi 1, 0, 4;
    %assign/vec4 v0x600002910510_0, 0;
    %load/vec4 v0x600002910cf0_0;
    %load/vec4 v0x600002910fc0_0;
    %part/u 1;
    %assign/vec4 v0x600002910ab0_0, 0;
T_3.23 ;
T_3.21 ;
    %jmp T_3.11;
T_3.8 ;
    %pushi/vec4 1, 0, 1;
    %assign/vec4 v0x600002910750_0, 0;
    %pushi/vec4 0, 0, 1;
    %assign/vec4 v0x600002910ab0_0, 0;
    %load/vec4 v0x600002910870_0;
    %addi 1, 0, 8;
    %store/vec4 v0x600002910870_0, 0, 8;
    %jmp T_3.11;
T_3.9 ;
    %pushi/vec4 0, 0, 1;
    %assign/vec4 v0x600002910750_0, 0;
    %pushi/vec4 1, 0, 1;
    %assign/vec4 v0x600002910e10_0, 0;
    %load/vec4 v0x600002910510_0;
    %cmpi/e 9, 0, 4;
    %jmp/0xz  T_3.24, 4;
    %load/vec4 v0x600002910b40_0;
    %addi 1, 0, 4;
    %assign/vec4 v0x600002910b40_0, 0;
    %load/vec4 v0x6000029107e0_0;
    %parti/s 7, 0, 2;
    %load/vec4 v0x600002910a20_0;
    %concat/vec4; draw_concat_vec4
    %assign/vec4 v0x6000029107e0_0, 0;
    %pushi/vec4 0, 0, 4;
    %assign/vec4 v0x600002910510_0, 0;
    %load/vec4 v0x600002910f30_0;
    %inv;
    %assign/vec4 v0x600002910f30_0, 0;
    %jmp T_3.25;
T_3.24 ;
    %load/vec4 v0x600002910510_0;
    %cmpi/e 4, 0, 4;
    %jmp/0xz  T_3.26, 4;
    %load/vec4 v0x600002910f30_0;
    %inv;
    %assign/vec4 v0x600002910f30_0, 0;
    %load/vec4 v0x600002910510_0;
    %addi 1, 0, 4;
    %assign/vec4 v0x600002910510_0, 0;
    %jmp T_3.27;
T_3.26 ;
    %load/vec4 v0x600002910510_0;
    %addi 1, 0, 4;
    %assign/vec4 v0x600002910510_0, 0;
T_3.27 ;
T_3.25 ;
    %jmp T_3.11;
T_3.10 ;
    %pushi/vec4 0, 0, 1;
    %store/vec4 v0x600002910e10_0, 0, 1;
    %pushi/vec4 1, 0, 1;
    %store/vec4 v0x600002910630_0, 0, 1;
    %jmp T_3.11;
T_3.11 ;
    %pop/vec4 1;
    %jmp T_3;
    .thread T_3;
    .scope S_0x7fc5d87043c0;
T_4 ;
    %pushi/vec4 0, 0, 1;
    %store/vec4 v0x600002911200_0, 0, 1;
    %pushi/vec4 0, 0, 1;
    %store/vec4 v0x600002911710_0, 0, 1;
    %pushi/vec4 0, 0, 1;
    %store/vec4 v0x6000029113b0_0, 0, 1;
    %pushi/vec4 0, 0, 1;
    %store/vec4 v0x6000029114d0_0, 0, 1;
    %end;
    .thread T_4;
    .scope S_0x7fc5d87043c0;
T_5 ;
    %delay 10, 0;
    %pushi/vec4 1, 0, 1;
    %store/vec4 v0x600002911710_0, 0, 1;
    %delay 10, 0;
    %pushi/vec4 0, 0, 1;
    %store/vec4 v0x600002911710_0, 0, 1;
    %delay 20, 0;
    %pushi/vec4 1, 0, 1;
    %store/vec4 v0x600002911710_0, 0, 1;
    %delay 20, 0;
    %fork TD_SPI_tb.wt, S_0x7fc5d8704af0;
    %join;
    %delay 100000, 0;
    %vpi_call 2 46 "$finish" {0 0 0};
    %end;
    .thread T_5;
    .scope S_0x7fc5d87043c0;
T_6 ;
    %delay 5, 0;
    %load/vec4 v0x600002911200_0;
    %nor/r;
    %store/vec4 v0x600002911200_0, 0, 1;
    %jmp T_6;
    .thread T_6;
    .scope S_0x7fc5d87043c0;
T_7 ;
    %vpi_call 2 62 "$dumpfile", "wave.vcd" {0 0 0};
    %vpi_call 2 63 "$dumpvars" {0 0 0};
    %end;
    .thread T_7;
# The file index is used to find the file name in the following table.
:file_names 4;
    "N/A";
    "<interactive>";
    "SPI_tb.v";
    "./SPI.v";
