#! /usr/local/Cellar/icarus-verilog/11.0/bin/vvp
:ivl_version "11.0 (stable)";
:ivl_delay_selection "TYPICAL";
:vpi_time_precision + 0;
:vpi_module "/usr/local/Cellar/icarus-verilog/11.0/lib/ivl/system.vpi";
:vpi_module "/usr/local/Cellar/icarus-verilog/11.0/lib/ivl/vhdl_sys.vpi";
:vpi_module "/usr/local/Cellar/icarus-verilog/11.0/lib/ivl/vhdl_textio.vpi";
:vpi_module "/usr/local/Cellar/icarus-verilog/11.0/lib/ivl/v2005_math.vpi";
:vpi_module "/usr/local/Cellar/icarus-verilog/11.0/lib/ivl/va_math.vpi";
S_0x7fc2f77043c0 .scope module, "uart" "uart" 2 1;
 .timescale 0 0;
    .port_info 0 /INPUT 1 "clk";
    .port_info 1 /INPUT 1 "rst_n";
    .port_info 2 /INPUT 16 "cmd_in";
    .port_info 3 /INPUT 1 "cmd_vld";
    .port_info 4 /INPUT 1 "rx";
    .port_info 5 /OUTPUT 1 "tx";
    .port_info 6 /OUTPUT 1 "read_rdy";
    .port_info 7 /OUTPUT 8 "read_data";
    .port_info 8 /OUTPUT 1 "cmd_rdy";
P_0x7fc2f7808e00 .param/l "BR" 0 2 4, +C4<00000000000000000000000110110010>;
P_0x7fc2f7808e40 .param/l "CMD_WIDTH" 0 2 2, +C4<00000000000000000000000000010000>;
P_0x7fc2f7808e80 .param/l "IDLE" 1 2 37, C4<0000>;
P_0x7fc2f7808ec0 .param/l "READ_WIDTH" 0 2 3, +C4<00000000000000000000000000001000>;
P_0x7fc2f7808f00 .param/l "RW_JUDGE" 1 2 38, C4<0001>;
P_0x7fc2f7808f40 .param/l "R_CMD_CHEAK_BIT" 1 2 50, C4<1101>;
P_0x7fc2f7808f80 .param/l "R_CMD_DATA_BIT" 1 2 49, C4<1100>;
P_0x7fc2f7808fc0 .param/l "R_CMD_START_BIT" 1 2 48, C4<1011>;
P_0x7fc2f7809000 .param/l "R_CMD_STOP_BIT" 1 2 51, C4<1110>;
P_0x7fc2f7809040 .param/l "SEND_READ_DATA" 1 2 52, C4<1111>;
P_0x7fc2f7809080 .param/l "W0_CHECK_BIT" 1 2 41, C4<0100>;
P_0x7fc2f78090c0 .param/l "W0_DATA_BIT" 1 2 40, C4<0011>;
P_0x7fc2f7809100 .param/l "W0_START_BIT" 1 2 39, C4<0010>;
P_0x7fc2f7809140 .param/l "W0_STOP_BIT" 1 2 42, C4<0101>;
P_0x7fc2f7809180 .param/l "W1_CHECK_BIT" 1 2 46, C4<1001>;
P_0x7fc2f78091c0 .param/l "W1_DATA_BIT" 1 2 45, C4<1000>;
P_0x7fc2f7809200 .param/l "W1_START_BIT" 1 2 44, C4<0111>;
P_0x7fc2f7809240 .param/l "W1_STOP_BIT" 1 2 47, C4<1010>;
P_0x7fc2f7809280 .param/l "W_DELAY" 1 2 43, C4<0110>;
L_0x600003210070 .functor XNOR 1, v0x600002b14750_0, L_0x600002814140, C4<0>, C4<0>;
L_0x6000032100e0 .functor AND 1, L_0x600003210070, L_0x600002814280, C4<1>, C4<1>;
L_0x600003210150 .functor AND 1, L_0x6000032100e0, L_0x600002814320, C4<1>, C4<1>;
L_0x6000032101c0 .functor BUFZ 1, L_0x600003210150, C4<0>, C4<0>, C4<0>;
o0x7fc2f88323c8 .functor BUFZ 1, C4<z>; HiZ drive
L_0x600003210230 .functor BUFZ 1, o0x7fc2f88323c8, C4<0>, C4<0>, C4<0>;
v0x600002b14000_0 .net *"_ivl_1", 1 0, L_0x600002814000;  1 drivers
v0x600002b14090_0 .net *"_ivl_10", 31 0, L_0x6000028141e0;  1 drivers
L_0x7fc2f8863050 .functor BUFT 1, C4<00000000000000000000000>, C4<0>, C4<0>, C4<0>;
v0x600002b14120_0 .net *"_ivl_13", 22 0, L_0x7fc2f8863050;  1 drivers
L_0x7fc2f8863098 .functor BUFT 1, C4<00000000000000000000000110110010>, C4<0>, C4<0>, C4<0>;
v0x600002b141b0_0 .net/2u *"_ivl_14", 31 0, L_0x7fc2f8863098;  1 drivers
v0x600002b14240_0 .net *"_ivl_16", 0 0, L_0x600002814280;  1 drivers
v0x600002b142d0_0 .net *"_ivl_19", 0 0, L_0x6000032100e0;  1 drivers
L_0x7fc2f8863008 .functor BUFT 1, C4<10>, C4<0>, C4<0>, C4<0>;
v0x600002b14360_0 .net/2u *"_ivl_2", 1 0, L_0x7fc2f8863008;  1 drivers
L_0x7fc2f88630e0 .functor BUFT 1, C4<1010>, C4<0>, C4<0>, C4<0>;
v0x600002b143f0_0 .net/2u *"_ivl_20", 3 0, L_0x7fc2f88630e0;  1 drivers
v0x600002b14480_0 .net *"_ivl_22", 0 0, L_0x600002814320;  1 drivers
v0x600002b14510_0 .net *"_ivl_7", 0 0, L_0x600002814140;  1 drivers
v0x600002b145a0_0 .net *"_ivl_8", 0 0, L_0x600003210070;  1 drivers
v0x600002b14630_0 .var "br_cnt_1", 8 0;
v0x600002b146c0_0 .var "br_cnt_2", 8 0;
v0x600002b14750_0 .var "check", 0 0;
v0x600002b147e0_0 .net "check_flag", 0 0, L_0x600003210150;  1 drivers
o0x7fc2f88322d8 .functor BUFZ 1, C4<z>; HiZ drive
v0x600002b14870_0 .net "clk", 0 0, o0x7fc2f88322d8;  0 drivers
v0x600002b14900_0 .var "cmd_buf", 15 0;
o0x7fc2f8832338 .functor BUFZ 16, C4<zzzzzzzzzzzzzzzz>; HiZ drive
v0x600002b14990_0 .net "cmd_in", 15 0, o0x7fc2f8832338;  0 drivers
v0x600002b14a20_0 .var "cmd_rdy", 0 0;
v0x600002b14ab0_0 .net "cmd_ready", 0 0, L_0x600003210230;  1 drivers
v0x600002b14b40_0 .net "cmd_vld", 0 0, o0x7fc2f88323c8;  0 drivers
v0x600002b14bd0_0 .var "fsm_cs", 4 0;
v0x600002b14c60_0 .var "fsm_ns", 4 0;
v0x600002b14cf0_0 .net "nege_flag", 0 0, L_0x6000028140a0;  1 drivers
v0x600002b14d80_0 .var "read_buf", 7 0;
v0x600002b14e10_0 .var "read_data", 7 0;
v0x600002b14ea0_0 .net "read_rdy", 0 0, L_0x6000032101c0;  1 drivers
o0x7fc2f8832518 .functor BUFZ 1, C4<z>; HiZ drive
v0x600002b14f30_0 .net "rst_n", 0 0, o0x7fc2f8832518;  0 drivers
o0x7fc2f8832548 .functor BUFZ 1, C4<z>; HiZ drive
v0x600002b14fc0_0 .net "rx", 0 0, o0x7fc2f8832548;  0 drivers
v0x600002b15050_0 .var "rx_buf", 2 0;
v0x600002b150e0_0 .var "rx_cnt", 3 0;
v0x600002b15170_0 .var "tx", 0 0;
v0x600002b15200_0 .var "tx_cnt", 3 0;
v0x600002b15290_0 .var "w_dly", 7 0;
v0x600002b15320_0 .var "w_dly_flag", 0 0;
E_0x600001710210/0 .event negedge, v0x600002b14f30_0;
E_0x600001710210/1 .event posedge, v0x600002b14870_0;
E_0x600001710210 .event/or E_0x600001710210/0, E_0x600001710210/1;
E_0x600001710240/0 .event edge, v0x600002b14bd0_0, v0x600002b14ab0_0, v0x600002b14900_0, v0x600002b15200_0;
E_0x600001710240/1 .event edge, v0x600002b15320_0, v0x600002b14cf0_0, v0x600002b150e0_0, v0x600002b147e0_0;
E_0x600001710240 .event/or E_0x600001710240/0, E_0x600001710240/1;
L_0x600002814000 .part v0x600002b15050_0, 1, 2;
L_0x6000028140a0 .cmp/eq 2, L_0x600002814000, L_0x7fc2f8863008;
L_0x600002814140 .reduce/xnor v0x600002b14d80_0;
L_0x6000028141e0 .concat [ 9 23 0 0], v0x600002b146c0_0, L_0x7fc2f8863050;
L_0x600002814280 .cmp/eq 32, L_0x6000028141e0, L_0x7fc2f8863098;
L_0x600002814320 .cmp/eq 4, v0x600002b150e0_0, L_0x7fc2f88630e0;
    .scope S_0x7fc2f77043c0;
T_0 ;
    %wait E_0x600001710210;
    %load/vec4 v0x600002b14f30_0;
    %nor/r;
    %flag_set/vec4 8;
    %jmp/0xz  T_0.0, 8;
    %pushi/vec4 0, 0, 5;
    %assign/vec4 v0x600002b14bd0_0, 0;
    %jmp T_0.1;
T_0.0 ;
    %load/vec4 v0x600002b14c60_0;
    %assign/vec4 v0x600002b14bd0_0, 0;
T_0.1 ;
    %jmp T_0;
    .thread T_0;
    .scope S_0x7fc2f77043c0;
T_1 ;
    %wait E_0x600001710240;
    %load/vec4 v0x600002b14bd0_0;
    %dup/vec4;
    %pushi/vec4 0, 0, 5;
    %cmp/u;
    %jmp/1 T_1.0, 6;
    %dup/vec4;
    %pushi/vec4 1, 0, 5;
    %cmp/u;
    %jmp/1 T_1.1, 6;
    %dup/vec4;
    %pushi/vec4 2, 0, 5;
    %cmp/u;
    %jmp/1 T_1.2, 6;
    %dup/vec4;
    %pushi/vec4 3, 0, 5;
    %cmp/u;
    %jmp/1 T_1.3, 6;
    %dup/vec4;
    %pushi/vec4 4, 0, 5;
    %cmp/u;
    %jmp/1 T_1.4, 6;
    %dup/vec4;
    %pushi/vec4 5, 0, 5;
    %cmp/u;
    %jmp/1 T_1.5, 6;
    %dup/vec4;
    %pushi/vec4 6, 0, 5;
    %cmp/u;
    %jmp/1 T_1.6, 6;
    %dup/vec4;
    %pushi/vec4 7, 0, 5;
    %cmp/u;
    %jmp/1 T_1.7, 6;
    %dup/vec4;
    %pushi/vec4 8, 0, 5;
    %cmp/u;
    %jmp/1 T_1.8, 6;
    %dup/vec4;
    %pushi/vec4 9, 0, 5;
    %cmp/u;
    %jmp/1 T_1.9, 6;
    %dup/vec4;
    %pushi/vec4 10, 0, 5;
    %cmp/u;
    %jmp/1 T_1.10, 6;
    %dup/vec4;
    %pushi/vec4 11, 0, 5;
    %cmp/u;
    %jmp/1 T_1.11, 6;
    %dup/vec4;
    %pushi/vec4 12, 0, 5;
    %cmp/u;
    %jmp/1 T_1.12, 6;
    %dup/vec4;
    %pushi/vec4 13, 0, 5;
    %cmp/u;
    %jmp/1 T_1.13, 6;
    %dup/vec4;
    %pushi/vec4 14, 0, 5;
    %cmp/u;
    %jmp/1 T_1.14, 6;
    %dup/vec4;
    %pushi/vec4 15, 0, 5;
    %cmp/u;
    %jmp/1 T_1.15, 6;
    %pushi/vec4 0, 0, 5;
    %store/vec4 v0x600002b14c60_0, 0, 5;
    %jmp T_1.17;
T_1.0 ;
    %load/vec4 v0x600002b14ab0_0;
    %flag_set/vec4 8;
    %jmp/0xz  T_1.18, 8;
    %pushi/vec4 1, 0, 5;
    %store/vec4 v0x600002b14c60_0, 0, 5;
    %jmp T_1.19;
T_1.18 ;
    %pushi/vec4 0, 0, 5;
    %store/vec4 v0x600002b14c60_0, 0, 5;
T_1.19 ;
    %jmp T_1.17;
T_1.1 ;
    %load/vec4 v0x600002b14900_0;
    %parti/s 1, 15, 5;
    %cmpi/e 1, 0, 1;
    %jmp/0xz  T_1.20, 4;
    %pushi/vec4 2, 0, 5;
    %store/vec4 v0x600002b14c60_0, 0, 5;
    %jmp T_1.21;
T_1.20 ;
    %load/vec4 v0x600002b14900_0;
    %parti/s 1, 15, 5;
    %cmpi/e 0, 0, 1;
    %jmp/0xz  T_1.22, 4;
    %pushi/vec4 7, 0, 5;
    %store/vec4 v0x600002b14c60_0, 0, 5;
    %jmp T_1.23;
T_1.22 ;
    %pushi/vec4 1, 0, 5;
    %store/vec4 v0x600002b14c60_0, 0, 5;
T_1.23 ;
T_1.21 ;
    %jmp T_1.17;
T_1.2 ;
    %load/vec4 v0x600002b15200_0;
    %cmpi/e 1, 0, 4;
    %jmp/0xz  T_1.24, 4;
    %pushi/vec4 3, 0, 5;
    %store/vec4 v0x600002b14c60_0, 0, 5;
    %jmp T_1.25;
T_1.24 ;
    %pushi/vec4 2, 0, 5;
    %store/vec4 v0x600002b14c60_0, 0, 5;
T_1.25 ;
    %jmp T_1.17;
T_1.3 ;
    %load/vec4 v0x600002b15200_0;
    %cmpi/e 9, 0, 4;
    %jmp/0xz  T_1.26, 4;
    %pushi/vec4 4, 0, 5;
    %store/vec4 v0x600002b14c60_0, 0, 5;
    %jmp T_1.27;
T_1.26 ;
    %pushi/vec4 3, 0, 5;
    %store/vec4 v0x600002b14c60_0, 0, 5;
T_1.27 ;
    %jmp T_1.17;
T_1.4 ;
    %load/vec4 v0x600002b15200_0;
    %cmpi/e 10, 0, 4;
    %jmp/0xz  T_1.28, 4;
    %pushi/vec4 5, 0, 5;
    %store/vec4 v0x600002b14c60_0, 0, 5;
    %jmp T_1.29;
T_1.28 ;
    %pushi/vec4 4, 0, 5;
    %store/vec4 v0x600002b14c60_0, 0, 5;
T_1.29 ;
    %jmp T_1.17;
T_1.5 ;
    %load/vec4 v0x600002b15200_0;
    %cmpi/e 11, 0, 4;
    %jmp/0xz  T_1.30, 4;
    %pushi/vec4 6, 0, 5;
    %store/vec4 v0x600002b14c60_0, 0, 5;
    %jmp T_1.31;
T_1.30 ;
    %pushi/vec4 5, 0, 5;
    %store/vec4 v0x600002b14c60_0, 0, 5;
T_1.31 ;
    %jmp T_1.17;
T_1.6 ;
    %load/vec4 v0x600002b15320_0;
    %load/vec4 v0x600002b14900_0;
    %parti/s 1, 15, 5;
    %pad/u 32;
    %pushi/vec4 1, 0, 32;
    %cmp/e;
    %flag_get/vec4 4;
    %and;
    %flag_set/vec4 8;
    %jmp/0xz  T_1.32, 8;
    %pushi/vec4 7, 0, 5;
    %store/vec4 v0x600002b14c60_0, 0, 5;
    %jmp T_1.33;
T_1.32 ;
    %load/vec4 v0x600002b15320_0;
    %load/vec4 v0x600002b14900_0;
    %parti/s 1, 15, 5;
    %pad/u 32;
    %pushi/vec4 0, 0, 32;
    %cmp/e;
    %flag_get/vec4 4;
    %and;
    %load/vec4 v0x600002b14cf0_0;
    %and;
    %flag_set/vec4 8;
    %jmp/0xz  T_1.34, 8;
    %pushi/vec4 11, 0, 5;
    %store/vec4 v0x600002b14c60_0, 0, 5;
    %jmp T_1.35;
T_1.34 ;
    %pushi/vec4 6, 0, 5;
    %store/vec4 v0x600002b14c60_0, 0, 5;
T_1.35 ;
T_1.33 ;
    %jmp T_1.17;
T_1.7 ;
    %load/vec4 v0x600002b15200_0;
    %cmpi/e 1, 0, 4;
    %jmp/0xz  T_1.36, 4;
    %pushi/vec4 8, 0, 5;
    %store/vec4 v0x600002b14c60_0, 0, 5;
    %jmp T_1.37;
T_1.36 ;
    %pushi/vec4 7, 0, 5;
    %store/vec4 v0x600002b14c60_0, 0, 5;
T_1.37 ;
    %jmp T_1.17;
T_1.8 ;
    %load/vec4 v0x600002b15200_0;
    %cmpi/e 9, 0, 4;
    %jmp/0xz  T_1.38, 4;
    %pushi/vec4 9, 0, 5;
    %store/vec4 v0x600002b14c60_0, 0, 5;
    %jmp T_1.39;
T_1.38 ;
    %pushi/vec4 8, 0, 5;
    %store/vec4 v0x600002b14c60_0, 0, 5;
T_1.39 ;
    %jmp T_1.17;
T_1.9 ;
    %load/vec4 v0x600002b15200_0;
    %cmpi/e 10, 0, 4;
    %jmp/0xz  T_1.40, 4;
    %pushi/vec4 10, 0, 5;
    %store/vec4 v0x600002b14c60_0, 0, 5;
    %jmp T_1.41;
T_1.40 ;
    %pushi/vec4 9, 0, 5;
    %store/vec4 v0x600002b14c60_0, 0, 5;
T_1.41 ;
    %jmp T_1.17;
T_1.10 ;
    %load/vec4 v0x600002b15200_0;
    %pushi/vec4 11, 0, 4;
    %cmp/e;
    %flag_get/vec4 4;
    %load/vec4 v0x600002b14900_0;
    %parti/s 1, 15, 5;
    %pushi/vec4 1, 0, 1;
    %cmp/e;
    %flag_get/vec4 4;
    %and;
    %flag_set/vec4 8;
    %jmp/0xz  T_1.42, 8;
    %pushi/vec4 0, 0, 5;
    %store/vec4 v0x600002b14c60_0, 0, 5;
    %jmp T_1.43;
T_1.42 ;
    %load/vec4 v0x600002b15200_0;
    %pushi/vec4 11, 0, 4;
    %cmp/e;
    %flag_get/vec4 4;
    %load/vec4 v0x600002b14900_0;
    %parti/s 1, 15, 5;
    %pushi/vec4 0, 0, 1;
    %cmp/e;
    %flag_get/vec4 4;
    %and;
    %flag_set/vec4 8;
    %jmp/0xz  T_1.44, 8;
    %pushi/vec4 6, 0, 5;
    %store/vec4 v0x600002b14c60_0, 0, 5;
    %jmp T_1.45;
T_1.44 ;
    %pushi/vec4 10, 0, 5;
    %store/vec4 v0x600002b14c60_0, 0, 5;
T_1.45 ;
T_1.43 ;
    %jmp T_1.17;
T_1.11 ;
    %load/vec4 v0x600002b150e0_0;
    %cmpi/e 1, 0, 4;
    %jmp/0xz  T_1.46, 4;
    %pushi/vec4 12, 0, 5;
    %store/vec4 v0x600002b14c60_0, 0, 5;
    %jmp T_1.47;
T_1.46 ;
    %pushi/vec4 11, 0, 5;
    %store/vec4 v0x600002b14c60_0, 0, 5;
T_1.47 ;
    %jmp T_1.17;
T_1.12 ;
    %load/vec4 v0x600002b150e0_0;
    %cmpi/e 9, 0, 4;
    %jmp/0xz  T_1.48, 4;
    %pushi/vec4 13, 0, 5;
    %store/vec4 v0x600002b14c60_0, 0, 5;
    %jmp T_1.49;
T_1.48 ;
    %pushi/vec4 12, 0, 5;
    %store/vec4 v0x600002b14c60_0, 0, 5;
T_1.49 ;
    %jmp T_1.17;
T_1.13 ;
    %load/vec4 v0x600002b150e0_0;
    %cmpi/e 10, 0, 4;
    %jmp/0xz  T_1.50, 4;
    %pushi/vec4 14, 0, 5;
    %store/vec4 v0x600002b14c60_0, 0, 5;
    %jmp T_1.51;
T_1.50 ;
    %pushi/vec4 13, 0, 5;
    %store/vec4 v0x600002b14c60_0, 0, 5;
T_1.51 ;
    %jmp T_1.17;
T_1.14 ;
    %load/vec4 v0x600002b150e0_0;
    %cmpi/e 3, 0, 4;
    %jmp/0xz  T_1.52, 4;
    %pushi/vec4 15, 0, 5;
    %store/vec4 v0x600002b14c60_0, 0, 5;
    %jmp T_1.53;
T_1.52 ;
    %pushi/vec4 14, 0, 5;
    %store/vec4 v0x600002b14c60_0, 0, 5;
T_1.53 ;
    %jmp T_1.17;
T_1.15 ;
    %load/vec4 v0x600002b147e0_0;
    %cmpi/e 1, 0, 1;
    %jmp/0xz  T_1.54, 4;
    %pushi/vec4 0, 0, 5;
    %store/vec4 v0x600002b14c60_0, 0, 5;
    %jmp T_1.55;
T_1.54 ;
    %pushi/vec4 0, 0, 5;
    %store/vec4 v0x600002b14c60_0, 0, 5;
T_1.55 ;
    %jmp T_1.17;
T_1.17 ;
    %pop/vec4 1;
    %jmp T_1;
    .thread T_1, $push;
    .scope S_0x7fc2f77043c0;
T_2 ;
    %wait E_0x600001710210;
    %load/vec4 v0x600002b14c60_0;
    %dup/vec4;
    %pushi/vec4 0, 0, 5;
    %cmp/u;
    %jmp/1 T_2.0, 6;
    %dup/vec4;
    %pushi/vec4 1, 0, 5;
    %cmp/u;
    %jmp/1 T_2.1, 6;
    %dup/vec4;
    %pushi/vec4 2, 0, 5;
    %cmp/u;
    %jmp/1 T_2.2, 6;
    %dup/vec4;
    %pushi/vec4 3, 0, 5;
    %cmp/u;
    %jmp/1 T_2.3, 6;
    %dup/vec4;
    %pushi/vec4 4, 0, 5;
    %cmp/u;
    %jmp/1 T_2.4, 6;
    %dup/vec4;
    %pushi/vec4 5, 0, 5;
    %cmp/u;
    %jmp/1 T_2.5, 6;
    %dup/vec4;
    %pushi/vec4 6, 0, 5;
    %cmp/u;
    %jmp/1 T_2.6, 6;
    %dup/vec4;
    %pushi/vec4 7, 0, 5;
    %cmp/u;
    %jmp/1 T_2.7, 6;
    %dup/vec4;
    %pushi/vec4 8, 0, 5;
    %cmp/u;
    %jmp/1 T_2.8, 6;
    %dup/vec4;
    %pushi/vec4 9, 0, 5;
    %cmp/u;
    %jmp/1 T_2.9, 6;
    %dup/vec4;
    %pushi/vec4 10, 0, 5;
    %cmp/u;
    %jmp/1 T_2.10, 6;
    %dup/vec4;
    %pushi/vec4 11, 0, 5;
    %cmp/u;
    %jmp/1 T_2.11, 6;
    %dup/vec4;
    %pushi/vec4 12, 0, 5;
    %cmp/u;
    %jmp/1 T_2.12, 6;
    %dup/vec4;
    %pushi/vec4 13, 0, 5;
    %cmp/u;
    %jmp/1 T_2.13, 6;
    %dup/vec4;
    %pushi/vec4 14, 0, 5;
    %cmp/u;
    %jmp/1 T_2.14, 6;
    %dup/vec4;
    %pushi/vec4 15, 0, 5;
    %cmp/u;
    %jmp/1 T_2.15, 6;
    %jmp T_2.16;
T_2.0 ;
    %pushi/vec4 0, 0, 16;
    %assign/vec4 v0x600002b14900_0, 0;
    %pushi/vec4 0, 0, 4;
    %assign/vec4 v0x600002b15200_0, 0;
    %pushi/vec4 0, 0, 4;
    %assign/vec4 v0x600002b150e0_0, 0;
    %pushi/vec4 0, 0, 9;
    %assign/vec4 v0x600002b14630_0, 0;
    %pushi/vec4 0, 0, 9;
    %assign/vec4 v0x600002b146c0_0, 0;
    %pushi/vec4 0, 0, 8;
    %assign/vec4 v0x600002b15290_0, 0;
    %pushi/vec4 1, 0, 1;
    %assign/vec4 v0x600002b15170_0, 0;
    %pushi/vec4 0, 0, 8;
    %assign/vec4 v0x600002b14e10_0, 0;
    %pushi/vec4 1, 0, 1;
    %assign/vec4 v0x600002b14a20_0, 0;
    %jmp T_2.16;
T_2.1 ;
    %load/vec4 v0x600002b14990_0;
    %assign/vec4 v0x600002b14900_0, 0;
    %pushi/vec4 0, 0, 1;
    %assign/vec4 v0x600002b14a20_0, 0;
    %jmp T_2.16;
T_2.2 ;
    %load/vec4 v0x600002b14630_0;
    %pad/u 32;
    %cmpi/e 434, 0, 32;
    %jmp/0xz  T_2.17, 4;
    %load/vec4 v0x600002b15200_0;
    %addi 1, 0, 4;
    %assign/vec4 v0x600002b15200_0, 0;
    %pushi/vec4 0, 0, 9;
    %assign/vec4 v0x600002b14630_0, 0;
    %jmp T_2.18;
T_2.17 ;
    %load/vec4 v0x600002b14630_0;
    %addi 1, 0, 9;
    %assign/vec4 v0x600002b14630_0, 0;
T_2.18 ;
    %pushi/vec4 0, 0, 1;
    %assign/vec4 v0x600002b15170_0, 0;
    %jmp T_2.16;
T_2.3 ;
    %load/vec4 v0x600002b15200_0;
    %cmpi/u 9, 0, 4;
    %jmp/0xz  T_2.19, 5;
    %load/vec4 v0x600002b14630_0;
    %pad/u 32;
    %cmpi/e 434, 0, 32;
    %jmp/0xz  T_2.21, 4;
    %load/vec4 v0x600002b15200_0;
    %addi 1, 0, 4;
    %assign/vec4 v0x600002b15200_0, 0;
    %pushi/vec4 0, 0, 9;
    %assign/vec4 v0x600002b14630_0, 0;
    %jmp T_2.22;
T_2.21 ;
    %load/vec4 v0x600002b14630_0;
    %addi 1, 0, 9;
    %assign/vec4 v0x600002b14630_0, 0;
T_2.22 ;
T_2.19 ;
    %load/vec4 v0x600002b14900_0;
    %load/vec4 v0x600002b15200_0;
    %pad/u 32;
    %subi 1, 0, 32;
    %part/u 1;
    %assign/vec4 v0x600002b15170_0, 0;
    %jmp T_2.16;
T_2.4 ;
    %load/vec4 v0x600002b14630_0;
    %pad/u 32;
    %cmpi/e 434, 0, 32;
    %jmp/0xz  T_2.23, 4;
    %load/vec4 v0x600002b15200_0;
    %addi 1, 0, 4;
    %assign/vec4 v0x600002b15200_0, 0;
    %pushi/vec4 0, 0, 9;
    %assign/vec4 v0x600002b14630_0, 0;
    %jmp T_2.24;
T_2.23 ;
    %load/vec4 v0x600002b14630_0;
    %addi 1, 0, 9;
    %assign/vec4 v0x600002b14630_0, 0;
T_2.24 ;
    %load/vec4 v0x600002b14900_0;
    %parti/s 8, 0, 2;
    %xnor/r;
    %assign/vec4 v0x600002b15170_0, 0;
    %jmp T_2.16;
T_2.5 ;
    %load/vec4 v0x600002b14630_0;
    %pad/u 32;
    %cmpi/e 434, 0, 32;
    %jmp/0xz  T_2.25, 4;
    %load/vec4 v0x600002b15200_0;
    %addi 1, 0, 4;
    %assign/vec4 v0x600002b15200_0, 0;
    %pushi/vec4 0, 0, 9;
    %assign/vec4 v0x600002b14630_0, 0;
    %jmp T_2.26;
T_2.25 ;
    %load/vec4 v0x600002b14630_0;
    %addi 1, 0, 9;
    %assign/vec4 v0x600002b14630_0, 0;
T_2.26 ;
    %pushi/vec4 1, 0, 1;
    %assign/vec4 v0x600002b15170_0, 0;
    %jmp T_2.16;
T_2.6 ;
    %load/vec4 v0x600002b15290_0;
    %cmpi/e 40, 0, 8;
    %jmp/0xz  T_2.27, 4;
    %pushi/vec4 1, 0, 1;
    %assign/vec4 v0x600002b15320_0, 0;
    %pushi/vec4 0, 0, 8;
    %assign/vec4 v0x600002b15290_0, 0;
    %pushi/vec4 0, 0, 4;
    %assign/vec4 v0x600002b15200_0, 0;
    %jmp T_2.28;
T_2.27 ;
    %load/vec4 v0x600002b15290_0;
    %addi 1, 0, 8;
    %assign/vec4 v0x600002b15290_0, 0;
    %pushi/vec4 0, 0, 1;
    %assign/vec4 v0x600002b15320_0, 0;
T_2.28 ;
    %jmp T_2.16;
T_2.7 ;
    %load/vec4 v0x600002b14630_0;
    %pad/u 32;
    %cmpi/e 434, 0, 32;
    %jmp/0xz  T_2.29, 4;
    %load/vec4 v0x600002b15200_0;
    %addi 1, 0, 4;
    %assign/vec4 v0x600002b15200_0, 0;
    %pushi/vec4 0, 0, 9;
    %assign/vec4 v0x600002b14630_0, 0;
    %jmp T_2.30;
T_2.29 ;
    %load/vec4 v0x600002b14630_0;
    %addi 1, 0, 9;
    %assign/vec4 v0x600002b14630_0, 0;
T_2.30 ;
    %pushi/vec4 0, 0, 1;
    %assign/vec4 v0x600002b15170_0, 0;
    %jmp T_2.16;
T_2.8 ;
    %load/vec4 v0x600002b15200_0;
    %cmpi/u 9, 0, 4;
    %jmp/0xz  T_2.31, 5;
    %load/vec4 v0x600002b14630_0;
    %pad/u 32;
    %cmpi/e 434, 0, 32;
    %jmp/0xz  T_2.33, 4;
    %load/vec4 v0x600002b15200_0;
    %addi 1, 0, 4;
    %assign/vec4 v0x600002b15200_0, 0;
    %pushi/vec4 0, 0, 9;
    %assign/vec4 v0x600002b14630_0, 0;
    %jmp T_2.34;
T_2.33 ;
    %load/vec4 v0x600002b14630_0;
    %addi 1, 0, 9;
    %assign/vec4 v0x600002b14630_0, 0;
T_2.34 ;
T_2.31 ;
    %load/vec4 v0x600002b14900_0;
    %load/vec4 v0x600002b15200_0;
    %pad/u 32;
    %addi 6, 0, 32;
    %part/u 1;
    %assign/vec4 v0x600002b15170_0, 0;
    %jmp T_2.16;
T_2.9 ;
    %load/vec4 v0x600002b14630_0;
    %pad/u 32;
    %cmpi/e 434, 0, 32;
    %jmp/0xz  T_2.35, 4;
    %load/vec4 v0x600002b15200_0;
    %addi 1, 0, 4;
    %assign/vec4 v0x600002b15200_0, 0;
    %pushi/vec4 0, 0, 9;
    %assign/vec4 v0x600002b14630_0, 0;
    %jmp T_2.36;
T_2.35 ;
    %load/vec4 v0x600002b14630_0;
    %addi 1, 0, 9;
    %assign/vec4 v0x600002b14630_0, 0;
T_2.36 ;
    %load/vec4 v0x600002b14900_0;
    %parti/s 8, 0, 2;
    %xnor/r;
    %assign/vec4 v0x600002b15170_0, 0;
    %jmp T_2.16;
T_2.10 ;
    %load/vec4 v0x600002b14630_0;
    %pad/u 32;
    %cmpi/e 434, 0, 32;
    %jmp/0xz  T_2.37, 4;
    %pushi/vec4 0, 0, 4;
    %assign/vec4 v0x600002b15200_0, 0;
    %pushi/vec4 0, 0, 9;
    %assign/vec4 v0x600002b14630_0, 0;
    %jmp T_2.38;
T_2.37 ;
    %load/vec4 v0x600002b14630_0;
    %addi 1, 0, 9;
    %assign/vec4 v0x600002b14630_0, 0;
T_2.38 ;
    %pushi/vec4 1, 0, 1;
    %assign/vec4 v0x600002b15170_0, 0;
    %jmp T_2.16;
T_2.11 ;
    %load/vec4 v0x600002b14630_0;
    %pad/u 32;
    %cmpi/e 434, 0, 32;
    %jmp/0xz  T_2.39, 4;
    %load/vec4 v0x600002b150e0_0;
    %addi 1, 0, 4;
    %assign/vec4 v0x600002b150e0_0, 0;
    %pushi/vec4 0, 0, 9;
    %assign/vec4 v0x600002b146c0_0, 0;
    %jmp T_2.40;
T_2.39 ;
    %load/vec4 v0x600002b15050_0;
    %parti/s 1, 2, 3;
    %cmpi/e 0, 0, 1;
    %jmp/0xz  T_2.41, 4;
    %load/vec4 v0x600002b146c0_0;
    %addi 1, 0, 9;
    %assign/vec4 v0x600002b146c0_0, 0;
T_2.41 ;
T_2.40 ;
    %jmp T_2.16;
T_2.12 ;
    %load/vec4 v0x600002b150e0_0;
    %pad/u 32;
    %cmpi/u 9, 0, 32;
    %jmp/0xz  T_2.43, 5;
    %load/vec4 v0x600002b146c0_0;
    %pad/u 32;
    %cmpi/e 217, 0, 32;
    %jmp/0xz  T_2.45, 4;
    %load/vec4 v0x600002b14d80_0;
    %parti/s 7, 1, 2;
    %load/vec4 v0x600002b15050_0;
    %parti/s 1, 2, 3;
    %concat/vec4; draw_concat_vec4
    %assign/vec4 v0x600002b14d80_0, 0;
T_2.45 ;
    %load/vec4 v0x600002b146c0_0;
    %pad/u 32;
    %cmpi/e 434, 0, 32;
    %jmp/0xz  T_2.47, 4;
    %load/vec4 v0x600002b150e0_0;
    %addi 1, 0, 4;
    %assign/vec4 v0x600002b150e0_0, 0;
    %pushi/vec4 0, 0, 9;
    %assign/vec4 v0x600002b146c0_0, 0;
T_2.47 ;
T_2.43 ;
    %jmp T_2.16;
T_2.13 ;
    %load/vec4 v0x600002b15050_0;
    %pad/u 32;
    %cmpi/u 10, 0, 32;
    %jmp/0xz  T_2.49, 5;
    %load/vec4 v0x600002b146c0_0;
    %pad/u 32;
    %cmpi/e 217, 0, 32;
    %jmp/0xz  T_2.51, 4;
    %load/vec4 v0x600002b15050_0;
    %parti/s 1, 2, 3;
    %assign/vec4 v0x600002b14750_0, 0;
T_2.51 ;
    %load/vec4 v0x600002b146c0_0;
    %pad/u 32;
    %cmpi/e 434, 0, 32;
    %jmp/0xz  T_2.53, 4;
    %load/vec4 v0x600002b150e0_0;
    %addi 1, 0, 4;
    %assign/vec4 v0x600002b150e0_0, 0;
    %pushi/vec4 0, 0, 9;
    %assign/vec4 v0x600002b146c0_0, 0;
T_2.53 ;
T_2.49 ;
    %jmp T_2.16;
T_2.14 ;
    %load/vec4 v0x600002b146c0_0;
    %pad/u 32;
    %cmpi/e 434, 0, 32;
    %jmp/0xz  T_2.55, 4;
    %load/vec4 v0x600002b150e0_0;
    %addi 1, 0, 4;
    %assign/vec4 v0x600002b150e0_0, 0;
    %pushi/vec4 0, 0, 9;
    %assign/vec4 v0x600002b146c0_0, 0;
    %jmp T_2.56;
T_2.55 ;
    %load/vec4 v0x600002b146c0_0;
    %addi 1, 0, 9;
    %assign/vec4 v0x600002b146c0_0, 0;
T_2.56 ;
    %jmp T_2.16;
T_2.15 ;
    %load/vec4 v0x600002b147e0_0;
    %flag_set/vec4 8;
    %jmp/0xz  T_2.57, 8;
    %load/vec4 v0x600002b14d80_0;
    %assign/vec4 v0x600002b14e10_0, 0;
T_2.57 ;
    %jmp T_2.16;
T_2.16 ;
    %pop/vec4 1;
    %jmp T_2;
    .thread T_2;
    .scope S_0x7fc2f77043c0;
T_3 ;
    %wait E_0x600001710210;
    %load/vec4 v0x600002b14f30_0;
    %nor/r;
    %flag_set/vec4 8;
    %jmp/0xz  T_3.0, 8;
    %pushi/vec4 0, 0, 3;
    %assign/vec4 v0x600002b15050_0, 0;
    %jmp T_3.1;
T_3.0 ;
    %load/vec4 v0x600002b15050_0;
    %parti/s 2, 0, 2;
    %load/vec4 v0x600002b14fc0_0;
    %concat/vec4; draw_concat_vec4
    %assign/vec4 v0x600002b15050_0, 0;
T_3.1 ;
    %jmp T_3;
    .thread T_3;
# The file index is used to find the file name in the following table.
:file_names 3;
    "N/A";
    "<interactive>";
    "uart_fsm.v";
