#! /usr/local/Cellar/icarus-verilog/11.0/bin/vvp
:ivl_version "11.0 (stable)";
:ivl_delay_selection "TYPICAL";
:vpi_time_precision + 0;
:vpi_module "/usr/local/Cellar/icarus-verilog/11.0/lib/ivl/system.vpi";
:vpi_module "/usr/local/Cellar/icarus-verilog/11.0/lib/ivl/vhdl_sys.vpi";
:vpi_module "/usr/local/Cellar/icarus-verilog/11.0/lib/ivl/vhdl_textio.vpi";
:vpi_module "/usr/local/Cellar/icarus-verilog/11.0/lib/ivl/v2005_math.vpi";
:vpi_module "/usr/local/Cellar/icarus-verilog/11.0/lib/ivl/va_math.vpi";
S_0x7fec02b04080 .scope module, "uart_tb" "uart_tb" 2 2;
 .timescale 0 0;
P_0x600003c3c000 .param/l "BR" 1 2 7, +C4<00000000000000011100001000000000>;
P_0x600003c3c040 .param/l "CHEAK" 1 2 8, +C4<00000000000000000000000000000001>;
P_0x600003c3c080 .param/l "CMD_WIDTH" 1 2 5, +C4<00000000000000000000000000010000>;
P_0x600003c3c0c0 .param/l "READ_WIDTH" 1 2 6, +C4<00000000000000000000000000001000>;
L_0x600002b24460/d .functor BUFZ 1, v0x600003221a70_0, C4<0>, C4<0>, C4<0>;
L_0x600002b24460 .delay 1 (100,100,100) L_0x600002b24460/d;
v0x600003221dd0_0 .var "clk", 0 0;
v0x600003221e60_0 .var "cmd_in", 15 0;
v0x600003221ef0_0 .net "cmd_rdy", 0 0, v0x600003221170_0;  1 drivers
v0x600003221f80_0 .var "cmd_vld", 0 0;
v0x600003222010_0 .net "read_data", 7 0, L_0x600002b243f0;  1 drivers
v0x6000032220a0_0 .net "read_rdy", 0 0, L_0x600002b24380;  1 drivers
v0x600003222130_0 .var "rst_n", 0 0;
v0x6000032221c0_0 .var "rx", 0 0;
v0x600003222250_0 .net "rx_temp", 0 0, L_0x600002b24460;  1 drivers
v0x6000032222e0_0 .net "tx", 0 0, v0x600003221a70_0;  1 drivers
S_0x7fec02b041f0 .scope module, "uart_dut" "uart" 2 25, 3 1 0, S_0x7fec02b04080;
 .timescale 0 0;
    .port_info 0 /INPUT 1 "clk";
    .port_info 1 /INPUT 1 "rst_n";
    .port_info 2 /INPUT 16 "cmd_in";
    .port_info 3 /INPUT 1 "cmd_vld";
    .port_info 4 /INPUT 1 "rx";
    .port_info 5 /OUTPUT 1 "tx";
    .port_info 6 /OUTPUT 1 "read_rdy";
    .port_info 7 /OUTPUT 8 "read_data";
    .port_info 8 /OUTPUT 1 "cmd_rdy";
P_0x600003c3c100 .param/l "BR" 0 3 4, +C4<00000000000000011100001000000000>;
P_0x600003c3c140 .param/l "CHEAK" 0 3 5, +C4<00000000000000000000000000000001>;
P_0x600003c3c180 .param/l "CMD_WIDTH" 0 3 2, +C4<00000000000000000000000000010000>;
P_0x600003c3c1c0 .param/l "READ_WIDTH" 0 3 3, +C4<00000000000000000000000000001000>;
L_0x600002b24000 .functor NOT 1, L_0x600003124000, C4<0>, C4<0>, C4<0>;
L_0x600002b24070 .functor OR 1, L_0x600002b24000, v0x600003221b90_0, C4<0>, C4<0>;
L_0x600002b240e0 .functor AND 1, L_0x600002b24070, L_0x6000031240a0, C4<1>, C4<1>;
L_0x600002b24150 .functor AND 1, L_0x600002b240e0, L_0x6000031241e0, C4<1>, C4<1>;
L_0x600002b241c0 .functor AND 1, L_0x600003124460, L_0x600003124500, C4<1>, C4<1>;
L_0x600002b242a0 .functor AND 1, L_0x600003124780, L_0x600003124820, C4<1>, C4<1>;
L_0x600002b24230 .functor XNOR 1, L_0x6000031243c0, L_0x6000031248c0, C4<0>, C4<0>;
L_0x600002b24310 .functor AND 1, L_0x600002b242a0, L_0x600002b24230, C4<1>, C4<1>;
L_0x600002b24380 .functor BUFZ 1, L_0x600002b24310, C4<0>, C4<0>, C4<0>;
L_0x600002b243f0 .functor BUFZ 8, v0x600003221710_0, C4<00000000>, C4<00000000>, C4<00000000>;
v0x600003220000_0 .net *"_ivl_10", 31 0, L_0x600003124140;  1 drivers
L_0x7fec02863008 .functor BUFT 1, C4<0000000000000000000000000000>, C4<0>, C4<0>, C4<0>;
v0x600003220090_0 .net *"_ivl_13", 27 0, L_0x7fec02863008;  1 drivers
L_0x7fec02863050 .functor BUFT 1, C4<00000000000000000000000000001010>, C4<0>, C4<0>, C4<0>;
v0x600003220120_0 .net/2u *"_ivl_14", 31 0, L_0x7fec02863050;  1 drivers
v0x6000032201b0_0 .net *"_ivl_16", 0 0, L_0x6000031241e0;  1 drivers
v0x600003220240_0 .net *"_ivl_2", 0 0, L_0x600002b24000;  1 drivers
v0x6000032202d0_0 .net *"_ivl_21", 1 0, L_0x600003124280;  1 drivers
L_0x7fec02863098 .functor BUFT 1, C4<01>, C4<0>, C4<0>, C4<0>;
v0x600003220360_0 .net/2u *"_ivl_22", 1 0, L_0x7fec02863098;  1 drivers
v0x6000032203f0_0 .net *"_ivl_28", 0 0, L_0x600003124460;  1 drivers
L_0x7fec028630e0 .functor BUFT 1, C4<1010>, C4<0>, C4<0>, C4<0>;
v0x600003220480_0 .net/2u *"_ivl_30", 3 0, L_0x7fec028630e0;  1 drivers
v0x600003220510_0 .net *"_ivl_32", 0 0, L_0x600003124500;  1 drivers
v0x6000032205a0_0 .net *"_ivl_36", 31 0, L_0x6000031245a0;  1 drivers
L_0x7fec02863128 .functor BUFT 1, C4<00000000000000000000000>, C4<0>, C4<0>, C4<0>;
v0x600003220630_0 .net *"_ivl_39", 22 0, L_0x7fec02863128;  1 drivers
v0x6000032206c0_0 .net *"_ivl_40", 31 0, L_0x600003124640;  1 drivers
L_0x7fec02863170 .functor BUFT 1, C4<00000000000000000000000>, C4<0>, C4<0>, C4<0>;
v0x600003220750_0 .net *"_ivl_43", 22 0, L_0x7fec02863170;  1 drivers
L_0x7fec028631b8 .functor BUFT 1, C4<00000000000000000000000000000010>, C4<0>, C4<0>, C4<0>;
v0x6000032207e0_0 .net/2u *"_ivl_44", 31 0, L_0x7fec028631b8;  1 drivers
v0x600003220870_0 .net *"_ivl_46", 31 0, L_0x6000031246e0;  1 drivers
v0x600003220900_0 .net *"_ivl_48", 0 0, L_0x600003124780;  1 drivers
v0x600003220990_0 .net *"_ivl_5", 0 0, L_0x600002b24070;  1 drivers
L_0x7fec02863200 .functor BUFT 1, C4<1001>, C4<0>, C4<0>, C4<0>;
v0x600003220a20_0 .net/2u *"_ivl_50", 3 0, L_0x7fec02863200;  1 drivers
v0x600003220ab0_0 .net *"_ivl_52", 0 0, L_0x600003124820;  1 drivers
v0x600003220b40_0 .net *"_ivl_55", 0 0, L_0x600002b242a0;  1 drivers
v0x600003220bd0_0 .net *"_ivl_57", 0 0, L_0x6000031248c0;  1 drivers
v0x600003220c60_0 .net *"_ivl_58", 0 0, L_0x600002b24230;  1 drivers
v0x600003220cf0_0 .net *"_ivl_6", 0 0, L_0x6000031240a0;  1 drivers
v0x600003220d80_0 .net *"_ivl_9", 0 0, L_0x600002b240e0;  1 drivers
v0x600003220e10_0 .var "br", 8 0;
v0x600003220ea0_0 .var "br_cnt", 8 0;
v0x600003220f30_0 .var "br_cnt2", 8 0;
v0x600003220fc0_0 .net "check_finish", 0 0, L_0x600002b24310;  1 drivers
v0x600003221050_0 .net "clk", 0 0, v0x600003221dd0_0;  1 drivers
v0x6000032210e0_0 .net "cmd_in", 15 0, v0x600003221e60_0;  1 drivers
v0x600003221170_0 .var "cmd_rdy", 0 0;
v0x600003221200_0 .var "cmd_temp", 15 0;
v0x600003221290_0 .net "cmd_vld", 0 0, v0x600003221f80_0;  1 drivers
v0x600003221320_0 .net "nedge_rx", 0 0, L_0x600003124320;  1 drivers
v0x6000032213b0_0 .net "read_data", 7 0, L_0x600002b243f0;  alias, 1 drivers
v0x600003221440_0 .net "read_rdy", 0 0, L_0x600002b24380;  alias, 1 drivers
v0x6000032214d0_0 .net "rst_n", 0 0, v0x600003222130_0;  1 drivers
v0x600003221560_0 .net "rw_flag", 0 0, L_0x600003124000;  1 drivers
v0x6000032215f0_0 .net "rx", 0 0, L_0x600002b24460;  alias, 1 drivers
v0x600003221680_0 .var "rx_cnt", 3 0;
v0x600003221710_0 .var "rx_data_buf", 7 0;
v0x6000032217a0_0 .var "rx_dly", 2 0;
v0x600003221830_0 .net "rx_sync", 0 0, L_0x6000031243c0;  1 drivers
v0x6000032218c0_0 .var "rx_work_done", 0 0;
v0x600003221950_0 .net "rx_work_down", 0 0, L_0x600002b241c0;  1 drivers
v0x6000032219e0_0 .var "rx_work_en", 0 0;
v0x600003221a70_0 .var "tx", 0 0;
v0x600003221b00_0 .var "tx_cnt", 3 0;
v0x600003221b90_0 .var "tx_flag", 0 0;
v0x600003221c20_0 .var "tx_temp", 10 0;
v0x600003221cb0_0 .net "work_down", 0 0, L_0x600002b24150;  1 drivers
v0x600003221d40_0 .var "work_en", 0 0;
E_0x600000e28540/0 .event negedge, v0x6000032214d0_0;
E_0x600000e28540/1 .event posedge, v0x600003221050_0;
E_0x600000e28540 .event/or E_0x600000e28540/0, E_0x600000e28540/1;
E_0x600000e28d80/0 .event edge, v0x6000032214d0_0;
E_0x600000e28d80/1 .event posedge, v0x600003221050_0;
E_0x600000e28d80 .event/or E_0x600000e28d80/0, E_0x600000e28d80/1;
L_0x600003124000 .part v0x600003221200_0, 15, 1;
L_0x6000031240a0 .cmp/eq 9, v0x600003220ea0_0, v0x600003220e10_0;
L_0x600003124140 .concat [ 4 28 0 0], v0x600003221b00_0, L_0x7fec02863008;
L_0x6000031241e0 .cmp/eq 32, L_0x600003124140, L_0x7fec02863050;
L_0x600003124280 .part v0x6000032217a0_0, 1, 2;
L_0x600003124320 .cmp/eq 2, L_0x600003124280, L_0x7fec02863098;
L_0x6000031243c0 .part v0x6000032217a0_0, 2, 1;
L_0x600003124460 .cmp/eq 9, v0x600003220f30_0, v0x600003220e10_0;
L_0x600003124500 .cmp/eq 4, v0x600003221680_0, L_0x7fec028630e0;
L_0x6000031245a0 .concat [ 9 23 0 0], v0x600003220f30_0, L_0x7fec02863128;
L_0x600003124640 .concat [ 9 23 0 0], v0x600003220e10_0, L_0x7fec02863170;
L_0x6000031246e0 .arith/div 32, L_0x600003124640, L_0x7fec028631b8;
L_0x600003124780 .cmp/eq 32, L_0x6000031245a0, L_0x6000031246e0;
L_0x600003124820 .cmp/eq 4, v0x600003221680_0, L_0x7fec02863200;
L_0x6000031248c0 .reduce/xnor v0x600003221710_0;
S_0x7fec02b04560 .scope task, "wt" "wt" 2 55, 2 55 0, S_0x7fec02b04080;
 .timescale 0 0;
E_0x600000e28e40 .event posedge, v0x600003221050_0;
TD_uart_tb.wt ;
    %delay 100, 0;
    %wait E_0x600000e28e40;
    %pushi/vec4 52287, 0, 16;
    %store/vec4 v0x600003221e60_0, 0, 16;
    %wait E_0x600000e28e40;
    %pushi/vec4 1, 0, 1;
    %store/vec4 v0x600003221f80_0, 0, 1;
    %delay 100, 0;
    %wait E_0x600000e28e40;
    %pushi/vec4 0, 0, 1;
    %store/vec4 v0x600003221f80_0, 0, 1;
    %delay 50, 0;
    %wait E_0x600000e28e40;
    %pushi/vec4 0, 0, 16;
    %store/vec4 v0x600003221e60_0, 0, 16;
    %end;
    .scope S_0x7fec02b041f0;
T_1 ;
    %pushi/vec4 434, 0, 9;
    %store/vec4 v0x600003220e10_0, 0, 9;
    %end;
    .thread T_1;
    .scope S_0x7fec02b041f0;
T_2 ;
    %wait E_0x600000e28540;
    %load/vec4 v0x6000032214d0_0;
    %nor/r;
    %flag_set/vec4 8;
    %jmp/0xz  T_2.0, 8;
    %pushi/vec4 0, 0, 1;
    %assign/vec4 v0x600003221d40_0, 0;
    %jmp T_2.1;
T_2.0 ;
    %load/vec4 v0x600003221cb0_0;
    %flag_set/vec4 8;
    %jmp/0xz  T_2.2, 8;
    %pushi/vec4 0, 0, 1;
    %assign/vec4 v0x600003221d40_0, 0;
    %jmp T_2.3;
T_2.2 ;
    %load/vec4 v0x600003221290_0;
    %flag_set/vec4 8;
    %jmp/0xz  T_2.4, 8;
    %pushi/vec4 1, 0, 1;
    %assign/vec4 v0x600003221d40_0, 0;
T_2.4 ;
T_2.3 ;
T_2.1 ;
    %jmp T_2;
    .thread T_2;
    .scope S_0x7fec02b041f0;
T_3 ;
    %wait E_0x600000e28d80;
    %load/vec4 v0x6000032214d0_0;
    %nor/r;
    %flag_set/vec4 8;
    %jmp/0xz  T_3.0, 8;
    %pushi/vec4 1, 0, 1;
    %assign/vec4 v0x600003221170_0, 0;
    %jmp T_3.1;
T_3.0 ;
    %load/vec4 v0x600003221290_0;
    %flag_set/vec4 8;
    %jmp/0xz  T_3.2, 8;
    %pushi/vec4 0, 0, 1;
    %assign/vec4 v0x600003221170_0, 0;
    %jmp T_3.3;
T_3.2 ;
    %load/vec4 v0x600003221cb0_0;
    %flag_set/vec4 8;
    %jmp/0xz  T_3.4, 8;
    %pushi/vec4 1, 0, 1;
    %assign/vec4 v0x600003221170_0, 0;
T_3.4 ;
T_3.3 ;
T_3.1 ;
    %jmp T_3;
    .thread T_3;
    .scope S_0x7fec02b041f0;
T_4 ;
    %wait E_0x600000e28540;
    %load/vec4 v0x6000032214d0_0;
    %nor/r;
    %flag_set/vec4 8;
    %jmp/0xz  T_4.0, 8;
    %pushi/vec4 0, 0, 16;
    %assign/vec4 v0x600003221200_0, 0;
    %jmp T_4.1;
T_4.0 ;
    %load/vec4 v0x600003221290_0;
    %load/vec4 v0x600003221170_0;
    %and;
    %flag_set/vec4 8;
    %jmp/0xz  T_4.2, 8;
    %load/vec4 v0x6000032210e0_0;
    %assign/vec4 v0x600003221200_0, 0;
T_4.2 ;
T_4.1 ;
    %jmp T_4;
    .thread T_4;
    .scope S_0x7fec02b041f0;
T_5 ;
    %wait E_0x600000e28540;
    %load/vec4 v0x6000032214d0_0;
    %nor/r;
    %flag_set/vec4 8;
    %jmp/0xz  T_5.0, 8;
    %pushi/vec4 0, 0, 11;
    %assign/vec4 v0x600003221c20_0, 0;
    %jmp T_5.1;
T_5.0 ;
    %load/vec4 v0x600003221290_0;
    %nor/r;
    %load/vec4 v0x600003221b90_0;
    %nor/r;
    %and;
    %flag_set/vec4 8;
    %jmp/0xz  T_5.2, 8;
    %pushi/vec4 0, 0, 1;
    %load/vec4 v0x600003221200_0;
    %parti/s 8, 8, 5;
    %concat/vec4; draw_concat_vec4
    %load/vec4 v0x600003221200_0;
    %parti/s 9, 7, 4;
    %xnor/r;
    %concat/vec4; draw_concat_vec4
    %concati/vec4 0, 0, 1;
    %assign/vec4 v0x600003221c20_0, 0;
    %jmp T_5.3;
T_5.2 ;
    %load/vec4 v0x600003221290_0;
    %nor/r;
    %load/vec4 v0x600003221b90_0;
    %and;
    %flag_set/vec4 8;
    %jmp/0xz  T_5.4, 8;
    %pushi/vec4 0, 0, 1;
    %load/vec4 v0x600003221200_0;
    %parti/s 8, 0, 2;
    %concat/vec4; draw_concat_vec4
    %load/vec4 v0x600003221200_0;
    %parti/s 8, 0, 2;
    %xnor/r;
    %concat/vec4; draw_concat_vec4
    %concati/vec4 0, 0, 1;
    %assign/vec4 v0x600003221c20_0, 0;
T_5.4 ;
T_5.3 ;
T_5.1 ;
    %jmp T_5;
    .thread T_5;
    .scope S_0x7fec02b041f0;
T_6 ;
    %wait E_0x600000e28540;
    %load/vec4 v0x6000032214d0_0;
    %nor/r;
    %flag_set/vec4 8;
    %jmp/0xz  T_6.0, 8;
    %pushi/vec4 0, 0, 9;
    %assign/vec4 v0x600003220ea0_0, 0;
    %jmp T_6.1;
T_6.0 ;
    %load/vec4 v0x600003220ea0_0;
    %load/vec4 v0x600003220e10_0;
    %cmp/e;
    %jmp/0xz  T_6.2, 4;
    %pushi/vec4 0, 0, 9;
    %assign/vec4 v0x600003220ea0_0, 0;
    %jmp T_6.3;
T_6.2 ;
    %load/vec4 v0x600003221d40_0;
    %load/vec4 v0x600003221b00_0;
    %pad/u 32;
    %cmpi/u 10, 0, 32;
    %flag_get/vec4 4;
    %flag_get/vec4 5;
    %or;
    %and;
    %flag_set/vec4 8;
    %jmp/0xz  T_6.4, 8;
    %load/vec4 v0x600003220ea0_0;
    %addi 1, 0, 9;
    %assign/vec4 v0x600003220ea0_0, 0;
T_6.4 ;
T_6.3 ;
T_6.1 ;
    %jmp T_6;
    .thread T_6;
    .scope S_0x7fec02b041f0;
T_7 ;
    %wait E_0x600000e28540;
    %load/vec4 v0x6000032214d0_0;
    %nor/r;
    %flag_set/vec4 8;
    %jmp/0xz  T_7.0, 8;
    %pushi/vec4 0, 0, 4;
    %assign/vec4 v0x600003221b00_0, 0;
    %jmp T_7.1;
T_7.0 ;
    %load/vec4 v0x600003221b00_0;
    %pad/u 32;
    %cmpi/e 11, 0, 32;
    %jmp/0xz  T_7.2, 4;
    %pushi/vec4 0, 0, 4;
    %assign/vec4 v0x600003221b00_0, 0;
    %jmp T_7.3;
T_7.2 ;
    %load/vec4 v0x600003220ea0_0;
    %load/vec4 v0x600003220e10_0;
    %cmp/e;
    %jmp/0xz  T_7.4, 4;
    %load/vec4 v0x600003221b00_0;
    %addi 1, 0, 4;
    %assign/vec4 v0x600003221b00_0, 0;
T_7.4 ;
T_7.3 ;
T_7.1 ;
    %jmp T_7;
    .thread T_7;
    .scope S_0x7fec02b041f0;
T_8 ;
    %wait E_0x600000e28540;
    %load/vec4 v0x6000032214d0_0;
    %nor/r;
    %flag_set/vec4 8;
    %jmp/0xz  T_8.0, 8;
    %pushi/vec4 0, 0, 1;
    %assign/vec4 v0x600003221b90_0, 0;
    %jmp T_8.1;
T_8.0 ;
    %load/vec4 v0x600003221b00_0;
    %pad/u 32;
    %pushi/vec4 10, 0, 32;
    %cmp/e;
    %flag_get/vec4 4;
    %load/vec4 v0x600003221560_0;
    %and;
    %load/vec4 v0x600003220ea0_0;
    %load/vec4 v0x600003220e10_0;
    %cmp/e;
    %flag_get/vec4 4;
    %and;
    %flag_set/vec4 8;
    %jmp/0xz  T_8.2, 8;
    %load/vec4 v0x600003221b90_0;
    %inv;
    %assign/vec4 v0x600003221b90_0, 0;
T_8.2 ;
T_8.1 ;
    %jmp T_8;
    .thread T_8;
    .scope S_0x7fec02b041f0;
T_9 ;
    %wait E_0x600000e28540;
    %load/vec4 v0x6000032214d0_0;
    %nor/r;
    %flag_set/vec4 8;
    %jmp/0xz  T_9.0, 8;
    %pushi/vec4 0, 0, 1;
    %assign/vec4 v0x600003221a70_0, 0;
    %jmp T_9.1;
T_9.0 ;
    %load/vec4 v0x600003221b00_0;
    %pad/u 32;
    %cmpi/u 1, 0, 32;
    %flag_inv 5; GE is !LT
    %jmp/0xz  T_9.2, 5;
    %load/vec4 v0x600003220ea0_0;
    %cmpi/ne 0, 0, 9;
    %jmp/0xz  T_9.4, 4;
    %load/vec4 v0x600003221c20_0;
    %pushi/vec4 10, 0, 32;
    %load/vec4 v0x600003221b00_0;
    %pad/u 32;
    %sub;
    %part/u 1;
    %assign/vec4 v0x600003221a70_0, 0;
    %jmp T_9.5;
T_9.4 ;
    %load/vec4 v0x600003221b00_0;
    %pad/u 32;
    %cmpi/e 0, 0, 32;
    %jmp/0xz  T_9.6, 4;
    %pushi/vec4 0, 0, 1;
    %assign/vec4 v0x600003221a70_0, 0;
T_9.6 ;
T_9.5 ;
T_9.2 ;
T_9.1 ;
    %jmp T_9;
    .thread T_9;
    .scope S_0x7fec02b041f0;
T_10 ;
    %wait E_0x600000e28540;
    %load/vec4 v0x6000032214d0_0;
    %nor/r;
    %flag_set/vec4 8;
    %jmp/0xz  T_10.0, 8;
    %pushi/vec4 0, 0, 3;
    %assign/vec4 v0x6000032217a0_0, 0;
    %jmp T_10.1;
T_10.0 ;
    %load/vec4 v0x6000032217a0_0;
    %parti/s 2, 0, 2;
    %load/vec4 v0x6000032215f0_0;
    %concat/vec4; draw_concat_vec4
    %assign/vec4 v0x6000032217a0_0, 0;
T_10.1 ;
    %jmp T_10;
    .thread T_10;
    .scope S_0x7fec02b041f0;
T_11 ;
    %wait E_0x600000e28540;
    %load/vec4 v0x6000032214d0_0;
    %nor/r;
    %flag_set/vec4 8;
    %jmp/0xz  T_11.0, 8;
    %pushi/vec4 0, 0, 1;
    %assign/vec4 v0x6000032219e0_0, 0;
    %jmp T_11.1;
T_11.0 ;
    %load/vec4 v0x6000032218c0_0;
    %flag_set/vec4 8;
    %jmp/0xz  T_11.2, 8;
    %pushi/vec4 0, 0, 1;
    %assign/vec4 v0x6000032219e0_0, 0;
    %jmp T_11.3;
T_11.2 ;
    %load/vec4 v0x600003221320_0;
    %flag_set/vec4 8;
    %jmp/0xz  T_11.4, 8;
    %pushi/vec4 1, 0, 1;
    %assign/vec4 v0x6000032219e0_0, 0;
T_11.4 ;
T_11.3 ;
T_11.1 ;
    %jmp T_11;
    .thread T_11;
    .scope S_0x7fec02b041f0;
T_12 ;
    %wait E_0x600000e28540;
    %load/vec4 v0x6000032214d0_0;
    %nor/r;
    %flag_set/vec4 8;
    %jmp/0xz  T_12.0, 8;
    %pushi/vec4 0, 0, 9;
    %assign/vec4 v0x600003220f30_0, 0;
    %jmp T_12.1;
T_12.0 ;
    %load/vec4 v0x600003220f30_0;
    %load/vec4 v0x600003220e10_0;
    %cmp/e;
    %jmp/0xz  T_12.2, 4;
    %pushi/vec4 0, 0, 9;
    %assign/vec4 v0x600003220f30_0, 0;
    %jmp T_12.3;
T_12.2 ;
    %load/vec4 v0x6000032219e0_0;
    %load/vec4 v0x600003221680_0;
    %pad/u 32;
    %cmpi/u 11, 0, 32;
    %flag_get/vec4 4;
    %flag_get/vec4 5;
    %or;
    %and;
    %flag_set/vec4 8;
    %jmp/0xz  T_12.4, 8;
    %load/vec4 v0x600003220f30_0;
    %addi 1, 0, 9;
    %assign/vec4 v0x600003220f30_0, 0;
T_12.4 ;
T_12.3 ;
T_12.1 ;
    %jmp T_12;
    .thread T_12;
    .scope S_0x7fec02b041f0;
T_13 ;
    %wait E_0x600000e28540;
    %load/vec4 v0x6000032214d0_0;
    %nor/r;
    %flag_set/vec4 8;
    %jmp/0xz  T_13.0, 8;
    %pushi/vec4 0, 0, 4;
    %assign/vec4 v0x600003221680_0, 0;
    %jmp T_13.1;
T_13.0 ;
    %load/vec4 v0x600003221680_0;
    %pad/u 32;
    %cmpi/e 11, 0, 32;
    %jmp/0xz  T_13.2, 4;
    %pushi/vec4 0, 0, 4;
    %assign/vec4 v0x600003221680_0, 0;
    %jmp T_13.3;
T_13.2 ;
    %load/vec4 v0x600003220ea0_0;
    %load/vec4 v0x600003220e10_0;
    %cmp/e;
    %jmp/0xz  T_13.4, 4;
    %load/vec4 v0x600003221680_0;
    %addi 1, 0, 4;
    %assign/vec4 v0x600003221680_0, 0;
T_13.4 ;
T_13.3 ;
T_13.1 ;
    %jmp T_13;
    .thread T_13;
    .scope S_0x7fec02b041f0;
T_14 ;
    %wait E_0x600000e28540;
    %load/vec4 v0x6000032214d0_0;
    %nor/r;
    %flag_set/vec4 8;
    %jmp/0xz  T_14.0, 8;
    %pushi/vec4 0, 0, 8;
    %assign/vec4 v0x600003221710_0, 0;
    %jmp T_14.1;
T_14.0 ;
    %load/vec4 v0x600003220f30_0;
    %pushi/vec4 0, 0, 9;
    %cmp/ne;
    %flag_get/vec4 4;
    %load/vec4 v0x6000032219e0_0;
    %and;
    %flag_set/vec4 8;
    %jmp/0xz  T_14.2, 8;
    %load/vec4 v0x600003221680_0;
    %pad/u 32;
    %cmpi/u 9, 0, 32;
    %flag_get/vec4 5;
    %load/vec4 v0x600003220f30_0;
    %pad/u 32;
    %load/vec4 v0x600003220e10_0;
    %pad/u 32;
    %pushi/vec4 2, 0, 32;
    %div;
    %cmp/e;
    %flag_get/vec4 4;
    %and;
    %flag_set/vec4 8;
    %jmp/0xz  T_14.4, 8;
    %load/vec4 v0x600003221710_0;
    %parti/s 7, 0, 2;
    %load/vec4 v0x600003221830_0;
    %concat/vec4; draw_concat_vec4
    %assign/vec4 v0x600003221710_0, 0;
    %jmp T_14.5;
T_14.4 ;
    %load/vec4 v0x6000032219e0_0;
    %cmpi/e 0, 0, 1;
    %jmp/0xz  T_14.6, 4;
    %pushi/vec4 0, 0, 8;
    %assign/vec4 v0x600003221710_0, 0;
T_14.6 ;
T_14.5 ;
T_14.2 ;
T_14.1 ;
    %jmp T_14;
    .thread T_14;
    .scope S_0x7fec02b04080;
T_15 ;
    %pushi/vec4 0, 0, 1;
    %store/vec4 v0x600003221dd0_0, 0, 1;
    %pushi/vec4 0, 0, 1;
    %store/vec4 v0x600003222130_0, 0, 1;
    %pushi/vec4 0, 0, 1;
    %store/vec4 v0x600003221f80_0, 0, 1;
    %pushi/vec4 1, 0, 1;
    %store/vec4 v0x6000032221c0_0, 0, 1;
    %end;
    .thread T_15;
    .scope S_0x7fec02b04080;
T_16 ;
    %pushi/vec4 1, 0, 1;
    %store/vec4 v0x600003222130_0, 0, 1;
    %pushi/vec4 0, 0, 1;
    %store/vec4 v0x600003221f80_0, 0, 1;
    %pushi/vec4 1, 0, 1;
    %store/vec4 v0x6000032221c0_0, 0, 1;
    %delay 10, 0;
    %pushi/vec4 0, 0, 1;
    %store/vec4 v0x600003222130_0, 0, 1;
    %delay 10, 0;
    %pushi/vec4 1, 0, 1;
    %store/vec4 v0x600003222130_0, 0, 1;
    %delay 1000000, 0;
    %vpi_call 2 47 "$finish" {0 0 0};
    %end;
    .thread T_16;
    .scope S_0x7fec02b04080;
T_17 ;
    %fork TD_uart_tb.wt, S_0x7fec02b04560;
    %join;
    %delay 100, 0;
    %end;
    .thread T_17;
    .scope S_0x7fec02b04080;
T_18 ;
    %delay 5, 0;
    %load/vec4 v0x600003221dd0_0;
    %nor/r;
    %store/vec4 v0x600003221dd0_0, 0, 1;
    %jmp T_18;
    .thread T_18;
    .scope S_0x7fec02b04080;
T_19 ;
    %vpi_call 2 129 "$dumpfile", "wave.vcd" {0 0 0};
    %vpi_call 2 130 "$dumpvars" {0 0 0};
    %end;
    .thread T_19;
# The file index is used to find the file name in the following table.
:file_names 4;
    "N/A";
    "<interactive>";
    "uart_tb.v";
    "./uart1.v";
