#! /usr/local/Cellar/icarus-verilog/11.0/bin/vvp
:ivl_version "11.0 (stable)";
:ivl_delay_selection "TYPICAL";
:vpi_time_precision + 0;
:vpi_module "/usr/local/Cellar/icarus-verilog/11.0/lib/ivl/system.vpi";
:vpi_module "/usr/local/Cellar/icarus-verilog/11.0/lib/ivl/vhdl_sys.vpi";
:vpi_module "/usr/local/Cellar/icarus-verilog/11.0/lib/ivl/vhdl_textio.vpi";
:vpi_module "/usr/local/Cellar/icarus-verilog/11.0/lib/ivl/v2005_math.vpi";
:vpi_module "/usr/local/Cellar/icarus-verilog/11.0/lib/ivl/va_math.vpi";
S_0x7fd1c4f043c0 .scope module, "uart" "uart" 2 1;
 .timescale 0 0;
    .port_info 0 /INPUT 1 "clk";
    .port_info 1 /INPUT 1 "rst_n";
    .port_info 2 /INPUT 16 "cmd_in";
    .port_info 3 /INPUT 1 "cmd_vld";
    .port_info 4 /INPUT 1 "rx";
    .port_info 5 /OUTPUT 1 "tx";
    .port_info 6 /OUTPUT 1 "read_rdy";
    .port_info 7 /OUTPUT 8 "read_data";
    .port_info 8 /OUTPUT 1 "cmd_rdy";
P_0x600001ab8000 .param/l "BR" 0 2 4, +C4<00000000000000011100001000000000>;
P_0x600001ab8040 .param/l "CHEAK" 0 2 5, +C4<00000000000000000000000000000001>;
P_0x600001ab8080 .param/l "CMD_WIDTH" 0 2 2, +C4<00000000000000000000000000010000>;
P_0x600001ab80c0 .param/l "READ_WIDTH" 0 2 3, +C4<00000000000000000000000000001000>;
L_0x600000da8000 .functor NOT 1, L_0x6000017b8000, C4<0>, C4<0>, C4<0>;
L_0x600000da8070 .functor OR 1, L_0x600000da8000, v0x6000014b5b90_0, C4<0>, C4<0>;
L_0x600000da80e0 .functor AND 1, L_0x600000da8070, L_0x6000017b80a0, C4<1>, C4<1>;
L_0x600000db0700 .functor AND 1, L_0x600000da80e0, L_0x6000017b4000, C4<1>, C4<1>;
L_0x600000db0770 .functor AND 1, L_0x6000017b4280, L_0x6000017b4320, C4<1>, C4<1>;
L_0x600000db0850 .functor AND 1, L_0x6000017b45a0, L_0x6000017b4640, C4<1>, C4<1>;
L_0x600000db07e0 .functor XNOR 1, L_0x6000017b41e0, L_0x6000017b46e0, C4<0>, C4<0>;
L_0x600000db08c0 .functor AND 1, L_0x600000db0850, L_0x600000db07e0, C4<1>, C4<1>;
L_0x600000db0930 .functor BUFZ 1, L_0x600000db08c0, C4<0>, C4<0>, C4<0>;
L_0x600000db09a0 .functor BUFZ 8, v0x6000014b5710_0, C4<00000000>, C4<00000000>, C4<00000000>;
v0x6000014b4000_0 .net *"_ivl_10", 31 0, L_0x6000017b8140;  1 drivers
L_0x7fd1c6063008 .functor BUFT 1, C4<0000000000000000000000000000>, C4<0>, C4<0>, C4<0>;
v0x6000014b4090_0 .net *"_ivl_13", 27 0, L_0x7fd1c6063008;  1 drivers
L_0x7fd1c6063050 .functor BUFT 1, C4<00000000000000000000000000001010>, C4<0>, C4<0>, C4<0>;
v0x6000014b4120_0 .net/2u *"_ivl_14", 31 0, L_0x7fd1c6063050;  1 drivers
v0x6000014b41b0_0 .net *"_ivl_16", 0 0, L_0x6000017b4000;  1 drivers
v0x6000014b4240_0 .net *"_ivl_2", 0 0, L_0x600000da8000;  1 drivers
v0x6000014b42d0_0 .net *"_ivl_21", 1 0, L_0x6000017b40a0;  1 drivers
L_0x7fd1c6063098 .functor BUFT 1, C4<01>, C4<0>, C4<0>, C4<0>;
v0x6000014b4360_0 .net/2u *"_ivl_22", 1 0, L_0x7fd1c6063098;  1 drivers
v0x6000014b43f0_0 .net *"_ivl_28", 0 0, L_0x6000017b4280;  1 drivers
L_0x7fd1c60630e0 .functor BUFT 1, C4<1010>, C4<0>, C4<0>, C4<0>;
v0x6000014b4480_0 .net/2u *"_ivl_30", 3 0, L_0x7fd1c60630e0;  1 drivers
v0x6000014b4510_0 .net *"_ivl_32", 0 0, L_0x6000017b4320;  1 drivers
v0x6000014b45a0_0 .net *"_ivl_36", 31 0, L_0x6000017b43c0;  1 drivers
L_0x7fd1c6063128 .functor BUFT 1, C4<00000000000000000000000>, C4<0>, C4<0>, C4<0>;
v0x6000014b4630_0 .net *"_ivl_39", 22 0, L_0x7fd1c6063128;  1 drivers
v0x6000014b46c0_0 .net *"_ivl_40", 31 0, L_0x6000017b4460;  1 drivers
L_0x7fd1c6063170 .functor BUFT 1, C4<00000000000000000000000>, C4<0>, C4<0>, C4<0>;
v0x6000014b4750_0 .net *"_ivl_43", 22 0, L_0x7fd1c6063170;  1 drivers
L_0x7fd1c60631b8 .functor BUFT 1, C4<00000000000000000000000000000010>, C4<0>, C4<0>, C4<0>;
v0x6000014b47e0_0 .net/2u *"_ivl_44", 31 0, L_0x7fd1c60631b8;  1 drivers
v0x6000014b4870_0 .net *"_ivl_46", 31 0, L_0x6000017b4500;  1 drivers
v0x6000014b4900_0 .net *"_ivl_48", 0 0, L_0x6000017b45a0;  1 drivers
v0x6000014b4990_0 .net *"_ivl_5", 0 0, L_0x600000da8070;  1 drivers
L_0x7fd1c6063200 .functor BUFT 1, C4<1001>, C4<0>, C4<0>, C4<0>;
v0x6000014b4a20_0 .net/2u *"_ivl_50", 3 0, L_0x7fd1c6063200;  1 drivers
v0x6000014b4ab0_0 .net *"_ivl_52", 0 0, L_0x6000017b4640;  1 drivers
v0x6000014b4b40_0 .net *"_ivl_55", 0 0, L_0x600000db0850;  1 drivers
v0x6000014b4bd0_0 .net *"_ivl_57", 0 0, L_0x6000017b46e0;  1 drivers
v0x6000014b4c60_0 .net *"_ivl_58", 0 0, L_0x600000db07e0;  1 drivers
v0x6000014b4cf0_0 .net *"_ivl_6", 0 0, L_0x6000017b80a0;  1 drivers
v0x6000014b4d80_0 .net *"_ivl_9", 0 0, L_0x600000da80e0;  1 drivers
v0x6000014b4e10_0 .var "br", 8 0;
v0x6000014b4ea0_0 .var "br_cnt", 8 0;
v0x6000014b4f30_0 .var "br_cnt2", 8 0;
v0x6000014b4fc0_0 .net "check_finish", 0 0, L_0x600000db08c0;  1 drivers
o0x7fd1c6032578 .functor BUFZ 1, C4<z>; HiZ drive
v0x6000014b5050_0 .net "clk", 0 0, o0x7fd1c6032578;  0 drivers
o0x7fd1c60325a8 .functor BUFZ 16, C4<zzzzzzzzzzzzzzzz>; HiZ drive
v0x6000014b50e0_0 .net "cmd_in", 15 0, o0x7fd1c60325a8;  0 drivers
v0x6000014b5170_0 .var "cmd_rdy", 0 0;
v0x6000014b5200_0 .var "cmd_temp", 15 0;
o0x7fd1c6032638 .functor BUFZ 1, C4<z>; HiZ drive
v0x6000014b5290_0 .net "cmd_vld", 0 0, o0x7fd1c6032638;  0 drivers
v0x6000014b5320_0 .net "nedge_rx", 0 0, L_0x6000017b4140;  1 drivers
v0x6000014b53b0_0 .net "read_data", 7 0, L_0x600000db09a0;  1 drivers
v0x6000014b5440_0 .net "read_rdy", 0 0, L_0x600000db0930;  1 drivers
o0x7fd1c60326f8 .functor BUFZ 1, C4<z>; HiZ drive
v0x6000014b54d0_0 .net "rst_n", 0 0, o0x7fd1c60326f8;  0 drivers
v0x6000014b5560_0 .net "rw_flag", 0 0, L_0x6000017b8000;  1 drivers
o0x7fd1c6032758 .functor BUFZ 1, C4<z>; HiZ drive
v0x6000014b55f0_0 .net "rx", 0 0, o0x7fd1c6032758;  0 drivers
v0x6000014b5680_0 .var "rx_cnt", 3 0;
v0x6000014b5710_0 .var "rx_data_buf", 7 0;
v0x6000014b57a0_0 .var "rx_dly", 2 0;
v0x6000014b5830_0 .net "rx_sync", 0 0, L_0x6000017b41e0;  1 drivers
v0x6000014b58c0_0 .var "rx_work_done", 0 0;
v0x6000014b5950_0 .net "rx_work_down", 0 0, L_0x600000db0770;  1 drivers
v0x6000014b59e0_0 .var "rx_work_en", 0 0;
v0x6000014b5a70_0 .var "tx", 0 0;
v0x6000014b5b00_0 .var "tx_cnt", 3 0;
v0x6000014b5b90_0 .var "tx_flag", 0 0;
v0x6000014b5c20_0 .var "tx_temp", 10 0;
v0x6000014b5cb0_0 .net "work_down", 0 0, L_0x600000db0700;  1 drivers
v0x6000014b5d40_0 .var "work_en", 0 0;
E_0x6000028bc210/0 .event negedge, v0x6000014b54d0_0;
E_0x6000028bc210/1 .event posedge, v0x6000014b5050_0;
E_0x6000028bc210 .event/or E_0x6000028bc210/0, E_0x6000028bc210/1;
E_0x6000028bc240/0 .event edge, v0x6000014b54d0_0;
E_0x6000028bc240/1 .event posedge, v0x6000014b5050_0;
E_0x6000028bc240 .event/or E_0x6000028bc240/0, E_0x6000028bc240/1;
L_0x6000017b8000 .part v0x6000014b5200_0, 15, 1;
L_0x6000017b80a0 .cmp/eq 9, v0x6000014b4ea0_0, v0x6000014b4e10_0;
L_0x6000017b8140 .concat [ 4 28 0 0], v0x6000014b5b00_0, L_0x7fd1c6063008;
L_0x6000017b4000 .cmp/eq 32, L_0x6000017b8140, L_0x7fd1c6063050;
L_0x6000017b40a0 .part v0x6000014b57a0_0, 1, 2;
L_0x6000017b4140 .cmp/eq 2, L_0x6000017b40a0, L_0x7fd1c6063098;
L_0x6000017b41e0 .part v0x6000014b57a0_0, 2, 1;
L_0x6000017b4280 .cmp/eq 9, v0x6000014b4f30_0, v0x6000014b4e10_0;
L_0x6000017b4320 .cmp/eq 4, v0x6000014b5680_0, L_0x7fd1c60630e0;
L_0x6000017b43c0 .concat [ 9 23 0 0], v0x6000014b4f30_0, L_0x7fd1c6063128;
L_0x6000017b4460 .concat [ 9 23 0 0], v0x6000014b4e10_0, L_0x7fd1c6063170;
L_0x6000017b4500 .arith/div 32, L_0x6000017b4460, L_0x7fd1c60631b8;
L_0x6000017b45a0 .cmp/eq 32, L_0x6000017b43c0, L_0x6000017b4500;
L_0x6000017b4640 .cmp/eq 4, v0x6000014b5680_0, L_0x7fd1c6063200;
L_0x6000017b46e0 .reduce/xnor v0x6000014b5710_0;
    .scope S_0x7fd1c4f043c0;
T_0 ;
    %pushi/vec4 434, 0, 9;
    %store/vec4 v0x6000014b4e10_0, 0, 9;
    %end;
    .thread T_0;
    .scope S_0x7fd1c4f043c0;
T_1 ;
    %wait E_0x6000028bc210;
    %load/vec4 v0x6000014b54d0_0;
    %nor/r;
    %flag_set/vec4 8;
    %jmp/0xz  T_1.0, 8;
    %pushi/vec4 0, 0, 1;
    %assign/vec4 v0x6000014b5d40_0, 0;
    %jmp T_1.1;
T_1.0 ;
    %load/vec4 v0x6000014b5cb0_0;
    %flag_set/vec4 8;
    %jmp/0xz  T_1.2, 8;
    %pushi/vec4 0, 0, 1;
    %assign/vec4 v0x6000014b5d40_0, 0;
    %jmp T_1.3;
T_1.2 ;
    %load/vec4 v0x6000014b5290_0;
    %flag_set/vec4 8;
    %jmp/0xz  T_1.4, 8;
    %pushi/vec4 1, 0, 1;
    %assign/vec4 v0x6000014b5d40_0, 0;
T_1.4 ;
T_1.3 ;
T_1.1 ;
    %jmp T_1;
    .thread T_1;
    .scope S_0x7fd1c4f043c0;
T_2 ;
    %wait E_0x6000028bc240;
    %load/vec4 v0x6000014b54d0_0;
    %nor/r;
    %flag_set/vec4 8;
    %jmp/0xz  T_2.0, 8;
    %pushi/vec4 1, 0, 1;
    %assign/vec4 v0x6000014b5170_0, 0;
    %jmp T_2.1;
T_2.0 ;
    %load/vec4 v0x6000014b5290_0;
    %flag_set/vec4 8;
    %jmp/0xz  T_2.2, 8;
    %pushi/vec4 0, 0, 1;
    %assign/vec4 v0x6000014b5170_0, 0;
    %jmp T_2.3;
T_2.2 ;
    %load/vec4 v0x6000014b5cb0_0;
    %flag_set/vec4 8;
    %jmp/0xz  T_2.4, 8;
    %pushi/vec4 1, 0, 1;
    %assign/vec4 v0x6000014b5170_0, 0;
T_2.4 ;
T_2.3 ;
T_2.1 ;
    %jmp T_2;
    .thread T_2;
    .scope S_0x7fd1c4f043c0;
T_3 ;
    %wait E_0x6000028bc210;
    %load/vec4 v0x6000014b54d0_0;
    %nor/r;
    %flag_set/vec4 8;
    %jmp/0xz  T_3.0, 8;
    %pushi/vec4 0, 0, 16;
    %assign/vec4 v0x6000014b5200_0, 0;
    %jmp T_3.1;
T_3.0 ;
    %load/vec4 v0x6000014b5290_0;
    %load/vec4 v0x6000014b5170_0;
    %and;
    %flag_set/vec4 8;
    %jmp/0xz  T_3.2, 8;
    %load/vec4 v0x6000014b50e0_0;
    %assign/vec4 v0x6000014b5200_0, 0;
T_3.2 ;
T_3.1 ;
    %jmp T_3;
    .thread T_3;
    .scope S_0x7fd1c4f043c0;
T_4 ;
    %wait E_0x6000028bc210;
    %load/vec4 v0x6000014b54d0_0;
    %nor/r;
    %flag_set/vec4 8;
    %jmp/0xz  T_4.0, 8;
    %pushi/vec4 0, 0, 11;
    %assign/vec4 v0x6000014b5c20_0, 0;
    %jmp T_4.1;
T_4.0 ;
    %load/vec4 v0x6000014b5290_0;
    %nor/r;
    %load/vec4 v0x6000014b5b90_0;
    %nor/r;
    %and;
    %flag_set/vec4 8;
    %jmp/0xz  T_4.2, 8;
    %pushi/vec4 0, 0, 1;
    %load/vec4 v0x6000014b5200_0;
    %parti/s 8, 8, 5;
    %concat/vec4; draw_concat_vec4
    %load/vec4 v0x6000014b5200_0;
    %parti/s 9, 7, 4;
    %xnor/r;
    %concat/vec4; draw_concat_vec4
    %concati/vec4 0, 0, 1;
    %assign/vec4 v0x6000014b5c20_0, 0;
    %jmp T_4.3;
T_4.2 ;
    %load/vec4 v0x6000014b5290_0;
    %nor/r;
    %load/vec4 v0x6000014b5b90_0;
    %and;
    %flag_set/vec4 8;
    %jmp/0xz  T_4.4, 8;
    %pushi/vec4 0, 0, 1;
    %load/vec4 v0x6000014b5200_0;
    %parti/s 8, 0, 2;
    %concat/vec4; draw_concat_vec4
    %load/vec4 v0x6000014b5200_0;
    %parti/s 8, 0, 2;
    %xnor/r;
    %concat/vec4; draw_concat_vec4
    %concati/vec4 0, 0, 1;
    %assign/vec4 v0x6000014b5c20_0, 0;
T_4.4 ;
T_4.3 ;
T_4.1 ;
    %jmp T_4;
    .thread T_4;
    .scope S_0x7fd1c4f043c0;
T_5 ;
    %wait E_0x6000028bc210;
    %load/vec4 v0x6000014b54d0_0;
    %nor/r;
    %flag_set/vec4 8;
    %jmp/0xz  T_5.0, 8;
    %pushi/vec4 0, 0, 9;
    %assign/vec4 v0x6000014b4ea0_0, 0;
    %jmp T_5.1;
T_5.0 ;
    %load/vec4 v0x6000014b4ea0_0;
    %load/vec4 v0x6000014b4e10_0;
    %cmp/e;
    %jmp/0xz  T_5.2, 4;
    %pushi/vec4 0, 0, 9;
    %assign/vec4 v0x6000014b4ea0_0, 0;
    %jmp T_5.3;
T_5.2 ;
    %load/vec4 v0x6000014b5d40_0;
    %load/vec4 v0x6000014b5b00_0;
    %pad/u 32;
    %cmpi/u 10, 0, 32;
    %flag_get/vec4 4;
    %flag_get/vec4 5;
    %or;
    %and;
    %flag_set/vec4 8;
    %jmp/0xz  T_5.4, 8;
    %load/vec4 v0x6000014b4ea0_0;
    %addi 1, 0, 9;
    %assign/vec4 v0x6000014b4ea0_0, 0;
T_5.4 ;
T_5.3 ;
T_5.1 ;
    %jmp T_5;
    .thread T_5;
    .scope S_0x7fd1c4f043c0;
T_6 ;
    %wait E_0x6000028bc210;
    %load/vec4 v0x6000014b54d0_0;
    %nor/r;
    %flag_set/vec4 8;
    %jmp/0xz  T_6.0, 8;
    %pushi/vec4 0, 0, 4;
    %assign/vec4 v0x6000014b5b00_0, 0;
    %jmp T_6.1;
T_6.0 ;
    %load/vec4 v0x6000014b5b00_0;
    %pad/u 32;
    %cmpi/e 11, 0, 32;
    %jmp/0xz  T_6.2, 4;
    %pushi/vec4 0, 0, 4;
    %assign/vec4 v0x6000014b5b00_0, 0;
    %jmp T_6.3;
T_6.2 ;
    %load/vec4 v0x6000014b4ea0_0;
    %load/vec4 v0x6000014b4e10_0;
    %cmp/e;
    %jmp/0xz  T_6.4, 4;
    %load/vec4 v0x6000014b5b00_0;
    %addi 1, 0, 4;
    %assign/vec4 v0x6000014b5b00_0, 0;
T_6.4 ;
T_6.3 ;
T_6.1 ;
    %jmp T_6;
    .thread T_6;
    .scope S_0x7fd1c4f043c0;
T_7 ;
    %wait E_0x6000028bc210;
    %load/vec4 v0x6000014b54d0_0;
    %nor/r;
    %flag_set/vec4 8;
    %jmp/0xz  T_7.0, 8;
    %pushi/vec4 0, 0, 1;
    %assign/vec4 v0x6000014b5b90_0, 0;
    %jmp T_7.1;
T_7.0 ;
    %load/vec4 v0x6000014b5b00_0;
    %pad/u 32;
    %pushi/vec4 10, 0, 32;
    %cmp/e;
    %flag_get/vec4 4;
    %load/vec4 v0x6000014b5560_0;
    %and;
    %load/vec4 v0x6000014b4ea0_0;
    %load/vec4 v0x6000014b4e10_0;
    %cmp/e;
    %flag_get/vec4 4;
    %and;
    %flag_set/vec4 8;
    %jmp/0xz  T_7.2, 8;
    %load/vec4 v0x6000014b5b90_0;
    %inv;
    %assign/vec4 v0x6000014b5b90_0, 0;
T_7.2 ;
T_7.1 ;
    %jmp T_7;
    .thread T_7;
    .scope S_0x7fd1c4f043c0;
T_8 ;
    %wait E_0x6000028bc210;
    %load/vec4 v0x6000014b54d0_0;
    %nor/r;
    %flag_set/vec4 8;
    %jmp/0xz  T_8.0, 8;
    %pushi/vec4 0, 0, 1;
    %assign/vec4 v0x6000014b5a70_0, 0;
    %jmp T_8.1;
T_8.0 ;
    %load/vec4 v0x6000014b5b00_0;
    %pad/u 32;
    %cmpi/u 1, 0, 32;
    %flag_inv 5; GE is !LT
    %jmp/0xz  T_8.2, 5;
    %load/vec4 v0x6000014b4ea0_0;
    %cmpi/ne 0, 0, 9;
    %jmp/0xz  T_8.4, 4;
    %load/vec4 v0x6000014b5c20_0;
    %pushi/vec4 10, 0, 32;
    %load/vec4 v0x6000014b5b00_0;
    %pad/u 32;
    %sub;
    %part/u 1;
    %assign/vec4 v0x6000014b5a70_0, 0;
    %jmp T_8.5;
T_8.4 ;
    %load/vec4 v0x6000014b5b00_0;
    %pad/u 32;
    %cmpi/e 0, 0, 32;
    %jmp/0xz  T_8.6, 4;
    %pushi/vec4 0, 0, 1;
    %assign/vec4 v0x6000014b5a70_0, 0;
T_8.6 ;
T_8.5 ;
T_8.2 ;
T_8.1 ;
    %jmp T_8;
    .thread T_8;
    .scope S_0x7fd1c4f043c0;
T_9 ;
    %wait E_0x6000028bc210;
    %load/vec4 v0x6000014b54d0_0;
    %nor/r;
    %flag_set/vec4 8;
    %jmp/0xz  T_9.0, 8;
    %pushi/vec4 0, 0, 3;
    %assign/vec4 v0x6000014b57a0_0, 0;
    %jmp T_9.1;
T_9.0 ;
    %load/vec4 v0x6000014b57a0_0;
    %parti/s 2, 0, 2;
    %load/vec4 v0x6000014b55f0_0;
    %concat/vec4; draw_concat_vec4
    %assign/vec4 v0x6000014b57a0_0, 0;
T_9.1 ;
    %jmp T_9;
    .thread T_9;
    .scope S_0x7fd1c4f043c0;
T_10 ;
    %wait E_0x6000028bc210;
    %load/vec4 v0x6000014b54d0_0;
    %nor/r;
    %flag_set/vec4 8;
    %jmp/0xz  T_10.0, 8;
    %pushi/vec4 0, 0, 1;
    %assign/vec4 v0x6000014b59e0_0, 0;
    %jmp T_10.1;
T_10.0 ;
    %load/vec4 v0x6000014b58c0_0;
    %flag_set/vec4 8;
    %jmp/0xz  T_10.2, 8;
    %pushi/vec4 0, 0, 1;
    %assign/vec4 v0x6000014b59e0_0, 0;
    %jmp T_10.3;
T_10.2 ;
    %load/vec4 v0x6000014b5320_0;
    %flag_set/vec4 8;
    %jmp/0xz  T_10.4, 8;
    %pushi/vec4 1, 0, 1;
    %assign/vec4 v0x6000014b59e0_0, 0;
T_10.4 ;
T_10.3 ;
T_10.1 ;
    %jmp T_10;
    .thread T_10;
    .scope S_0x7fd1c4f043c0;
T_11 ;
    %wait E_0x6000028bc210;
    %load/vec4 v0x6000014b54d0_0;
    %nor/r;
    %flag_set/vec4 8;
    %jmp/0xz  T_11.0, 8;
    %pushi/vec4 0, 0, 9;
    %assign/vec4 v0x6000014b4f30_0, 0;
    %jmp T_11.1;
T_11.0 ;
    %load/vec4 v0x6000014b4f30_0;
    %load/vec4 v0x6000014b4e10_0;
    %cmp/e;
    %jmp/0xz  T_11.2, 4;
    %pushi/vec4 0, 0, 9;
    %assign/vec4 v0x6000014b4f30_0, 0;
    %jmp T_11.3;
T_11.2 ;
    %load/vec4 v0x6000014b59e0_0;
    %load/vec4 v0x6000014b5680_0;
    %pad/u 32;
    %cmpi/u 11, 0, 32;
    %flag_get/vec4 4;
    %flag_get/vec4 5;
    %or;
    %and;
    %flag_set/vec4 8;
    %jmp/0xz  T_11.4, 8;
    %load/vec4 v0x6000014b4f30_0;
    %addi 1, 0, 9;
    %assign/vec4 v0x6000014b4f30_0, 0;
T_11.4 ;
T_11.3 ;
T_11.1 ;
    %jmp T_11;
    .thread T_11;
    .scope S_0x7fd1c4f043c0;
T_12 ;
    %wait E_0x6000028bc210;
    %load/vec4 v0x6000014b54d0_0;
    %nor/r;
    %flag_set/vec4 8;
    %jmp/0xz  T_12.0, 8;
    %pushi/vec4 0, 0, 4;
    %assign/vec4 v0x6000014b5680_0, 0;
    %jmp T_12.1;
T_12.0 ;
    %load/vec4 v0x6000014b5680_0;
    %pad/u 32;
    %cmpi/e 11, 0, 32;
    %jmp/0xz  T_12.2, 4;
    %pushi/vec4 0, 0, 4;
    %assign/vec4 v0x6000014b5680_0, 0;
    %jmp T_12.3;
T_12.2 ;
    %load/vec4 v0x6000014b4ea0_0;
    %load/vec4 v0x6000014b4e10_0;
    %cmp/e;
    %jmp/0xz  T_12.4, 4;
    %load/vec4 v0x6000014b5680_0;
    %addi 1, 0, 4;
    %assign/vec4 v0x6000014b5680_0, 0;
T_12.4 ;
T_12.3 ;
T_12.1 ;
    %jmp T_12;
    .thread T_12;
    .scope S_0x7fd1c4f043c0;
T_13 ;
    %wait E_0x6000028bc210;
    %load/vec4 v0x6000014b54d0_0;
    %nor/r;
    %flag_set/vec4 8;
    %jmp/0xz  T_13.0, 8;
    %pushi/vec4 0, 0, 8;
    %assign/vec4 v0x6000014b5710_0, 0;
    %jmp T_13.1;
T_13.0 ;
    %load/vec4 v0x6000014b4f30_0;
    %pushi/vec4 0, 0, 9;
    %cmp/ne;
    %flag_get/vec4 4;
    %load/vec4 v0x6000014b59e0_0;
    %and;
    %flag_set/vec4 8;
    %jmp/0xz  T_13.2, 8;
    %load/vec4 v0x6000014b5680_0;
    %pad/u 32;
    %cmpi/u 9, 0, 32;
    %flag_get/vec4 5;
    %load/vec4 v0x6000014b4f30_0;
    %pad/u 32;
    %load/vec4 v0x6000014b4e10_0;
    %pad/u 32;
    %pushi/vec4 2, 0, 32;
    %div;
    %cmp/e;
    %flag_get/vec4 4;
    %and;
    %flag_set/vec4 8;
    %jmp/0xz  T_13.4, 8;
    %load/vec4 v0x6000014b5710_0;
    %parti/s 7, 0, 2;
    %load/vec4 v0x6000014b5830_0;
    %concat/vec4; draw_concat_vec4
    %assign/vec4 v0x6000014b5710_0, 0;
    %jmp T_13.5;
T_13.4 ;
    %load/vec4 v0x6000014b59e0_0;
    %cmpi/e 0, 0, 1;
    %jmp/0xz  T_13.6, 4;
    %pushi/vec4 0, 0, 8;
    %assign/vec4 v0x6000014b5710_0, 0;
T_13.6 ;
T_13.5 ;
T_13.2 ;
T_13.1 ;
    %jmp T_13;
    .thread T_13;
# The file index is used to find the file name in the following table.
:file_names 3;
    "N/A";
    "<interactive>";
    "uart1.v";
