#! /usr/local/Cellar/icarus-verilog/11.0/bin/vvp
:ivl_version "11.0 (stable)";
:ivl_delay_selection "TYPICAL";
:vpi_time_precision + 0;
:vpi_module "/usr/local/Cellar/icarus-verilog/11.0/lib/ivl/system.vpi";
:vpi_module "/usr/local/Cellar/icarus-verilog/11.0/lib/ivl/vhdl_sys.vpi";
:vpi_module "/usr/local/Cellar/icarus-verilog/11.0/lib/ivl/vhdl_textio.vpi";
:vpi_module "/usr/local/Cellar/icarus-verilog/11.0/lib/ivl/v2005_math.vpi";
:vpi_module "/usr/local/Cellar/icarus-verilog/11.0/lib/ivl/va_math.vpi";
S_0x7fe7ded06860 .scope module, "Redge" "Redge" 2 1;
 .timescale 0 0;
    .port_info 0 /INPUT 1 "rstn";
    .port_info 1 /INPUT 1 "clk";
    .port_info 2 /INPUT 1 "din";
    .port_info 3 /OUTPUT 1 "pulse";
o0x7fe7dee32068 .functor BUFZ 1, C4<z>; HiZ drive
L_0x7fe7ded19be0 .functor AND 1, o0x7fe7dee32068, L_0x7fe7ded19b20, C4<1>, C4<1>;
v0x7fe7ded08e20_0 .net *"_ivl_1", 0 0, L_0x7fe7ded19b20;  1 drivers
o0x7fe7dee32038 .functor BUFZ 1, C4<z>; HiZ drive
v0x7fe7ded19790_0 .net "clk", 0 0, o0x7fe7dee32038;  0 drivers
v0x7fe7ded19830_0 .net "din", 0 0, o0x7fe7dee32068;  0 drivers
v0x7fe7ded198c0_0 .var "din_dly", 0 0;
v0x7fe7ded19960_0 .net "pulse", 0 0, L_0x7fe7ded19be0;  1 drivers
o0x7fe7dee320f8 .functor BUFZ 1, C4<z>; HiZ drive
v0x7fe7ded19a40_0 .net "rstn", 0 0, o0x7fe7dee320f8;  0 drivers
E_0x7fe7ded09080/0 .event negedge, v0x7fe7ded19a40_0;
E_0x7fe7ded09080/1 .event posedge, v0x7fe7ded19790_0;
E_0x7fe7ded09080 .event/or E_0x7fe7ded09080/0, E_0x7fe7ded09080/1;
L_0x7fe7ded19b20 .reduce/nor v0x7fe7ded198c0_0;
    .scope S_0x7fe7ded06860;
T_0 ;
    %wait E_0x7fe7ded09080;
    %load/vec4 v0x7fe7ded19a40_0;
    %nor/r;
    %flag_set/vec4 8;
    %jmp/0xz  T_0.0, 8;
    %pushi/vec4 0, 0, 1;
    %assign/vec4 v0x7fe7ded198c0_0, 0;
    %jmp T_0.1;
T_0.0 ;
    %load/vec4 v0x7fe7ded19830_0;
    %assign/vec4 v0x7fe7ded198c0_0, 0;
T_0.1 ;
    %jmp T_0;
    .thread T_0;
# The file index is used to find the file name in the following table.
:file_names 3;
    "N/A";
    "<interactive>";
    "Rising.v";
